info: ::ffff:127.0.0.1 - - [25/Jul/2024:07:33:36 +0000] "GET /api/v1/ HTTP/1.1" 200 9 "-" "Thunder Client (https://www.thunderclient.com)"

info: ::ffff:127.0.0.1 - - [25/Jul/2024:07:35:22 +0000] "GET /api/v1/ HTTP/1.1" 404 47 "-" "Thunder Client (https://www.thunderclient.com)"

info: ::ffff:127.0.0.1 - - [25/Jul/2024:07:35:49 +0000] "POST /api/v1/ HTTP/1.1" 200 9 "-" "Thunder Client (https://www.thunderclient.com)"

info: ::ffff:127.0.0.1 - - [25/Jul/2024:07:48:52 +0000] "GET /api/v1/users HTTP/1.1" 200 65 "-" "Thunder Client (https://www.thunderclient.com)"

info: ::ffff:127.0.0.1 - - [25/Jul/2024:07:49:51 +0000] "GET /api/v1/users/getdata HTTP/1.1" 200 65 "-" "Thunder Client (https://www.thunderclient.com)"

info: ::ffff:127.0.0.1 - - [25/Jul/2024:07:50:04 +0000] "POST /api/v1/users/getdata HTTP/1.1" 404 47 "-" "Thunder Client (https://www.thunderclient.com)"

info: ::ffff:127.0.0.1 - - [25/Jul/2024:07:52:34 +0000] "POST /api/v1/users HTTP/1.1" 201 209 "-" "Thunder Client (https://www.thunderclient.com)"

info: ::ffff:127.0.0.1 - - [25/Jul/2024:07:53:13 +0000] "POST /api/v1/users HTTP/1.1" 201 207 "-" "Thunder Client (https://www.thunderclient.com)"

info: ::ffff:127.0.0.1 - - [25/Jul/2024:07:53:32 +0000] "GET /api/v1/users/getdata HTTP/1.1" 200 366 "-" "Thunder Client (https://www.thunderclient.com)"

info: ::1 - - [25/Jul/2024:09:32:36 +0000] "GET /api/v1/ HTTP/1.1" 404 47 "-" "PostmanRuntime/7.40.0"

info: ::1 - - [25/Jul/2024:09:32:46 +0000] "GET /api/v1/getdata HTTP/1.1" 404 47 "-" "PostmanRuntime/7.40.0"

info: ::1 - - [25/Jul/2024:09:32:59 +0000] "GET /api/v1/getdata HTTP/1.1" 404 47 "-" "PostmanRuntime/7.40.0"

info: ::1 - - [25/Jul/2024:09:33:08 +0000] "GET /api/v1 HTTP/1.1" 404 47 "-" "PostmanRuntime/7.40.0"

info: ::1 - - [25/Jul/2024:09:33:42 +0000] "POST /api/v1/users HTTP/1.1" 201 190 "-" "PostmanRuntime/7.40.0"

info: ::1 - - [25/Jul/2024:09:33:56 +0000] "GET /api/v1/users HTTP/1.1" 404 47 "-" "PostmanRuntime/7.40.0"

info: ::1 - - [25/Jul/2024:09:34:05 +0000] "GET /api/v1/users/getdata HTTP/1.1" 200 499 "-" "PostmanRuntime/7.40.0"

info: ::1 - - [25/Jul/2024:09:42:07 +0000] "PUT /api/v1/users/1 HTTP/1.1" 202 76 "-" "PostmanRuntime/7.40.0"

info: ::1 - - [25/Jul/2024:09:42:28 +0000] "GET /api/v1/users/getdata HTTP/1.1" 200 497 "-" "PostmanRuntime/7.40.0"

info: ::1 - - [25/Jul/2024:09:48:51 +0000] "POST /api/v1/users HTTP/1.1" 201 194 "-" "PostmanRuntime/7.40.0"

info: ::1 - - [25/Jul/2024:09:49:19 +0000] "GET /api/v1/users HTTP/1.1" 404 47 "-" "PostmanRuntime/7.40.0"

info: ::1 - - [25/Jul/2024:09:49:31 +0000] "GET /api/v1/users/getdata HTTP/1.1" 200 634 "-" "PostmanRuntime/7.40.0"

info: ::1 - - [25/Jul/2024:09:52:40 +0000] "PUT /api/v1/users/13 HTTP/1.1" 202 78 "-" "PostmanRuntime/7.40.0"

info: ::1 - - [25/Jul/2024:15:59:51 +0000] "PUT /api/v1/users HTTP/1.1" 404 47 "-" "PostmanRuntime/7.40.0"

info: ::1 - - [25/Jul/2024:16:00:01 +0000] "GET /api/v1/users HTTP/1.1" 404 47 "-" "PostmanRuntime/7.40.0"

info: ::1 - - [25/Jul/2024:16:00:42 +0000] "GET /api/v1/users HTTP/1.1" 404 47 "-" "PostmanRuntime/7.40.0"

info: ::1 - - [25/Jul/2024:16:00:51 +0000] "GET /api/v1/users HTTP/1.1" 404 47 "-" "PostmanRuntime/7.40.0"

info: ::1 - - [25/Jul/2024:16:01:02 +0000] "GET /api/v1/users/getdata HTTP/1.1" 200 634 "-" "PostmanRuntime/7.40.0"

info: ::1 - - [25/Jul/2024:16:05:19 +0000] "GET /api/v1/ HTTP/1.1" 404 47 "-" "PostmanRuntime/7.40.0"

info: ::1 - - [25/Jul/2024:16:05:42 +0000] "GET /api/v1/ HTTP/1.1" 404 47 "-" "PostmanRuntime/7.40.0"

info: ::ffff:127.0.0.1 - - [25/Jul/2024:16:06:13 +0000] "POST /api/v1/ HTTP/1.1" 200 9 "-" "Thunder Client (https://www.thunderclient.com)"

info: ::ffff:127.0.0.1 - - [25/Jul/2024:16:06:25 +0000] "GET /api/v1/ HTTP/1.1" 404 47 "-" "Thunder Client (https://www.thunderclient.com)"

info: ::1 - - [25/Jul/2024:16:06:36 +0000] "POST /api/v1/ HTTP/1.1" 200 9 "-" "PostmanRuntime/7.40.0"

info: ::1 - - [26/Jul/2024:03:41:06 +0000] "PUT /api/v1/3 HTTP/1.1" 404 47 "-" "PostmanRuntime/7.40.0"

info: ::1 - - [26/Jul/2024:03:43:05 +0000] "PUT /api/v1/1 HTTP/1.1" 404 47 "-" "PostmanRuntime/7.40.0"

info: ::1 - - [26/Jul/2024:03:43:15 +0000] "PUT /api/v1/users/1 HTTP/1.1" 202 78 "-" "PostmanRuntime/7.40.0"

info: ::1 - - [26/Jul/2024:03:44:56 +0000] "DELETE /api/v1/users/3 HTTP/1.1" 200 60 "-" "PostmanRuntime/7.40.0"

info: ::1 - - [26/Jul/2024:06:23:04 +0000] "PUT /api/v1/users/2 HTTP/1.1" 202 80 "-" "PostmanRuntime/7.40.0"

info: ::1 - - [26/Jul/2024:06:23:25 +0000] "DELETE /api/v1/users/1 HTTP/1.1" 200 60 "-" "PostmanRuntime/7.40.0"

info: ::1 - - [26/Jul/2024:06:23:40 +0000] "GET /api/v1/users/getdata HTTP/1.1" 200 355 "-" "PostmanRuntime/7.40.0"

info: ::1 - - [26/Jul/2024:06:24:12 +0000] "GET /api/v1/users/2 HTTP/1.1" 400 56 "-" "PostmanRuntime/7.40.0"

info: ::1 - - [29/Jul/2024:07:26:55 +0000] "GET /api/v1/ HTTP/1.1" 404 47 "-" "PostmanRuntime/7.40.0"

info: ::1 - - [29/Jul/2024:07:27:07 +0000] "GET /api/v1/users HTTP/1.1" 404 47 "-" "PostmanRuntime/7.40.0"

info: ::1 - - [29/Jul/2024:07:27:14 +0000] "GET /api/v1/users/getdata HTTP/1.1" 200 65 "-" "PostmanRuntime/7.40.0"

info: ::1 - - [29/Jul/2024:07:29:55 +0000] "POST /api/v1/users HTTP/1.1" 500 88 "-" "PostmanRuntime/7.40.0"

info: ::1 - - [29/Jul/2024:07:32:41 +0000] "POST /api/v1/users HTTP/1.1" 201 254 "-" "PostmanRuntime/7.40.0"

info: ::1 - - [29/Jul/2024:07:33:27 +0000] "POST /api/v1/users HTTP/1.1" 201 254 "-" "PostmanRuntime/7.40.0"

info: ::1 - - [29/Jul/2024:07:36:11 +0000] "POST /api/v1/users HTTP/1.1" 201 251 "-" "PostmanRuntime/7.40.0"

info: ::1 - - [29/Jul/2024:08:43:56 +0000] "POST /api/v1/users/login HTTP/1.1" 500 77 "-" "PostmanRuntime/7.40.0"

info: ::1 - - [29/Jul/2024:08:44:48 +0000] "POST /api/v1/users/login HTTP/1.1" 500 77 "-" "PostmanRuntime/7.40.0"

info: ::1 - - [29/Jul/2024:08:49:52 +0000] "POST /api/v1/users/login HTTP/1.1" 201 50 "-" "PostmanRuntime/7.40.0"

info: ::1 - - [29/Jul/2024:08:51:30 +0000] "POST /api/v1/users/login HTTP/1.1" 201 50 "-" "PostmanRuntime/7.40.0"

info: ::1 - - [29/Jul/2024:08:53:09 +0000] "POST /api/v1/users/login HTTP/1.1" 201 47 "-" "PostmanRuntime/7.40.0"

info: ::1 - - [29/Jul/2024:08:54:14 +0000] "POST /api/v1/users/login HTTP/1.1" 201 47 "-" "PostmanRuntime/7.40.0"

info: ::1 - - [29/Jul/2024:08:55:26 +0000] "POST /api/v1/users/login HTTP/1.1" 201 47 "-" "PostmanRuntime/7.40.0"

info: ::1 - - [29/Jul/2024:08:56:57 +0000] "POST /api/v1/users/login HTTP/1.1" 201 47 "-" "PostmanRuntime/7.40.0"

info: ::1 - - [29/Jul/2024:08:58:28 +0000] "POST /api/v1/users HTTP/1.1" 201 251 "-" "PostmanRuntime/7.40.0"

info: ::1 - - [29/Jul/2024:08:59:50 +0000] "POST /api/v1/users/login HTTP/1.1" 201 47 "-" "PostmanRuntime/7.40.0"

info: ::1 - - [29/Jul/2024:09:00:41 +0000] "POST /api/v1/users/login HTTP/1.1" 201 47 "-" "PostmanRuntime/7.40.0"

info: ::1 - - [29/Jul/2024:09:00:51 +0000] "POST /api/v1/users/login HTTP/1.1" 201 47 "-" "PostmanRuntime/7.40.0"

info: ::1 - - [29/Jul/2024:09:04:37 +0000] "POST /api/v1/users/login HTTP/1.1" 201 47 "-" "PostmanRuntime/7.40.0"

info: ::1 - - [29/Jul/2024:09:04:56 +0000] "POST /api/v1/users/login HTTP/1.1" 201 47 "-" "PostmanRuntime/7.40.0"

info: ::1 - - [29/Jul/2024:09:09:50 +0000] "POST /api/v1/users/login HTTP/1.1" 201 59 "-" "PostmanRuntime/7.40.0"

info: ::1 - - [29/Jul/2024:09:18:19 +0000] "POST /api/v1/users/login HTTP/1.1" 500 77 "-" "PostmanRuntime/7.40.0"

info: ::1 - - [29/Jul/2024:09:25:20 +0000] "POST /api/v1/users/login HTTP/1.1" 200 248 "-" "PostmanRuntime/7.40.0"

info: ::1 - - [29/Jul/2024:09:25:50 +0000] "POST /api/v1/users/login HTTP/1.1" 200 248 "-" "PostmanRuntime/7.40.0"

info: ::1 - - [29/Jul/2024:09:37:28 +0000] "POST /api/v1/users/login HTTP/1.1" 500 77 "-" "PostmanRuntime/7.40.0"

info: ::1 - - [29/Jul/2024:09:48:33 +0000] "POST /api/v1/users/login HTTP/1.1" 201 47 "-" "PostmanRuntime/7.40.0"

info: ::1 - - [29/Jul/2024:09:53:08 +0000] "POST /api/v1/users/login HTTP/1.1" 201 47 "-" "PostmanRuntime/7.40.0"

info: ::1 - - [29/Jul/2024:09:58:28 +0000] "POST /api/v1/users/login HTTP/1.1" 201 47 "-" "PostmanRuntime/7.40.0"

info: ::1 - - [30/Jul/2024:03:17:24 +0000] "POST /api/v1/users/login HTTP/1.1" 401 50 "-" "PostmanRuntime/7.40.0"

info: ::1 - - [30/Jul/2024:03:18:21 +0000] "POST /api/v1/users/login HTTP/1.1" 201 248 "-" "PostmanRuntime/7.40.0"

info: ::1 - - [30/Jul/2024:05:59:25 +0000] "POST /api/v1/users HTTP/1.1" 201 254 "-" "PostmanRuntime/7.40.0"

info: ::1 - - [30/Jul/2024:05:59:48 +0000] "POST /api/v1/users HTTP/1.1" 201 254 "-" "PostmanRuntime/7.40.0"

info: ::1 - - [31/Jul/2024:04:51:18 +0000] "POST /api/v1/users/login HTTP/1.1" 201 248 "-" "PostmanRuntime/7.40.0"

info: ::1 - - [31/Jul/2024:04:51:38 +0000] "POST /api/v1/users/login HTTP/1.1" 500 71 "-" "PostmanRuntime/7.40.0"

info: ::1 - - [31/Jul/2024:04:52:57 +0000] "POST /api/v1/users/login HTTP/1.1" 500 71 "-" "PostmanRuntime/7.40.0"

info: ::1 - - [31/Jul/2024:04:54:56 +0000] "POST /api/v1/users/login HTTP/1.1" 500 71 "-" "PostmanRuntime/7.40.0"

info: ::1 - - [31/Jul/2024:04:55:12 +0000] "POST /api/v1/users/login HTTP/1.1" 201 251 "-" "PostmanRuntime/7.40.0"

info: ::1 - - [31/Jul/2024:05:15:24 +0000] "POST /api/v1/users HTTP/1.1" 404 47 "-" "PostmanRuntime/7.40.0"

info: ::1 - - [31/Jul/2024:05:15:36 +0000] "POST /api/v1/users/signup HTTP/1.1" 500 61 "-" "PostmanRuntime/7.40.0"

info: ::1 - - [31/Jul/2024:05:16:39 +0000] "POST /api/v1/users/signup HTTP/1.1" 201 306 "-" "PostmanRuntime/7.40.0"

info: ::1 - - [31/Jul/2024:05:31:38 +0000] "POST /api/v1/users/login HTTP/1.1" 500 62 "-" "PostmanRuntime/7.40.0"

info: ::1 - - [31/Jul/2024:05:35:08 +0000] "POST /api/v1/users/login HTTP/1.1" 401 50 "-" "PostmanRuntime/7.40.0"

info: ::1 - - [31/Jul/2024:05:43:11 +0000] "POST /api/v1/users/login HTTP/1.1" 500 62 "-" "PostmanRuntime/7.40.0"

info: ::1 - - [31/Jul/2024:05:44:20 +0000] "POST /api/v1/users/login HTTP/1.1" 500 62 "-" "PostmanRuntime/7.40.0"

info: ::1 - - [31/Jul/2024:05:47:14 +0000] "POST /api/v1/users/login HTTP/1.1" 500 62 "-" "PostmanRuntime/7.40.0"

info: ::1 - - [31/Jul/2024:05:47:39 +0000] "POST /api/v1/users/signup HTTP/1.1" 201 308 "-" "PostmanRuntime/7.40.0"

info: ::1 - - [31/Jul/2024:05:49:18 +0000] "POST /api/v1/users/login HTTP/1.1" 500 62 "-" "PostmanRuntime/7.40.0"

info: ::1 - - [31/Jul/2024:05:53:24 +0000] "POST /api/v1/users/login HTTP/1.1" 201 305 "-" "PostmanRuntime/7.40.0"

info: ::1 - - [31/Jul/2024:05:54:41 +0000] "POST /api/v1/users/login HTTP/1.1" 500 62 "-" "PostmanRuntime/7.40.0"

info: ::1 - - [31/Jul/2024:05:58:53 +0000] "POST /api/v1/users/login HTTP/1.1" 201 305 "-" "PostmanRuntime/7.40.0"

info: ::1 - - [31/Jul/2024:05:59:55 +0000] "POST /api/v1/users/login HTTP/1.1" 500 62 "-" "PostmanRuntime/7.40.0"

info: ::1 - - [31/Jul/2024:06:29:07 +0000] "POST /api/v1/users/login HTTP/1.1" 500 62 "-" "PostmanRuntime/7.40.0"

info: ::1 - - [31/Jul/2024:06:30:31 +0000] "POST /api/v1/users/login HTTP/1.1" 500 62 "-" "PostmanRuntime/7.40.0"

info: ::1 - - [31/Jul/2024:06:56:41 +0000] "POST /api/v1/users/login HTTP/1.1" 201 305 "-" "PostmanRuntime/7.40.0"

info: ::1 - - [31/Jul/2024:06:58:41 +0000] "POST /api/v1/users/login HTTP/1.1" 500 62 "-" "PostmanRuntime/7.40.0"

info: ::1 - - [31/Jul/2024:07:08:21 +0000] "POST /api/v1/users/login HTTP/1.1" 201 305 "-" "PostmanRuntime/7.40.0"

info: ::1 - - [02/Aug/2024:04:32:43 +0000] "POST /api/v1/users/login HTTP/1.1" 201 305 "-" "PostmanRuntime/7.40.0"

info: ::1 - - [02/Aug/2024:04:34:09 +0000] "POST /api/v1/users/login HTTP/1.1" 401 50 "-" "PostmanRuntime/7.40.0"

info: ::1 - - [02/Aug/2024:04:38:08 +0000] "POST /api/v1/users/login HTTP/1.1" 401 50 "-" "PostmanRuntime/7.40.0"

info: ::1 - - [02/Aug/2024:04:38:10 +0000] "POST /api/v1/users/login HTTP/1.1" 401 50 "-" "PostmanRuntime/7.40.0"

info: ::1 - - [02/Aug/2024:04:38:24 +0000] "POST /api/v1/users/login HTTP/1.1" 401 50 "-" "PostmanRuntime/7.40.0"

info: ::1 - - [02/Aug/2024:04:43:37 +0000] "POST /api/v1/users/login HTTP/1.1" 201 538 "-" "PostmanRuntime/7.40.0"

info: ::1 - - [02/Aug/2024:04:45:02 +0000] "POST /api/v1/users/login HTTP/1.1" 201 538 "-" "PostmanRuntime/7.40.0"

info: ::1 - - [02/Aug/2024:04:55:34 +0000] "POST /api/v1/users/login HTTP/1.1" 201 528 "-" "PostmanRuntime/7.40.0"

info: ::1 - - [02/Aug/2024:09:25:36 +0000] "POST /api/v1/users/login HTTP/1.1" 201 528 "-" "PostmanRuntime/7.40.0"

info: ::1 - - [04/Aug/2024:15:50:28 +0000] "GET /api/v1/notes/create HTTP/1.1" 404 47 "-" "PostmanRuntime/7.40.0"

info: ::1 - - [04/Aug/2024:15:57:37 +0000] "GET /api/v1/notes/create HTTP/1.1" 404 47 "-" "PostmanRuntime/7.40.0"

info: ::1 - - [04/Aug/2024:15:57:42 +0000] "GET /api/v1/notes/create HTTP/1.1" 404 47 "-" "PostmanRuntime/7.40.0"

info: ::1 - - [04/Aug/2024:16:01:44 +0000] "POST /api/v1/notes/create HTTP/1.1" 201 253 "-" "PostmanRuntime/7.40.0"

info: ::1 - - [05/Aug/2024:04:07:25 +0000] "POST /api/v1/notes/create HTTP/1.1" 201 267 "-" "PostmanRuntime/7.40.0"

info: ::1 - - [05/Aug/2024:04:08:58 +0000] "POST /api/v1/notes/create HTTP/1.1" 201 267 "-" "PostmanRuntime/7.40.0"

info: ::1 - - [05/Aug/2024:04:10:03 +0000] "POST /api/v1/notes/create HTTP/1.1" 201 267 "-" "PostmanRuntime/7.40.0"

info: ::1 - - [05/Aug/2024:04:10:25 +0000] "POST /api/v1/notes/create HTTP/1.1" 201 267 "-" "PostmanRuntime/7.40.0"

info: ::1 - - [05/Aug/2024:04:11:32 +0000] "POST /api/v1/notes/create HTTP/1.1" 201 266 "-" "PostmanRuntime/7.40.0"

info: ::1 - - [05/Aug/2024:04:12:01 +0000] "POST /api/v1/notes/create HTTP/1.1" 500 68 "-" "PostmanRuntime/7.40.0"

info: ::1 - - [05/Aug/2024:04:12:37 +0000] "POST /api/v1/notes/create HTTP/1.1" 201 266 "-" "PostmanRuntime/7.40.0"

info: ::1 - - [05/Aug/2024:04:26:13 +0000] "GET /api/v1/notes/getById/1 HTTP/1.1" 201 50 "-" "PostmanRuntime/7.40.0"

info: ::1 - - [05/Aug/2024:04:30:46 +0000] "GET /api/v1/notes/getById/1 HTTP/1.1" 201 50 "-" "PostmanRuntime/7.40.0"

info: ::1 - - [05/Aug/2024:04:31:49 +0000] "GET /api/v1/notes/getById/1 HTTP/1.1" 201 50 "-" "PostmanRuntime/7.40.0"

info: ::1 - - [05/Aug/2024:04:32:13 +0000] "GET /api/v1/notes/getById/1 HTTP/1.1" 201 50 "-" "PostmanRuntime/7.40.0"

info: ::1 - - [05/Aug/2024:04:35:36 +0000] "GET /api/v1/notes/getById/1 HTTP/1.1" 201 50 "-" "PostmanRuntime/7.40.0"

info: ::1 - - [05/Aug/2024:04:40:17 +0000] "GET /api/v1/notes/getById/1 HTTP/1.1" 201 50 "-" "PostmanRuntime/7.40.0"

info: ::1 - - [05/Aug/2024:04:41:01 +0000] "GET /api/v1/notes/getById/1 HTTP/1.1" 201 50 "-" "PostmanRuntime/7.40.0"

info: ::1 - - [05/Aug/2024:04:43:12 +0000] "GET /api/v1/notes/getById/1 HTTP/1.1" 201 319 "-" "PostmanRuntime/7.40.0"

info: ::1 - - [05/Aug/2024:04:45:01 +0000] "GET /api/v1/notes/getById/1 HTTP/1.1" 200 261 "-" "PostmanRuntime/7.40.0"

info: ::1 - - [05/Aug/2024:04:46:27 +0000] "GET /api/v1/notes/getById/getAll HTTP/1.1" 404 55 "-" "PostmanRuntime/7.40.0"

info: ::1 - - [05/Aug/2024:04:51:28 +0000] "GET /api/v1/notes/getAll HTTP/1.1" 200 269 "-" "PostmanRuntime/7.40.0"

info: ::1 - - [05/Aug/2024:04:52:00 +0000] "POST /api/v1/notes/create HTTP/1.1" 201 268 "-" "PostmanRuntime/7.40.0"

info: ::1 - - [05/Aug/2024:04:52:31 +0000] "POST /api/v1/notes/create HTTP/1.1" 201 268 "-" "PostmanRuntime/7.40.0"

info: ::1 - - [05/Aug/2024:04:54:00 +0000] "GET /api/v1/notes/getById/1 HTTP/1.1" 200 261 "-" "PostmanRuntime/7.40.0"

info: ::1 - - [05/Aug/2024:05:18:59 +0000] "DELETE /api/v1/notes/delete/1 HTTP/1.1" 200 50 "-" "PostmanRuntime/7.40.0"

info: ::1 - - [05/Aug/2024:05:31:05 +0000] "GET /api/v1/notes/update/1 HTTP/1.1" 404 47 "-" "PostmanRuntime/7.40.0"

info: ::1 - - [05/Aug/2024:05:31:20 +0000] "PUT /api/v1/notes/update/1 HTTP/1.1" 200 50 "-" "PostmanRuntime/7.40.0"

info: ::1 - - [05/Aug/2024:05:32:42 +0000] "PUT /api/v1/notes/update/1 HTTP/1.1" 200 50 "-" "PostmanRuntime/7.40.0"

info: ::1 - - [05/Aug/2024:05:32:52 +0000] "PUT /api/v1/notes/update/2 HTTP/1.1" 200 50 "-" "PostmanRuntime/7.40.0"

info: ::1 - - [05/Aug/2024:05:34:53 +0000] "PUT /api/v1/notes/update/3 HTTP/1.1" 200 61 "-" "PostmanRuntime/7.40.0"

info: ::1 - - [05/Aug/2024:06:07:08 +0000] "POST /api/v1/notes/create HTTP/1.1" 201 263 "-" "PostmanRuntime/7.40.0"

info: ::1 - - [05/Aug/2024:06:08:16 +0000] "DELETE /api/v1/notes/delete/3 HTTP/1.1" 200 50 "-" "PostmanRuntime/7.40.0"

info: ::1 - - [05/Aug/2024:06:08:21 +0000] "DELETE /api/v1/notes/delete/4 HTTP/1.1" 200 50 "-" "PostmanRuntime/7.40.0"

info: ::1 - - [05/Aug/2024:06:08:55 +0000] "POST /api/v1/notes/create HTTP/1.1" 201 265 "-" "PostmanRuntime/7.40.0"

info: ::1 - - [05/Aug/2024:06:09:11 +0000] "POST /api/v1/notes/create HTTP/1.1" 201 266 "-" "PostmanRuntime/7.40.0"

info: ::1 - - [05/Aug/2024:06:09:33 +0000] "POST /api/v1/notes/create HTTP/1.1" 201 269 "-" "PostmanRuntime/7.40.0"

info: ::1 - - [05/Aug/2024:06:11:23 +0000] "POST /api/v1/notes/create HTTP/1.1" 201 265 "-" "PostmanRuntime/7.40.0"

info: ::1 - - [05/Aug/2024:07:42:22 +0000] "POST /api/v1/users/login HTTP/1.1" 201 528 "-" "PostmanRuntime/7.40.0"

info: ::1 - - [05/Aug/2024:07:53:47 +0000] "POST /api/v1/notes HTTP/1.1" 500 85 "-" "PostmanRuntime/7.40.0"

info: ::1 - - [05/Aug/2024:08:42:32 +0000] "POST /api/v1/notes HTTP/1.1" 500 85 "-" "PostmanRuntime/7.40.0"

info: ::1 - - [05/Aug/2024:08:47:23 +0000] "POST /api/v1/notes HTTP/1.1" 500 85 "-" "PostmanRuntime/7.40.0"

info: ::1 - - [05/Aug/2024:08:48:36 +0000] "POST /api/v1/users/login HTTP/1.1" 201 528 "-" "PostmanRuntime/7.40.0"

info: ::1 - - [05/Aug/2024:08:53:37 +0000] "POST /api/v1/notes HTTP/1.1" 500 85 "-" "PostmanRuntime/7.40.0"

info: ::1 - - [05/Aug/2024:08:58:28 +0000] "POST /api/v1/notes HTTP/1.1" 500 85 "-" "PostmanRuntime/7.40.0"

info: ::1 - - [05/Aug/2024:09:00:19 +0000] "POST /api/v1/notes HTTP/1.1" 201 252 "-" "PostmanRuntime/7.40.0"

info: ::1 - - [05/Aug/2024:09:17:34 +0000] "POST /api/v1/users/login HTTP/1.1" 201 540 "-" "PostmanRuntime/7.40.0"

info: ::1 - - [05/Aug/2024:09:18:29 +0000] "POST /api/v1/users/login HTTP/1.1" 201 540 "-" "PostmanRuntime/7.40.0"

info: ::1 - - [05/Aug/2024:09:21:22 +0000] "POST /api/v1/notes HTTP/1.1" 201 252 "-" "PostmanRuntime/7.40.0"

info: ::1 - - [05/Aug/2024:09:22:53 +0000] "POST /api/v1/users/login HTTP/1.1" 201 538 "-" "PostmanRuntime/7.40.0"

info: ::1 - - [05/Aug/2024:09:23:27 +0000] "POST /api/v1/notes HTTP/1.1" 500 85 "-" "PostmanRuntime/7.40.0"

info: ::1 - - [05/Aug/2024:09:25:53 +0000] "POST /api/v1/notes HTTP/1.1" 201 252 "-" "PostmanRuntime/7.40.0"

info: ::1 - - [05/Aug/2024:09:29:07 +0000] "POST /api/v1/notes HTTP/1.1" 201 252 "-" "PostmanRuntime/7.40.0"

info: ::1 - - [05/Aug/2024:09:30:08 +0000] "POST /api/v1/notes HTTP/1.1" 201 252 "-" "PostmanRuntime/7.40.0"

info: ::1 - - [05/Aug/2024:09:36:45 +0000] "POST /api/v1/notes HTTP/1.1" 401 38 "-" "PostmanRuntime/7.40.0"

info: ::1 - - [05/Aug/2024:09:39:48 +0000] "POST /api/v1/notes HTTP/1.1" 500 85 "-" "PostmanRuntime/7.40.0"

info: ::1 - - [05/Aug/2024:09:53:08 +0000] "POST /api/v1/users/login HTTP/1.1" 201 538 "-" "PostmanRuntime/7.40.0"

info: ::1 - - [05/Aug/2024:09:53:23 +0000] "POST /api/v1/notes HTTP/1.1" 401 38 "-" "PostmanRuntime/7.40.0"

info: ::1 - - [05/Aug/2024:09:55:48 +0000] "POST /api/v1/users/login HTTP/1.1" 201 538 "-" "PostmanRuntime/7.40.0"

info: ::1 - - [05/Aug/2024:09:56:06 +0000] "POST /api/v1/notes HTTP/1.1" 401 38 "-" "PostmanRuntime/7.40.0"

info: ::1 - - [05/Aug/2024:10:00:39 +0000] "POST /api/v1/users/login HTTP/1.1" 201 538 "-" "PostmanRuntime/7.40.0"

info: ::1 - - [05/Aug/2024:10:00:57 +0000] "POST /api/v1/notes HTTP/1.1" 401 38 "-" "PostmanRuntime/7.40.0"

info: ::1 - - [05/Aug/2024:10:01:40 +0000] "POST /api/v1/notes HTTP/1.1" 401 27 "-" "PostmanRuntime/7.40.0"

info: ::1 - - [05/Aug/2024:10:02:23 +0000] "POST /api/v1/notes HTTP/1.1" 401 27 "-" "PostmanRuntime/7.40.0"

info: ::1 - - [05/Aug/2024:10:02:36 +0000] "POST /api/v1/notes HTTP/1.1" 401 38 "-" "PostmanRuntime/7.40.0"

info: ::1 - - [05/Aug/2024:10:03:08 +0000] "POST /api/v1/notes HTTP/1.1" 201 252 "-" "PostmanRuntime/7.40.0"

info: ::1 - - [05/Aug/2024:10:24:28 +0000] "GET /api/v1/notes/getById/1 HTTP/1.1" 404 47 "-" "PostmanRuntime/7.40.0"

info: ::1 - - [05/Aug/2024:10:24:55 +0000] "GET /api/v1/notes/1 HTTP/1.1" 400 56 "-" "PostmanRuntime/7.40.0"

info: ::1 - - [05/Aug/2024:10:25:42 +0000] "GET /api/v1/notes/1 HTTP/1.1" 400 56 "-" "PostmanRuntime/7.40.0"

info: ::1 - - [05/Aug/2024:10:26:02 +0000] "POST /api/v1/users/login HTTP/1.1" 201 538 "-" "PostmanRuntime/7.40.0"

info: ::1 - - [05/Aug/2024:10:26:32 +0000] "GET /api/v1/notes/1 HTTP/1.1" 200 247 "-" "PostmanRuntime/7.40.0"

info: ::1 - - [05/Aug/2024:10:28:26 +0000] "GET /api/v1/notes/1 HTTP/1.1" 200 247 "-" "PostmanRuntime/7.40.0"

info: ::1 - - [05/Aug/2024:10:41:58 +0000] "GET /api/v1/notes HTTP/1.1" 400 56 "-" "PostmanRuntime/7.40.0"

info: ::1 - - [05/Aug/2024:10:42:28 +0000] "GET /api/v1/notes/1 HTTP/1.1" 200 247 "-" "PostmanRuntime/7.40.0"

info: ::1 - - [05/Aug/2024:10:43:55 +0000] "GET /api/v1/notes HTTP/1.1" 400 56 "-" "PostmanRuntime/7.40.0"

info: ::1 - - [05/Aug/2024:10:44:25 +0000] "GET /api/v1/notes HTTP/1.1" 201 1288 "-" "PostmanRuntime/7.40.0"

info: ::1 - - [05/Aug/2024:10:46:33 +0000] "GET /api/v1/notes/1 HTTP/1.1" 201 305 "-" "PostmanRuntime/7.40.0"

info: ::1 - - [05/Aug/2024:10:59:32 +0000] "DELETE /api/v1/notes/delete/4 HTTP/1.1" 201 252 "-" "PostmanRuntime/7.40.0"

info: ::1 - - [06/Aug/2024:04:09:58 +0000] "POST /api/v1/users/login HTTP/1.1" 201 538 "-" "PostmanRuntime/7.40.0"

info: ::1 - - [06/Aug/2024:04:11:22 +0000] "PUT /api/v1/notes/update/3 HTTP/1.1" 201 50 "-" "PostmanRuntime/7.40.0"

info: ::1 - - [06/Aug/2024:04:21:51 +0000] "POST /api/v1/users/login HTTP/1.1" 201 269 "-" "PostmanRuntime/7.40.0"

info: ::1 - - [06/Aug/2024:04:23:48 +0000] "GET /api/v1/notes/1 HTTP/1.1" 201 252 "-" "PostmanRuntime/7.40.0"

info: ::1 - - [06/Aug/2024:04:24:07 +0000] "DELETE /api/v1/notes/delete/4 HTTP/1.1" 500 85 "-" "PostmanRuntime/7.40.0"

info: ::1 - - [06/Aug/2024:04:25:53 +0000] "DELETE /api/v1/notes/delete/4 HTTP/1.1" - - "-" "PostmanRuntime/7.40.0"

info: ::1 - - [06/Aug/2024:04:26:40 +0000] "DELETE /api/v1/notes/delete/4 HTTP/1.1" 500 85 "-" "PostmanRuntime/7.40.0"

info: ::1 - - [06/Aug/2024:04:26:56 +0000] "DELETE /api/v1/notes/delete/5 HTTP/1.1" 201 252 "-" "PostmanRuntime/7.40.0"

info: ::1 - - [06/Aug/2024:05:21:46 +0000] "GET /api/v1/notes/2 HTTP/1.1" 201 252 "-" "PostmanRuntime/7.40.0"

info: ::1 - - [06/Aug/2024:05:22:33 +0000] "PUT /api/v1/notes/update/3 HTTP/1.1" 201 50 "-" "PostmanRuntime/7.40.0"

info: ::1 - - [06/Aug/2024:06:29:22 +0000] "GET /api/v1/notes/2 HTTP/1.1" 201 252 "-" "PostmanRuntime/7.40.0"

info: ::1 - - [06/Aug/2024:07:30:44 +0000] "POST /api/v1/users/login HTTP/1.1" 201 269 "-" "PostmanRuntime/7.40.0"

info: ::1 - - [06/Aug/2024:07:31:21 +0000] "POST /api/v1/notes HTTP/1.1" 201 248 "-" "PostmanRuntime/7.40.0"

info: ::1 - - [06/Aug/2024:07:34:20 +0000] "POST /api/v1/notes HTTP/1.1" 500 51 "-" "PostmanRuntime/7.40.0"

info: ::1 - - [06/Aug/2024:07:34:56 +0000] "POST /api/v1/users/login HTTP/1.1" 201 269 "-" "PostmanRuntime/7.40.0"

info: ::1 - - [06/Aug/2024:07:35:16 +0000] "POST /api/v1/notes HTTP/1.1" 500 51 "-" "PostmanRuntime/7.40.0"

info: ::1 - - [06/Aug/2024:07:37:15 +0000] "POST /api/v1/notes HTTP/1.1" 500 51 "-" "PostmanRuntime/7.40.0"

info: ::1 - - [06/Aug/2024:07:37:48 +0000] "POST /api/v1/notes HTTP/1.1" 500 51 "-" "PostmanRuntime/7.40.0"

info: ::1 - - [06/Aug/2024:07:43:54 +0000] "POST /api/v1/users/login HTTP/1.1" 201 269 "-" "PostmanRuntime/7.40.0"

info: ::1 - - [06/Aug/2024:07:44:22 +0000] "POST /api/v1/notes HTTP/1.1" 201 246 "-" "PostmanRuntime/7.40.0"

info: ::1 - - [06/Aug/2024:07:46:05 +0000] "POST /api/v1/notes HTTP/1.1" 500 51 "-" "PostmanRuntime/7.40.0"

info: ::1 - - [06/Aug/2024:07:47:09 +0000] "POST /api/v1/notes HTTP/1.1" 500 51 "-" "PostmanRuntime/7.40.0"

info: ::1 - - [06/Aug/2024:07:59:59 +0000] "POST /api/v1/users/login HTTP/1.1" 201 269 "-" "PostmanRuntime/7.40.0"

info: ::1 - - [06/Aug/2024:08:01:06 +0000] "POST /api/v1/notes HTTP/1.1" 201 247 "-" "PostmanRuntime/7.40.0"

info: ::1 - - [06/Aug/2024:08:02:24 +0000] "POST /api/v1/notes HTTP/1.1" 201 247 "-" "PostmanRuntime/7.40.0"

info: ::1 - - [06/Aug/2024:08:02:31 +0000] "POST /api/v1/users/login HTTP/1.1" 201 269 "-" "PostmanRuntime/7.40.0"

info: ::1 - - [06/Aug/2024:08:02:46 +0000] "POST /api/v1/notes HTTP/1.1" 201 247 "-" "PostmanRuntime/7.40.0"

info: ::1 - - [06/Aug/2024:08:04:56 +0000] "POST /api/v1/notes HTTP/1.1" 201 247 "-" "PostmanRuntime/7.40.0"

info: ::1 - - [06/Aug/2024:08:07:22 +0000] "POST /api/v1/notes HTTP/1.1" 201 247 "-" "PostmanRuntime/7.40.0"

info: ::1 - - [06/Aug/2024:08:20:06 +0000] "POST /api/v1/notes HTTP/1.1" 201 247 "-" "PostmanRuntime/7.40.0"

info: ::1 - - [06/Aug/2024:08:21:23 +0000] "POST /api/v1/notes HTTP/1.1" 201 244 "-" "PostmanRuntime/7.40.0"

info: ::1 - - [06/Aug/2024:08:30:21 +0000] "POST /api/v1/notes HTTP/1.1" 500 68 "-" "PostmanRuntime/7.40.0"

info: ::1 - - [06/Aug/2024:08:31:00 +0000] "POST /api/v1/notes HTTP/1.1" 201 244 "-" "PostmanRuntime/7.40.0"

info: ::1 - - [06/Aug/2024:09:34:34 +0000] "GET /api/v1/notes HTTP/1.1" 500 96 "-" "PostmanRuntime/7.40.0"

info: ::1 - - [06/Aug/2024:09:41:40 +0000] "GET /api/v1/notes HTTP/1.1" 201 246 "-" "PostmanRuntime/7.40.0"

info: ::1 - - [07/Aug/2024:04:16:46 +0000] "POST /api/v1/users/login HTTP/1.1" 201 269 "-" "PostmanRuntime/7.40.0"

info: ::1 - - [07/Aug/2024:04:17:40 +0000] "POST /api/v1/notes HTTP/1.1" 201 245 "-" "PostmanRuntime/7.40.0"

info: ::1 - - [07/Aug/2024:04:20:25 +0000] "POST /api/v1/notes HTTP/1.1" 201 245 "-" "PostmanRuntime/7.40.0"

info: ::1 - - [07/Aug/2024:04:21:02 +0000] "POST /api/v1/notes HTTP/1.1" 201 247 "-" "PostmanRuntime/7.40.0"

info: ::1 - - [07/Aug/2024:04:22:24 +0000] "POST /api/v1/users/login HTTP/1.1" 201 115 "-" "PostmanRuntime/7.40.0"

info: ::1 - - [07/Aug/2024:04:23:02 +0000] "POST /api/v1/users/login HTTP/1.1" 201 115 "-" "PostmanRuntime/7.40.0"

info: ::1 - - [07/Aug/2024:04:24:40 +0000] "POST /api/v1/users/signup HTTP/1.1" 500 51 "-" "PostmanRuntime/7.40.0"

info: ::1 - - [07/Aug/2024:04:26:26 +0000] "POST /api/v1/users/signup HTTP/1.1" 201 306 "-" "PostmanRuntime/7.40.0"

info: ::1 - - [07/Aug/2024:04:28:18 +0000] "POST /api/v1/users/login HTTP/1.1" 201 265 "-" "PostmanRuntime/7.40.0"

info: ::1 - - [07/Aug/2024:04:28:42 +0000] "POST /api/v1/notes HTTP/1.1" 201 247 "-" "PostmanRuntime/7.40.0"

info: ::1 - - [07/Aug/2024:04:29:03 +0000] "POST /api/v1/notes HTTP/1.1" 201 246 "-" "PostmanRuntime/7.40.0"

info: ::1 - - [07/Aug/2024:04:29:25 +0000] "GET /api/v1/notes HTTP/1.1" 201 438 "-" "PostmanRuntime/7.40.0"

info: ::1 - - [07/Aug/2024:04:59:15 +0000] "POST /api/v1/notes HTTP/1.1" 201 246 "-" "PostmanRuntime/7.40.0"

info: ::1 - - [07/Aug/2024:04:59:33 +0000] "POST /api/v1/notes HTTP/1.1" 201 248 "-" "PostmanRuntime/7.40.0"

info: ::1 - - [07/Aug/2024:05:03:48 +0000] "GET /api/v1/notes/archive/8 HTTP/1.1" 404 47 "-" "PostmanRuntime/7.40.0"

info: ::1 - - [07/Aug/2024:05:04:23 +0000] "PUT /api/v1/notes/archive/8 HTTP/1.1" 201 262 "-" "PostmanRuntime/7.40.0"

info: ::1 - - [07/Aug/2024:05:10:42 +0000] "PUT /api/v1/notes/trash/8 HTTP/1.1" 201 259 "-" "PostmanRuntime/7.40.0"

info: ::1 - - [20/Aug/2024:05:15:27 +0000] "POST /api/v1/users/login HTTP/1.1" 201 265 "-" "PostmanRuntime/7.41.0"

info: ::1 - - [20/Aug/2024:05:16:35 +0000] "PUT /api/v1/notes/archive/8 HTTP/1.1" 201 262 "-" "PostmanRuntime/7.41.0"

info: ::1 - - [20/Aug/2024:05:18:03 +0000] "PUT /api/v1/notes/trash/8 HTTP/1.1" 201 261 "-" "PostmanRuntime/7.41.0"

info: ::1 - - [20/Aug/2024:05:18:14 +0000] "PUT /api/v1/notes/trash/8 HTTP/1.1" 201 260 "-" "PostmanRuntime/7.41.0"

info: ::1 - - [20/Aug/2024:14:10:12 +0000] "POST /api/v1/users/forgotpassword HTTP/1.1" 201 221 "-" "PostmanRuntime/7.41.0"

info: ::1 - - [21/Aug/2024:03:11:39 +0000] "POST /api/v1/users/forgotpassword HTTP/1.1" 201 221 "-" "PostmanRuntime/7.41.1"

info: ::1 - - [21/Aug/2024:03:13:21 +0000] "POST /api/v1/users/resetpwd HTTP/1.1" 201 48 "-" "PostmanRuntime/7.41.1"

info: ::1 - - [21/Aug/2024:03:22:11 +0000] "POST /api/v1/users/resetpwd HTTP/1.1" 201 43 "-" "PostmanRuntime/7.41.1"

info: ::1 - - [21/Aug/2024:03:30:40 +0000] "POST /api/v1/users/resetpwd HTTP/1.1" 201 54 "-" "PostmanRuntime/7.41.1"

info: ::1 - - [21/Aug/2024:03:32:12 +0000] "POST /api/v1/users/resetpwd HTTP/1.1" 201 54 "-" "PostmanRuntime/7.41.1"

info: ::1 - - [21/Aug/2024:03:32:52 +0000] "POST /api/v1/users/resetpwd HTTP/1.1" 201 54 "-" "PostmanRuntime/7.41.1"

info: ::1 - - [21/Aug/2024:03:44:01 +0000] "POST /api/v1/users/resetpwd HTTP/1.1" 201 249 "-" "PostmanRuntime/7.41.1"

info: ::1 - - [22/Aug/2024:02:59:43 +0000] "POST /api/v1/users HTTP/1.1" 201 318 "-" "PostmanRuntime/7.41.1"

info: ::1 - - [22/Aug/2024:03:00:13 +0000] "POST /api/v1/users/login HTTP/1.1" 500 66 "-" "PostmanRuntime/7.41.1"

info: ::1 - - [22/Aug/2024:03:00:28 +0000] "POST /api/v1/users/login HTTP/1.1" 201 292 "-" "PostmanRuntime/7.41.1"

info: ::1 - - [22/Aug/2024:03:01:19 +0000] "POST /api/v1/users/forgotpassword HTTP/1.1" 500 234 "-" "PostmanRuntime/7.41.1"

info: ::1 - - [22/Aug/2024:03:01:53 +0000] "POST /api/v1/users/forgotpassword HTTP/1.1" 500 233 "-" "PostmanRuntime/7.41.1"

info: ::1 - - [22/Aug/2024:03:03:03 +0000] "POST /api/v1/users/forgotpassword HTTP/1.1" 201 235 "-" "PostmanRuntime/7.41.1"

info: ::1 - - [22/Aug/2024:03:03:38 +0000] "POST /api/v1/users/forgotpassword HTTP/1.1" 500 234 "-" "PostmanRuntime/7.41.1"

info: ::1 - - [22/Aug/2024:03:20:37 +0000] "POST /api/v1/users/forgotpassword HTTP/1.1" 500 232 "-" "PostmanRuntime/7.41.1"

info: ::1 - - [22/Aug/2024:03:22:08 +0000] "POST /api/v1/users HTTP/1.1" 201 317 "-" "PostmanRuntime/7.41.1"

info: ::1 - - [22/Aug/2024:03:22:43 +0000] "POST /api/v1/users/login HTTP/1.1" 201 291 "-" "PostmanRuntime/7.41.1"

info: ::1 - - [22/Aug/2024:03:23:10 +0000] "POST /api/v1/users/forgotpassword HTTP/1.1" 500 233 "-" "PostmanRuntime/7.41.1"

info: ::1 - - [22/Aug/2024:03:25:03 +0000] "POST /api/v1/users/forgotpassword HTTP/1.1" 201 235 "-" "PostmanRuntime/7.41.1"

info: ::1 - - [22/Aug/2024:03:25:58 +0000] "GET /eyJhbGciOiJIUzI1NiIsInR5cCI6IkpXVCJ9.eyJlbWFpbCI6InNhamFua3VtYXJzd2FpbjZAZ21haWwuY29tIiwiaWF0IjoxNzI0Mjk3MTAwLCJleHAiOjE3MjQzMDA3MDB9.mMYlYFGhLFgehBbPnuz3IFND5h2-kpPgsihqpXRol6k HTTP/1.1" 404 47 "-" "Mozilla/5.0 (Windows NT 10.0; Win64; x64) AppleWebKit/537.36 (KHTML, like Gecko) Chrome/127.0.0.0 Safari/537.36"

info: ::1 - - [22/Aug/2024:03:25:58 +0000] "GET /favicon.ico HTTP/1.1" 404 47 "-" "Mozilla/5.0 (Windows NT 10.0; Win64; x64) AppleWebKit/537.36 (KHTML, like Gecko) Chrome/127.0.0.0 Safari/537.36"

info: ::1 - - [22/Aug/2024:03:27:30 +0000] "POST /api/v1/users/resetpwd HTTP/1.1" 201 43 "-" "PostmanRuntime/7.41.1"

info: ::1 - - [22/Aug/2024:05:53:06 +0000] "GET /api/v1/ HTTP/1.1" 404 47 "-" "Mozilla/5.0 (Windows NT 10.0; Win64; x64) AppleWebKit/537.36 (KHTML, like Gecko) Chrome/127.0.0.0 Safari/537.36"

info: ::1 - - [22/Aug/2024:05:53:17 +0000] "GET / HTTP/1.1" 404 47 "-" "Mozilla/5.0 (Windows NT 10.0; Win64; x64) AppleWebKit/537.36 (KHTML, like Gecko) Chrome/127.0.0.0 Safari/537.36"

info: ::1 - - [22/Aug/2024:05:53:30 +0000] "GET /api/v1/ HTTP/1.1" 404 47 "-" "Mozilla/5.0 (Windows NT 10.0; Win64; x64) AppleWebKit/537.36 (KHTML, like Gecko) Chrome/127.0.0.0 Safari/537.36"

info: ::1 - - [22/Aug/2024:05:54:19 +0000] "GET /api/v1/ HTTP/1.1" 404 47 "-" "Mozilla/5.0 (Windows NT 10.0; Win64; x64) AppleWebKit/537.36 (KHTML, like Gecko) Chrome/127.0.0.0 Safari/537.36"

info: ::1 - - [22/Aug/2024:06:05:35 +0000] "GET /api/v1/ HTTP/1.1" 404 47 "-" "Mozilla/5.0 (Windows NT 10.0; Win64; x64) AppleWebKit/537.36 (KHTML, like Gecko) Chrome/127.0.0.0 Safari/537.36"

info: ::1 - - [22/Aug/2024:06:06:56 +0000] "GET /api/v1/ HTTP/1.1" 404 47 "-" "Mozilla/5.0 (Windows NT 10.0; Win64; x64) AppleWebKit/537.36 (KHTML, like Gecko) Chrome/127.0.0.0 Safari/537.36"

info: ::1 - - [22/Aug/2024:06:06:58 +0000] "GET /api/v1/ HTTP/1.1" 404 47 "-" "Mozilla/5.0 (Windows NT 10.0; Win64; x64) AppleWebKit/537.36 (KHTML, like Gecko) Chrome/127.0.0.0 Safari/537.36"

info: ::1 - - [22/Aug/2024:06:06:59 +0000] "GET /api/v1/ HTTP/1.1" 404 47 "-" "Mozilla/5.0 (Windows NT 10.0; Win64; x64) AppleWebKit/537.36 (KHTML, like Gecko) Chrome/127.0.0.0 Safari/537.36"

info: ::1 - - [22/Aug/2024:06:07:02 +0000] "GET /api/v1/ HTTP/1.1" 404 47 "-" "Mozilla/5.0 (Windows NT 10.0; Win64; x64) AppleWebKit/537.36 (KHTML, like Gecko) Chrome/127.0.0.0 Safari/537.36"

info: ::1 - - [22/Aug/2024:06:07:10 +0000] "GET /api/v1// HTTP/1.1" 404 47 "-" "Mozilla/5.0 (Windows NT 10.0; Win64; x64) AppleWebKit/537.36 (KHTML, like Gecko) Chrome/127.0.0.0 Safari/537.36"

info: ::1 - - [22/Aug/2024:06:07:20 +0000] "GET /api/v1 HTTP/1.1" 404 47 "-" "Mozilla/5.0 (Windows NT 10.0; Win64; x64) AppleWebKit/537.36 (KHTML, like Gecko) Chrome/127.0.0.0 Safari/537.36"

info: ::1 - - [22/Aug/2024:06:07:26 +0000] "GET /api/v1/ HTTP/1.1" 404 47 "-" "Mozilla/5.0 (Windows NT 10.0; Win64; x64) AppleWebKit/537.36 (KHTML, like Gecko) Chrome/127.0.0.0 Safari/537.36"

info: ::1 - - [22/Aug/2024:06:08:38 +0000] "GET /api/v1/ HTTP/1.1" 404 47 "-" "Mozilla/5.0 (Windows NT 10.0; Win64; x64) AppleWebKit/537.36 (KHTML, like Gecko) Chrome/127.0.0.0 Safari/537.36"

info: ::1 - - [22/Aug/2024:06:11:26 +0000] "GET /api/v1/ HTTP/1.1" 404 47 "-" "Mozilla/5.0 (Windows NT 10.0; Win64; x64) AppleWebKit/537.36 (KHTML, like Gecko) Chrome/127.0.0.0 Safari/537.36"

info: ::1 - - [22/Aug/2024:06:16:51 +0000] "GET /api/v1/ HTTP/1.1" 404 47 "-" "Mozilla/5.0 (Windows NT 10.0; Win64; x64) AppleWebKit/537.36 (KHTML, like Gecko) Chrome/127.0.0.0 Safari/537.36"

info: ::1 - - [22/Aug/2024:06:17:41 +0000] "GET /api/v1/ HTTP/1.1" 404 47 "-" "Mozilla/5.0 (Windows NT 10.0; Win64; x64) AppleWebKit/537.36 (KHTML, like Gecko) Chrome/127.0.0.0 Safari/537.36"

info: ::1 - - [22/Aug/2024:06:17:58 +0000] "GET /api-docs/v1/ HTTP/1.1" 200 3106 "-" "Mozilla/5.0 (Windows NT 10.0; Win64; x64) AppleWebKit/537.36 (KHTML, like Gecko) Chrome/127.0.0.0 Safari/537.36"

info: ::1 - - [22/Aug/2024:06:17:58 +0000] "GET /api-docs/v1/swagger-ui.css HTTP/1.1" 200 3106 "-" "Mozilla/5.0 (Windows NT 10.0; Win64; x64) AppleWebKit/537.36 (KHTML, like Gecko) Chrome/127.0.0.0 Safari/537.36"

info: ::1 - - [22/Aug/2024:06:17:58 +0000] "GET /api-docs/v1/swagger-ui-init.js HTTP/1.1" 200 2410 "-" "Mozilla/5.0 (Windows NT 10.0; Win64; x64) AppleWebKit/537.36 (KHTML, like Gecko) Chrome/127.0.0.0 Safari/537.36"

info: ::1 - - [22/Aug/2024:06:17:58 +0000] "GET /api-docs/v1/swagger-ui-standalone-preset.js HTTP/1.1" 200 3106 "-" "Mozilla/5.0 (Windows NT 10.0; Win64; x64) AppleWebKit/537.36 (KHTML, like Gecko) Chrome/127.0.0.0 Safari/537.36"

info: ::1 - - [22/Aug/2024:06:17:58 +0000] "GET /api-docs/v1/swagger-ui-bundle.js HTTP/1.1" 200 3106 "-" "Mozilla/5.0 (Windows NT 10.0; Win64; x64) AppleWebKit/537.36 (KHTML, like Gecko) Chrome/127.0.0.0 Safari/537.36"

info: ::1 - - [22/Aug/2024:06:17:59 +0000] "GET /api-docs/v1/favicon-32x32.png HTTP/1.1" 200 3106 "-" "Mozilla/5.0 (Windows NT 10.0; Win64; x64) AppleWebKit/537.36 (KHTML, like Gecko) Chrome/127.0.0.0 Safari/537.36"

info: ::1 - - [22/Aug/2024:06:17:59 +0000] "GET /api-docs/v1/favicon-16x16.png HTTP/1.1" 200 3106 "-" "Mozilla/5.0 (Windows NT 10.0; Win64; x64) AppleWebKit/537.36 (KHTML, like Gecko) Chrome/127.0.0.0 Safari/537.36"

info: ::1 - - [22/Aug/2024:06:19:05 +0000] "GET /api/v1/ HTTP/1.1" 404 47 "-" "Mozilla/5.0 (Windows NT 10.0; Win64; x64) AppleWebKit/537.36 (KHTML, like Gecko) Chrome/127.0.0.0 Safari/537.36"

info: ::1 - - [22/Aug/2024:06:19:19 +0000] "GET /api-docs/v1/ HTTP/1.1" 304 - "-" "Mozilla/5.0 (Windows NT 10.0; Win64; x64) AppleWebKit/537.36 (KHTML, like Gecko) Chrome/127.0.0.0 Safari/537.36"

info: ::1 - - [22/Aug/2024:06:19:19 +0000] "GET /api-docs/v1/swagger-ui.css HTTP/1.1" 304 - "-" "Mozilla/5.0 (Windows NT 10.0; Win64; x64) AppleWebKit/537.36 (KHTML, like Gecko) Chrome/127.0.0.0 Safari/537.36"

info: ::1 - - [22/Aug/2024:06:19:19 +0000] "GET /api-docs/v1/swagger-ui-bundle.js HTTP/1.1" 304 - "-" "Mozilla/5.0 (Windows NT 10.0; Win64; x64) AppleWebKit/537.36 (KHTML, like Gecko) Chrome/127.0.0.0 Safari/537.36"

info: ::1 - - [22/Aug/2024:06:19:19 +0000] "GET /api-docs/v1/swagger-ui-init.js HTTP/1.1" 304 - "-" "Mozilla/5.0 (Windows NT 10.0; Win64; x64) AppleWebKit/537.36 (KHTML, like Gecko) Chrome/127.0.0.0 Safari/537.36"

info: ::1 - - [22/Aug/2024:06:19:19 +0000] "GET /api-docs/v1/swagger-ui-standalone-preset.js HTTP/1.1" 304 - "-" "Mozilla/5.0 (Windows NT 10.0; Win64; x64) AppleWebKit/537.36 (KHTML, like Gecko) Chrome/127.0.0.0 Safari/537.36"

info: ::1 - - [22/Aug/2024:06:19:19 +0000] "GET /api-docs/v1/favicon-32x32.png HTTP/1.1" 304 - "-" "Mozilla/5.0 (Windows NT 10.0; Win64; x64) AppleWebKit/537.36 (KHTML, like Gecko) Chrome/127.0.0.0 Safari/537.36"

info: ::1 - - [22/Aug/2024:06:19:19 +0000] "GET /api-docs/v1/favicon-16x16.png HTTP/1.1" 304 - "-" "Mozilla/5.0 (Windows NT 10.0; Win64; x64) AppleWebKit/537.36 (KHTML, like Gecko) Chrome/127.0.0.0 Safari/537.36"

info: ::1 - - [22/Aug/2024:06:25:27 +0000] "GET /api-docs/v1/swagger-ui.css HTTP/1.1" 304 - "-" "Mozilla/5.0 (Windows NT 10.0; Win64; x64) AppleWebKit/537.36 (KHTML, like Gecko) Chrome/127.0.0.0 Safari/537.36"

info: ::1 - - [22/Aug/2024:06:45:22 +0000] "GET /api/v1/ HTTP/1.1" 404 47 "-" "Mozilla/5.0 (Windows NT 10.0; Win64; x64) AppleWebKit/537.36 (KHTML, like Gecko) Chrome/127.0.0.0 Safari/537.36"

info: ::1 - - [22/Aug/2024:06:45:31 +0000] "GET /ap-docs HTTP/1.1" 404 47 "-" "Mozilla/5.0 (Windows NT 10.0; Win64; x64) AppleWebKit/537.36 (KHTML, like Gecko) Chrome/127.0.0.0 Safari/537.36"

info: ::1 - - [22/Aug/2024:06:45:42 +0000] "GET /api-docs/v1/ HTTP/1.1" 304 - "-" "Mozilla/5.0 (Windows NT 10.0; Win64; x64) AppleWebKit/537.36 (KHTML, like Gecko) Chrome/127.0.0.0 Safari/537.36"

info: ::1 - - [22/Aug/2024:06:45:42 +0000] "GET /api-docs/v1/swagger-ui.css HTTP/1.1" 304 - "-" "Mozilla/5.0 (Windows NT 10.0; Win64; x64) AppleWebKit/537.36 (KHTML, like Gecko) Chrome/127.0.0.0 Safari/537.36"

info: ::1 - - [22/Aug/2024:06:45:42 +0000] "GET /api-docs/v1/swagger-ui-bundle.js HTTP/1.1" 304 - "-" "Mozilla/5.0 (Windows NT 10.0; Win64; x64) AppleWebKit/537.36 (KHTML, like Gecko) Chrome/127.0.0.0 Safari/537.36"

info: ::1 - - [22/Aug/2024:06:45:42 +0000] "GET /api-docs/v1/swagger-ui-init.js HTTP/1.1" 304 - "-" "Mozilla/5.0 (Windows NT 10.0; Win64; x64) AppleWebKit/537.36 (KHTML, like Gecko) Chrome/127.0.0.0 Safari/537.36"

info: ::1 - - [22/Aug/2024:06:45:42 +0000] "GET /api-docs/v1/swagger-ui-standalone-preset.js HTTP/1.1" 304 - "-" "Mozilla/5.0 (Windows NT 10.0; Win64; x64) AppleWebKit/537.36 (KHTML, like Gecko) Chrome/127.0.0.0 Safari/537.36"

info: ::1 - - [22/Aug/2024:06:45:42 +0000] "GET /api-docs/v1/favicon-32x32.png HTTP/1.1" 304 - "-" "Mozilla/5.0 (Windows NT 10.0; Win64; x64) AppleWebKit/537.36 (KHTML, like Gecko) Chrome/127.0.0.0 Safari/537.36"

info: ::1 - - [22/Aug/2024:06:45:42 +0000] "GET /api-docs/v1/favicon-16x16.png HTTP/1.1" 304 - "-" "Mozilla/5.0 (Windows NT 10.0; Win64; x64) AppleWebKit/537.36 (KHTML, like Gecko) Chrome/127.0.0.0 Safari/537.36"

info: ::1 - - [22/Aug/2024:06:45:52 +0000] "GET /api-docs HTTP/1.1" 301 183 "-" "Mozilla/5.0 (Windows NT 10.0; Win64; x64) AppleWebKit/537.36 (KHTML, like Gecko) Chrome/127.0.0.0 Safari/537.36"

info: ::1 - - [22/Aug/2024:06:45:52 +0000] "GET /api-docs/ HTTP/1.1" 200 3106 "-" "Mozilla/5.0 (Windows NT 10.0; Win64; x64) AppleWebKit/537.36 (KHTML, like Gecko) Chrome/127.0.0.0 Safari/537.36"

info: ::1 - - [22/Aug/2024:06:45:52 +0000] "GET /api-docs/swagger-ui-init.js HTTP/1.1" 200 2410 "-" "Mozilla/5.0 (Windows NT 10.0; Win64; x64) AppleWebKit/537.36 (KHTML, like Gecko) Chrome/127.0.0.0 Safari/537.36"

info: ::1 - - [22/Aug/2024:06:45:52 +0000] "GET /api-docs/swagger-ui.css HTTP/1.1" 200 152071 "-" "Mozilla/5.0 (Windows NT 10.0; Win64; x64) AppleWebKit/537.36 (KHTML, like Gecko) Chrome/127.0.0.0 Safari/537.36"

info: ::1 - - [22/Aug/2024:06:45:52 +0000] "GET /api-docs/swagger-ui-standalone-preset.js HTTP/1.1" 200 230293 "-" "Mozilla/5.0 (Windows NT 10.0; Win64; x64) AppleWebKit/537.36 (KHTML, like Gecko) Chrome/127.0.0.0 Safari/537.36"

info: ::1 - - [22/Aug/2024:06:45:53 +0000] "GET /api-docs/swagger-ui-bundle.js HTTP/1.1" 200 1452753 "-" "Mozilla/5.0 (Windows NT 10.0; Win64; x64) AppleWebKit/537.36 (KHTML, like Gecko) Chrome/127.0.0.0 Safari/537.36"

info: ::1 - - [22/Aug/2024:06:45:53 +0000] "GET /api-docs/favicon-32x32.png HTTP/1.1" 200 628 "-" "Mozilla/5.0 (Windows NT 10.0; Win64; x64) AppleWebKit/537.36 (KHTML, like Gecko) Chrome/127.0.0.0 Safari/537.36"

info: ::1 - - [22/Aug/2024:06:49:45 +0000] "GET /api/v1/ HTTP/1.1" 404 47 "-" "Mozilla/5.0 (Windows NT 10.0; Win64; x64) AppleWebKit/537.36 (KHTML, like Gecko) Chrome/127.0.0.0 Safari/537.36"

info: ::1 - - [22/Aug/2024:07:22:54 +0000] "GET /api/v1/ HTTP/1.1" 404 47 "-" "Mozilla/5.0 (Windows NT 10.0; Win64; x64) AppleWebKit/537.36 (KHTML, like Gecko) Chrome/127.0.0.0 Safari/537.36"

info: ::1 - - [22/Aug/2024:07:23:05 +0000] "GET /api-docs/v1/ HTTP/1.1" 304 - "-" "Mozilla/5.0 (Windows NT 10.0; Win64; x64) AppleWebKit/537.36 (KHTML, like Gecko) Chrome/127.0.0.0 Safari/537.36"

info: ::1 - - [22/Aug/2024:07:23:05 +0000] "GET /api-docs/v1/swagger-ui.css HTTP/1.1" 304 - "-" "Mozilla/5.0 (Windows NT 10.0; Win64; x64) AppleWebKit/537.36 (KHTML, like Gecko) Chrome/127.0.0.0 Safari/537.36"

info: ::1 - - [22/Aug/2024:07:23:05 +0000] "GET /api-docs/v1/swagger-ui-init.js HTTP/1.1" 200 5059 "-" "Mozilla/5.0 (Windows NT 10.0; Win64; x64) AppleWebKit/537.36 (KHTML, like Gecko) Chrome/127.0.0.0 Safari/537.36"

info: ::1 - - [22/Aug/2024:07:23:05 +0000] "GET /api-docs/v1/swagger-ui-bundle.js HTTP/1.1" 304 - "-" "Mozilla/5.0 (Windows NT 10.0; Win64; x64) AppleWebKit/537.36 (KHTML, like Gecko) Chrome/127.0.0.0 Safari/537.36"

info: ::1 - - [22/Aug/2024:07:23:05 +0000] "GET /api-docs/v1/swagger-ui-standalone-preset.js HTTP/1.1" 304 - "-" "Mozilla/5.0 (Windows NT 10.0; Win64; x64) AppleWebKit/537.36 (KHTML, like Gecko) Chrome/127.0.0.0 Safari/537.36"

info: ::1 - - [22/Aug/2024:07:23:05 +0000] "GET /api-docs/v1/favicon-32x32.png HTTP/1.1" 304 - "-" "Mozilla/5.0 (Windows NT 10.0; Win64; x64) AppleWebKit/537.36 (KHTML, like Gecko) Chrome/127.0.0.0 Safari/537.36"

info: ::1 - - [22/Aug/2024:07:23:05 +0000] "GET /api-docs/v1/favicon-16x16.png HTTP/1.1" 304 - "-" "Mozilla/5.0 (Windows NT 10.0; Win64; x64) AppleWebKit/537.36 (KHTML, like Gecko) Chrome/127.0.0.0 Safari/537.36"

info: ::1 - - [22/Aug/2024:07:23:10 +0000] "GET /api-docs/ HTTP/1.1" 304 - "-" "Mozilla/5.0 (Windows NT 10.0; Win64; x64) AppleWebKit/537.36 (KHTML, like Gecko) Chrome/127.0.0.0 Safari/537.36"

info: ::1 - - [22/Aug/2024:07:23:10 +0000] "GET /api-docs/swagger-ui-standalone-preset.js HTTP/1.1" 304 - "-" "Mozilla/5.0 (Windows NT 10.0; Win64; x64) AppleWebKit/537.36 (KHTML, like Gecko) Chrome/127.0.0.0 Safari/537.36"

info: ::1 - - [22/Aug/2024:07:23:10 +0000] "GET /api-docs/swagger-ui.css HTTP/1.1" 304 - "-" "Mozilla/5.0 (Windows NT 10.0; Win64; x64) AppleWebKit/537.36 (KHTML, like Gecko) Chrome/127.0.0.0 Safari/537.36"

info: ::1 - - [22/Aug/2024:07:23:10 +0000] "GET /api-docs/swagger-ui-init.js HTTP/1.1" 200 5059 "-" "Mozilla/5.0 (Windows NT 10.0; Win64; x64) AppleWebKit/537.36 (KHTML, like Gecko) Chrome/127.0.0.0 Safari/537.36"

info: ::1 - - [22/Aug/2024:07:23:10 +0000] "GET /api-docs/swagger-ui-bundle.js HTTP/1.1" 304 - "-" "Mozilla/5.0 (Windows NT 10.0; Win64; x64) AppleWebKit/537.36 (KHTML, like Gecko) Chrome/127.0.0.0 Safari/537.36"

info: ::1 - - [22/Aug/2024:08:24:29 +0000] "POST /api/v1/users HTTP/1.1" 201 310 "-" "Mozilla/5.0 (Windows NT 10.0; Win64; x64) AppleWebKit/537.36 (KHTML, like Gecko) Chrome/127.0.0.0 Safari/537.36"

info: ::1 - - [22/Aug/2024:19:02:30 +0000] "GET /api-docs/ HTTP/1.1" 304 - "-" "Mozilla/5.0 (Windows NT 10.0; Win64; x64) AppleWebKit/537.36 (KHTML, like Gecko) Chrome/127.0.0.0 Safari/537.36"

info: ::1 - - [22/Aug/2024:19:02:30 +0000] "GET /api-docs/swagger-ui.css HTTP/1.1" 304 - "-" "Mozilla/5.0 (Windows NT 10.0; Win64; x64) AppleWebKit/537.36 (KHTML, like Gecko) Chrome/127.0.0.0 Safari/537.36"

info: ::1 - - [22/Aug/2024:19:02:30 +0000] "GET /api-docs/swagger-ui-bundle.js HTTP/1.1" 304 - "-" "Mozilla/5.0 (Windows NT 10.0; Win64; x64) AppleWebKit/537.36 (KHTML, like Gecko) Chrome/127.0.0.0 Safari/537.36"

info: ::1 - - [22/Aug/2024:19:02:30 +0000] "GET /api-docs/swagger-ui-init.js HTTP/1.1" 200 6907 "-" "Mozilla/5.0 (Windows NT 10.0; Win64; x64) AppleWebKit/537.36 (KHTML, like Gecko) Chrome/127.0.0.0 Safari/537.36"

info: ::1 - - [22/Aug/2024:19:02:30 +0000] "GET /api-docs/swagger-ui-standalone-preset.js HTTP/1.1" 304 - "-" "Mozilla/5.0 (Windows NT 10.0; Win64; x64) AppleWebKit/537.36 (KHTML, like Gecko) Chrome/127.0.0.0 Safari/537.36"

info: ::1 - - [22/Aug/2024:19:02:31 +0000] "GET /api-docs/favicon-32x32.png HTTP/1.1" 304 - "-" "Mozilla/5.0 (Windows NT 10.0; Win64; x64) AppleWebKit/537.36 (KHTML, like Gecko) Chrome/127.0.0.0 Safari/537.36"

info: ::1 - - [22/Aug/2024:19:08:28 +0000] "POST /api/v1/users/login HTTP/1.1" 201 291 "-" "Mozilla/5.0 (Windows NT 10.0; Win64; x64) AppleWebKit/537.36 (KHTML, like Gecko) Chrome/127.0.0.0 Safari/537.36"

info: ::1 - - [22/Aug/2024:19:26:48 +0000] "GET /api-docs/ HTTP/1.1" 304 - "-" "Mozilla/5.0 (Windows NT 10.0; Win64; x64) AppleWebKit/537.36 (KHTML, like Gecko) Chrome/127.0.0.0 Safari/537.36"

info: ::1 - - [22/Aug/2024:19:26:48 +0000] "GET /api-docs/swagger-ui-init.js HTTP/1.1" 200 8452 "-" "Mozilla/5.0 (Windows NT 10.0; Win64; x64) AppleWebKit/537.36 (KHTML, like Gecko) Chrome/127.0.0.0 Safari/537.36"

info: ::1 - - [22/Aug/2024:19:26:48 +0000] "GET /api-docs/swagger-ui.css HTTP/1.1" 304 - "-" "Mozilla/5.0 (Windows NT 10.0; Win64; x64) AppleWebKit/537.36 (KHTML, like Gecko) Chrome/127.0.0.0 Safari/537.36"

info: ::1 - - [22/Aug/2024:19:26:48 +0000] "GET /api-docs/swagger-ui-bundle.js HTTP/1.1" 304 - "-" "Mozilla/5.0 (Windows NT 10.0; Win64; x64) AppleWebKit/537.36 (KHTML, like Gecko) Chrome/127.0.0.0 Safari/537.36"

info: ::1 - - [22/Aug/2024:19:26:48 +0000] "GET /api-docs/swagger-ui-standalone-preset.js HTTP/1.1" 304 - "-" "Mozilla/5.0 (Windows NT 10.0; Win64; x64) AppleWebKit/537.36 (KHTML, like Gecko) Chrome/127.0.0.0 Safari/537.36"

info: ::1 - - [22/Aug/2024:19:26:49 +0000] "GET /api-docs/favicon-32x32.png HTTP/1.1" 304 - "-" "Mozilla/5.0 (Windows NT 10.0; Win64; x64) AppleWebKit/537.36 (KHTML, like Gecko) Chrome/127.0.0.0 Safari/537.36"

info: ::1 - - [22/Aug/2024:19:30:35 +0000] "GET /api-docs/ HTTP/1.1" 304 - "-" "Mozilla/5.0 (Windows NT 10.0; Win64; x64) AppleWebKit/537.36 (KHTML, like Gecko) Chrome/127.0.0.0 Safari/537.36"

info: ::1 - - [22/Aug/2024:19:30:35 +0000] "GET /api-docs/swagger-ui-init.js HTTP/1.1" 200 10152 "-" "Mozilla/5.0 (Windows NT 10.0; Win64; x64) AppleWebKit/537.36 (KHTML, like Gecko) Chrome/127.0.0.0 Safari/537.36"

info: ::1 - - [22/Aug/2024:19:30:35 +0000] "GET /api-docs/swagger-ui.css HTTP/1.1" 304 - "-" "Mozilla/5.0 (Windows NT 10.0; Win64; x64) AppleWebKit/537.36 (KHTML, like Gecko) Chrome/127.0.0.0 Safari/537.36"

info: ::1 - - [22/Aug/2024:19:30:35 +0000] "GET /api-docs/swagger-ui-bundle.js HTTP/1.1" 304 - "-" "Mozilla/5.0 (Windows NT 10.0; Win64; x64) AppleWebKit/537.36 (KHTML, like Gecko) Chrome/127.0.0.0 Safari/537.36"

info: ::1 - - [22/Aug/2024:19:30:35 +0000] "GET /api-docs/swagger-ui-standalone-preset.js HTTP/1.1" 304 - "-" "Mozilla/5.0 (Windows NT 10.0; Win64; x64) AppleWebKit/537.36 (KHTML, like Gecko) Chrome/127.0.0.0 Safari/537.36"

info: ::1 - - [22/Aug/2024:19:30:35 +0000] "GET /api-docs/favicon-32x32.png HTTP/1.1" 304 - "-" "Mozilla/5.0 (Windows NT 10.0; Win64; x64) AppleWebKit/537.36 (KHTML, like Gecko) Chrome/127.0.0.0 Safari/537.36"

info: ::1 - - [22/Aug/2024:19:46:20 +0000] "GET /api-docs/ HTTP/1.1" 304 - "-" "Mozilla/5.0 (Windows NT 10.0; Win64; x64) AppleWebKit/537.36 (KHTML, like Gecko) Chrome/127.0.0.0 Safari/537.36"

info: ::1 - - [22/Aug/2024:19:46:20 +0000] "GET /api-docs/swagger-ui-init.js HTTP/1.1" 200 13995 "-" "Mozilla/5.0 (Windows NT 10.0; Win64; x64) AppleWebKit/537.36 (KHTML, like Gecko) Chrome/127.0.0.0 Safari/537.36"

info: ::1 - - [22/Aug/2024:19:46:20 +0000] "GET /api-docs/swagger-ui.css HTTP/1.1" 304 - "-" "Mozilla/5.0 (Windows NT 10.0; Win64; x64) AppleWebKit/537.36 (KHTML, like Gecko) Chrome/127.0.0.0 Safari/537.36"

info: ::1 - - [22/Aug/2024:19:46:20 +0000] "GET /api-docs/swagger-ui-bundle.js HTTP/1.1" 304 - "-" "Mozilla/5.0 (Windows NT 10.0; Win64; x64) AppleWebKit/537.36 (KHTML, like Gecko) Chrome/127.0.0.0 Safari/537.36"

info: ::1 - - [22/Aug/2024:19:46:20 +0000] "GET /api-docs/swagger-ui-standalone-preset.js HTTP/1.1" 304 - "-" "Mozilla/5.0 (Windows NT 10.0; Win64; x64) AppleWebKit/537.36 (KHTML, like Gecko) Chrome/127.0.0.0 Safari/537.36"

info: ::1 - - [22/Aug/2024:19:46:20 +0000] "GET /api-docs/favicon-32x32.png HTTP/1.1" 304 - "-" "Mozilla/5.0 (Windows NT 10.0; Win64; x64) AppleWebKit/537.36 (KHTML, like Gecko) Chrome/127.0.0.0 Safari/537.36"

info: ::1 - - [23/Aug/2024:03:13:51 +0000] "GET /api-docs/swagger-ui.css HTTP/1.1" 304 - "-" "Mozilla/5.0 (Windows NT 10.0; Win64; x64) AppleWebKit/537.36 (KHTML, like Gecko) Chrome/127.0.0.0 Safari/537.36"

info: ::1 - - [23/Aug/2024:03:13:51 +0000] "GET /api-docs/swagger-ui-init.js HTTP/1.1" 200 16789 "-" "Mozilla/5.0 (Windows NT 10.0; Win64; x64) AppleWebKit/537.36 (KHTML, like Gecko) Chrome/127.0.0.0 Safari/537.36"

info: ::1 - - [23/Aug/2024:03:13:51 +0000] "GET /api-docs/swagger-ui-standalone-preset.js HTTP/1.1" 304 - "-" "Mozilla/5.0 (Windows NT 10.0; Win64; x64) AppleWebKit/537.36 (KHTML, like Gecko) Chrome/127.0.0.0 Safari/537.36"

info: ::1 - - [23/Aug/2024:03:13:51 +0000] "GET /api-docs/swagger-ui-bundle.js HTTP/1.1" 304 - "-" "Mozilla/5.0 (Windows NT 10.0; Win64; x64) AppleWebKit/537.36 (KHTML, like Gecko) Chrome/127.0.0.0 Safari/537.36"

info: ::1 - - [23/Aug/2024:03:13:54 +0000] "GET /api-docs/ HTTP/1.1" 304 - "-" "Mozilla/5.0 (Windows NT 10.0; Win64; x64) AppleWebKit/537.36 (KHTML, like Gecko) Chrome/127.0.0.0 Safari/537.36"

info: ::1 - - [23/Aug/2024:03:13:54 +0000] "GET /api-docs/swagger-ui.css HTTP/1.1" 304 - "-" "Mozilla/5.0 (Windows NT 10.0; Win64; x64) AppleWebKit/537.36 (KHTML, like Gecko) Chrome/127.0.0.0 Safari/537.36"

info: ::1 - - [23/Aug/2024:03:13:54 +0000] "GET /api-docs/swagger-ui-init.js HTTP/1.1" 304 - "-" "Mozilla/5.0 (Windows NT 10.0; Win64; x64) AppleWebKit/537.36 (KHTML, like Gecko) Chrome/127.0.0.0 Safari/537.36"

info: ::1 - - [23/Aug/2024:03:13:54 +0000] "GET /api-docs/swagger-ui-bundle.js HTTP/1.1" 304 - "-" "Mozilla/5.0 (Windows NT 10.0; Win64; x64) AppleWebKit/537.36 (KHTML, like Gecko) Chrome/127.0.0.0 Safari/537.36"

info: ::1 - - [23/Aug/2024:03:13:54 +0000] "GET /api-docs/swagger-ui-standalone-preset.js HTTP/1.1" 304 - "-" "Mozilla/5.0 (Windows NT 10.0; Win64; x64) AppleWebKit/537.36 (KHTML, like Gecko) Chrome/127.0.0.0 Safari/537.36"

info: ::1 - - [23/Aug/2024:03:13:54 +0000] "GET /api-docs/favicon-32x32.png HTTP/1.1" 304 - "-" "Mozilla/5.0 (Windows NT 10.0; Win64; x64) AppleWebKit/537.36 (KHTML, like Gecko) Chrome/127.0.0.0 Safari/537.36"

info: ::1 - - [23/Aug/2024:03:13:57 +0000] "GET /api-docs/ HTTP/1.1" 304 - "-" "Mozilla/5.0 (Windows NT 10.0; Win64; x64) AppleWebKit/537.36 (KHTML, like Gecko) Chrome/127.0.0.0 Safari/537.36"

info: ::1 - - [23/Aug/2024:03:13:57 +0000] "GET /api-docs/swagger-ui.css HTTP/1.1" 304 - "-" "Mozilla/5.0 (Windows NT 10.0; Win64; x64) AppleWebKit/537.36 (KHTML, like Gecko) Chrome/127.0.0.0 Safari/537.36"

info: ::1 - - [23/Aug/2024:03:13:57 +0000] "GET /api-docs/swagger-ui-init.js HTTP/1.1" 304 - "-" "Mozilla/5.0 (Windows NT 10.0; Win64; x64) AppleWebKit/537.36 (KHTML, like Gecko) Chrome/127.0.0.0 Safari/537.36"

info: ::1 - - [23/Aug/2024:03:13:57 +0000] "GET /api-docs/swagger-ui-bundle.js HTTP/1.1" 304 - "-" "Mozilla/5.0 (Windows NT 10.0; Win64; x64) AppleWebKit/537.36 (KHTML, like Gecko) Chrome/127.0.0.0 Safari/537.36"

info: ::1 - - [23/Aug/2024:03:13:57 +0000] "GET /api-docs/swagger-ui-standalone-preset.js HTTP/1.1" 304 - "-" "Mozilla/5.0 (Windows NT 10.0; Win64; x64) AppleWebKit/537.36 (KHTML, like Gecko) Chrome/127.0.0.0 Safari/537.36"

info: ::1 - - [23/Aug/2024:03:13:57 +0000] "GET /api-docs/favicon-32x32.png HTTP/1.1" 304 - "-" "Mozilla/5.0 (Windows NT 10.0; Win64; x64) AppleWebKit/537.36 (KHTML, like Gecko) Chrome/127.0.0.0 Safari/537.36"

info: ::1 - - [23/Aug/2024:03:15:48 +0000] "GET /api-docs/ HTTP/1.1" 304 - "-" "Mozilla/5.0 (Windows NT 10.0; Win64; x64) AppleWebKit/537.36 (KHTML, like Gecko) Chrome/127.0.0.0 Safari/537.36"

info: ::1 - - [23/Aug/2024:03:15:48 +0000] "GET /api-docs/swagger-ui.css HTTP/1.1" 304 - "-" "Mozilla/5.0 (Windows NT 10.0; Win64; x64) AppleWebKit/537.36 (KHTML, like Gecko) Chrome/127.0.0.0 Safari/537.36"

info: ::1 - - [23/Aug/2024:03:15:48 +0000] "GET /api-docs/swagger-ui-init.js HTTP/1.1" 200 13134 "-" "Mozilla/5.0 (Windows NT 10.0; Win64; x64) AppleWebKit/537.36 (KHTML, like Gecko) Chrome/127.0.0.0 Safari/537.36"

info: ::1 - - [23/Aug/2024:03:15:48 +0000] "GET /api-docs/swagger-ui-bundle.js HTTP/1.1" 304 - "-" "Mozilla/5.0 (Windows NT 10.0; Win64; x64) AppleWebKit/537.36 (KHTML, like Gecko) Chrome/127.0.0.0 Safari/537.36"

info: ::1 - - [23/Aug/2024:03:15:48 +0000] "GET /api-docs/swagger-ui-standalone-preset.js HTTP/1.1" 304 - "-" "Mozilla/5.0 (Windows NT 10.0; Win64; x64) AppleWebKit/537.36 (KHTML, like Gecko) Chrome/127.0.0.0 Safari/537.36"

info: ::1 - - [23/Aug/2024:03:15:48 +0000] "GET /api-docs/favicon-32x32.png HTTP/1.1" 304 - "-" "Mozilla/5.0 (Windows NT 10.0; Win64; x64) AppleWebKit/537.36 (KHTML, like Gecko) Chrome/127.0.0.0 Safari/537.36"

info: ::1 - - [23/Aug/2024:03:16:22 +0000] "GET /api-docs/ HTTP/1.1" 304 - "-" "Mozilla/5.0 (Windows NT 10.0; Win64; x64) AppleWebKit/537.36 (KHTML, like Gecko) Chrome/127.0.0.0 Safari/537.36"

info: ::1 - - [23/Aug/2024:03:16:22 +0000] "GET /api-docs/swagger-ui.css HTTP/1.1" 304 - "-" "Mozilla/5.0 (Windows NT 10.0; Win64; x64) AppleWebKit/537.36 (KHTML, like Gecko) Chrome/127.0.0.0 Safari/537.36"

info: ::1 - - [23/Aug/2024:03:16:22 +0000] "GET /api-docs/swagger-ui-bundle.js HTTP/1.1" 304 - "-" "Mozilla/5.0 (Windows NT 10.0; Win64; x64) AppleWebKit/537.36 (KHTML, like Gecko) Chrome/127.0.0.0 Safari/537.36"

info: ::1 - - [23/Aug/2024:03:16:22 +0000] "GET /api-docs/swagger-ui-init.js HTTP/1.1" 200 16978 "-" "Mozilla/5.0 (Windows NT 10.0; Win64; x64) AppleWebKit/537.36 (KHTML, like Gecko) Chrome/127.0.0.0 Safari/537.36"

info: ::1 - - [23/Aug/2024:03:16:22 +0000] "GET /api-docs/swagger-ui-standalone-preset.js HTTP/1.1" 304 - "-" "Mozilla/5.0 (Windows NT 10.0; Win64; x64) AppleWebKit/537.36 (KHTML, like Gecko) Chrome/127.0.0.0 Safari/537.36"

info: ::1 - - [23/Aug/2024:03:16:22 +0000] "GET /api-docs/favicon-32x32.png HTTP/1.1" 304 - "-" "Mozilla/5.0 (Windows NT 10.0; Win64; x64) AppleWebKit/537.36 (KHTML, like Gecko) Chrome/127.0.0.0 Safari/537.36"

info: ::1 - - [23/Aug/2024:03:21:56 +0000] "GET /api-docs/ HTTP/1.1" 304 - "-" "Mozilla/5.0 (Windows NT 10.0; Win64; x64) AppleWebKit/537.36 (KHTML, like Gecko) Chrome/127.0.0.0 Safari/537.36"

info: ::1 - - [23/Aug/2024:03:21:56 +0000] "GET /api-docs/swagger-ui.css HTTP/1.1" 304 - "-" "Mozilla/5.0 (Windows NT 10.0; Win64; x64) AppleWebKit/537.36 (KHTML, like Gecko) Chrome/127.0.0.0 Safari/537.36"

info: ::1 - - [23/Aug/2024:03:21:56 +0000] "GET /api-docs/swagger-ui-bundle.js HTTP/1.1" 304 - "-" "Mozilla/5.0 (Windows NT 10.0; Win64; x64) AppleWebKit/537.36 (KHTML, like Gecko) Chrome/127.0.0.0 Safari/537.36"

info: ::1 - - [23/Aug/2024:03:21:56 +0000] "GET /api-docs/swagger-ui-init.js HTTP/1.1" 200 20086 "-" "Mozilla/5.0 (Windows NT 10.0; Win64; x64) AppleWebKit/537.36 (KHTML, like Gecko) Chrome/127.0.0.0 Safari/537.36"

info: ::1 - - [23/Aug/2024:03:21:56 +0000] "GET /api-docs/swagger-ui-standalone-preset.js HTTP/1.1" 304 - "-" "Mozilla/5.0 (Windows NT 10.0; Win64; x64) AppleWebKit/537.36 (KHTML, like Gecko) Chrome/127.0.0.0 Safari/537.36"

info: ::1 - - [23/Aug/2024:03:21:57 +0000] "GET /api-docs/favicon-32x32.png HTTP/1.1" 304 - "-" "Mozilla/5.0 (Windows NT 10.0; Win64; x64) AppleWebKit/537.36 (KHTML, like Gecko) Chrome/127.0.0.0 Safari/537.36"

info: ::1 - - [23/Aug/2024:03:23:25 +0000] "GET /api-docs/ HTTP/1.1" 304 - "-" "Mozilla/5.0 (Windows NT 10.0; Win64; x64) AppleWebKit/537.36 (KHTML, like Gecko) Chrome/127.0.0.0 Safari/537.36"

info: ::1 - - [23/Aug/2024:03:23:25 +0000] "GET /api-docs/swagger-ui.css HTTP/1.1" 304 - "-" "Mozilla/5.0 (Windows NT 10.0; Win64; x64) AppleWebKit/537.36 (KHTML, like Gecko) Chrome/127.0.0.0 Safari/537.36"

info: ::1 - - [23/Aug/2024:03:23:25 +0000] "GET /api-docs/swagger-ui-bundle.js HTTP/1.1" 304 - "-" "Mozilla/5.0 (Windows NT 10.0; Win64; x64) AppleWebKit/537.36 (KHTML, like Gecko) Chrome/127.0.0.0 Safari/537.36"

info: ::1 - - [23/Aug/2024:03:23:25 +0000] "GET /api-docs/swagger-ui-init.js HTTP/1.1" 200 21541 "-" "Mozilla/5.0 (Windows NT 10.0; Win64; x64) AppleWebKit/537.36 (KHTML, like Gecko) Chrome/127.0.0.0 Safari/537.36"

info: ::1 - - [23/Aug/2024:03:23:25 +0000] "GET /api-docs/swagger-ui-standalone-preset.js HTTP/1.1" 304 - "-" "Mozilla/5.0 (Windows NT 10.0; Win64; x64) AppleWebKit/537.36 (KHTML, like Gecko) Chrome/127.0.0.0 Safari/537.36"

info: ::1 - - [23/Aug/2024:03:23:25 +0000] "GET /api-docs/favicon-32x32.png HTTP/1.1" 304 - "-" "Mozilla/5.0 (Windows NT 10.0; Win64; x64) AppleWebKit/537.36 (KHTML, like Gecko) Chrome/127.0.0.0 Safari/537.36"

info: ::1 - - [23/Aug/2024:03:25:10 +0000] "GET /api-docs/ HTTP/1.1" 304 - "-" "Mozilla/5.0 (Windows NT 10.0; Win64; x64) AppleWebKit/537.36 (KHTML, like Gecko) Chrome/127.0.0.0 Safari/537.36"

info: ::1 - - [23/Aug/2024:03:25:10 +0000] "GET /api-docs/swagger-ui.css HTTP/1.1" 304 - "-" "Mozilla/5.0 (Windows NT 10.0; Win64; x64) AppleWebKit/537.36 (KHTML, like Gecko) Chrome/127.0.0.0 Safari/537.36"

info: ::1 - - [23/Aug/2024:03:25:10 +0000] "GET /api-docs/swagger-ui-init.js HTTP/1.1" 200 27901 "-" "Mozilla/5.0 (Windows NT 10.0; Win64; x64) AppleWebKit/537.36 (KHTML, like Gecko) Chrome/127.0.0.0 Safari/537.36"

info: ::1 - - [23/Aug/2024:03:25:10 +0000] "GET /api-docs/swagger-ui-bundle.js HTTP/1.1" 304 - "-" "Mozilla/5.0 (Windows NT 10.0; Win64; x64) AppleWebKit/537.36 (KHTML, like Gecko) Chrome/127.0.0.0 Safari/537.36"

info: ::1 - - [23/Aug/2024:03:25:10 +0000] "GET /api-docs/swagger-ui-standalone-preset.js HTTP/1.1" 304 - "-" "Mozilla/5.0 (Windows NT 10.0; Win64; x64) AppleWebKit/537.36 (KHTML, like Gecko) Chrome/127.0.0.0 Safari/537.36"

info: ::1 - - [23/Aug/2024:03:25:10 +0000] "GET /api-docs/favicon-32x32.png HTTP/1.1" 304 - "-" "Mozilla/5.0 (Windows NT 10.0; Win64; x64) AppleWebKit/537.36 (KHTML, like Gecko) Chrome/127.0.0.0 Safari/537.36"

info: ::1 - - [23/Aug/2024:03:27:51 +0000] "GET /api-docs/ HTTP/1.1" 304 - "-" "Mozilla/5.0 (Windows NT 10.0; Win64; x64) AppleWebKit/537.36 (KHTML, like Gecko) Chrome/127.0.0.0 Safari/537.36"

info: ::1 - - [23/Aug/2024:03:27:51 +0000] "GET /api-docs/swagger-ui.css HTTP/1.1" 304 - "-" "Mozilla/5.0 (Windows NT 10.0; Win64; x64) AppleWebKit/537.36 (KHTML, like Gecko) Chrome/127.0.0.0 Safari/537.36"

info: ::1 - - [23/Aug/2024:03:27:51 +0000] "GET /api-docs/swagger-ui-bundle.js HTTP/1.1" 304 - "-" "Mozilla/5.0 (Windows NT 10.0; Win64; x64) AppleWebKit/537.36 (KHTML, like Gecko) Chrome/127.0.0.0 Safari/537.36"

info: ::1 - - [23/Aug/2024:03:27:51 +0000] "GET /api-docs/swagger-ui-init.js HTTP/1.1" 200 32173 "-" "Mozilla/5.0 (Windows NT 10.0; Win64; x64) AppleWebKit/537.36 (KHTML, like Gecko) Chrome/127.0.0.0 Safari/537.36"

info: ::1 - - [23/Aug/2024:03:27:51 +0000] "GET /api-docs/swagger-ui-standalone-preset.js HTTP/1.1" 304 - "-" "Mozilla/5.0 (Windows NT 10.0; Win64; x64) AppleWebKit/537.36 (KHTML, like Gecko) Chrome/127.0.0.0 Safari/537.36"

info: ::1 - - [23/Aug/2024:03:27:52 +0000] "GET /api-docs/favicon-32x32.png HTTP/1.1" 304 - "-" "Mozilla/5.0 (Windows NT 10.0; Win64; x64) AppleWebKit/537.36 (KHTML, like Gecko) Chrome/127.0.0.0 Safari/537.36"

info: ::1 - - [23/Aug/2024:03:32:00 +0000] "POST /api/v1/users/login HTTP/1.1" 201 291 "-" "Mozilla/5.0 (Windows NT 10.0; Win64; x64) AppleWebKit/537.36 (KHTML, like Gecko) Chrome/127.0.0.0 Safari/537.36"

info: ::1 - - [23/Aug/2024:03:34:48 +0000] "POST /api/v1/notes HTTP/1.1" 400 56 "-" "Mozilla/5.0 (Windows NT 10.0; Win64; x64) AppleWebKit/537.36 (KHTML, like Gecko) Chrome/127.0.0.0 Safari/537.36"

info: ::1 - - [23/Aug/2024:03:39:14 +0000] "GET /api/v1/ HTTP/1.1" 404 47 "-" "Mozilla/5.0 (Windows NT 10.0; Win64; x64) AppleWebKit/537.36 (KHTML, like Gecko) Chrome/127.0.0.0 Safari/537.36"

info: ::1 - - [23/Aug/2024:03:39:35 +0000] "GET /api-docs/ HTTP/1.1" 304 - "-" "Mozilla/5.0 (Windows NT 10.0; Win64; x64) AppleWebKit/537.36 (KHTML, like Gecko) Chrome/127.0.0.0 Safari/537.36"

info: ::1 - - [23/Aug/2024:03:39:35 +0000] "GET /api-docs/swagger-ui.css HTTP/1.1" 304 - "-" "Mozilla/5.0 (Windows NT 10.0; Win64; x64) AppleWebKit/537.36 (KHTML, like Gecko) Chrome/127.0.0.0 Safari/537.36"

info: ::1 - - [23/Aug/2024:03:39:35 +0000] "GET /api-docs/swagger-ui-init.js HTTP/1.1" 200 32357 "-" "Mozilla/5.0 (Windows NT 10.0; Win64; x64) AppleWebKit/537.36 (KHTML, like Gecko) Chrome/127.0.0.0 Safari/537.36"

info: ::1 - - [23/Aug/2024:03:39:35 +0000] "GET /api-docs/swagger-ui-bundle.js HTTP/1.1" 304 - "-" "Mozilla/5.0 (Windows NT 10.0; Win64; x64) AppleWebKit/537.36 (KHTML, like Gecko) Chrome/127.0.0.0 Safari/537.36"

info: ::1 - - [23/Aug/2024:03:39:35 +0000] "GET /api-docs/swagger-ui-standalone-preset.js HTTP/1.1" 304 - "-" "Mozilla/5.0 (Windows NT 10.0; Win64; x64) AppleWebKit/537.36 (KHTML, like Gecko) Chrome/127.0.0.0 Safari/537.36"

info: ::1 - - [23/Aug/2024:03:40:26 +0000] "POST /api/v1/users/login HTTP/1.1" 201 291 "-" "Mozilla/5.0 (Windows NT 10.0; Win64; x64) AppleWebKit/537.36 (KHTML, like Gecko) Chrome/127.0.0.0 Safari/537.36"

info: ::1 - - [23/Aug/2024:03:41:33 +0000] "POST /api/v1/notes HTTP/1.1" 201 245 "-" "Mozilla/5.0 (Windows NT 10.0; Win64; x64) AppleWebKit/537.36 (KHTML, like Gecko) Chrome/127.0.0.0 Safari/537.36"

info: ::1 - - [23/Aug/2024:03:42:50 +0000] "PUT /api/v1/notes/archive/9 HTTP/1.1" 201 259 "-" "Mozilla/5.0 (Windows NT 10.0; Win64; x64) AppleWebKit/537.36 (KHTML, like Gecko) Chrome/127.0.0.0 Safari/537.36"

info: ::1 - - [23/Aug/2024:06:09:47 +0000] "GET /api-docs/ HTTP/1.1" 304 - "-" "Mozilla/5.0 (Windows NT 10.0; Win64; x64) AppleWebKit/537.36 (KHTML, like Gecko) Chrome/127.0.0.0 Safari/537.36"

info: ::1 - - [23/Aug/2024:06:09:47 +0000] "GET /api-docs/swagger-ui-init.js HTTP/1.1" 304 - "-" "Mozilla/5.0 (Windows NT 10.0; Win64; x64) AppleWebKit/537.36 (KHTML, like Gecko) Chrome/127.0.0.0 Safari/537.36"

info: ::1 - - [23/Aug/2024:06:09:47 +0000] "GET /api-docs/swagger-ui-standalone-preset.js HTTP/1.1" 304 - "-" "Mozilla/5.0 (Windows NT 10.0; Win64; x64) AppleWebKit/537.36 (KHTML, like Gecko) Chrome/127.0.0.0 Safari/537.36"

info: ::1 - - [23/Aug/2024:06:09:47 +0000] "GET /api-docs/swagger-ui.css HTTP/1.1" 304 - "-" "Mozilla/5.0 (Windows NT 10.0; Win64; x64) AppleWebKit/537.36 (KHTML, like Gecko) Chrome/127.0.0.0 Safari/537.36"

info: ::1 - - [23/Aug/2024:06:09:47 +0000] "GET /api-docs/swagger-ui-bundle.js HTTP/1.1" 304 - "-" "Mozilla/5.0 (Windows NT 10.0; Win64; x64) AppleWebKit/537.36 (KHTML, like Gecko) Chrome/127.0.0.0 Safari/537.36"

info: ::1 - - [23/Aug/2024:06:09:50 +0000] "GET /api-docs/favicon-32x32.png HTTP/1.1" 304 - "-" "Mozilla/5.0 (Windows NT 10.0; Win64; x64) AppleWebKit/537.36 (KHTML, like Gecko) Chrome/127.0.0.0 Safari/537.36"

info: ::1 - - [23/Aug/2024:06:10:58 +0000] "POST /api/v1/users HTTP/1.1" 500 51 "-" "Mozilla/5.0 (Windows NT 10.0; Win64; x64) AppleWebKit/537.36 (KHTML, like Gecko) Chrome/127.0.0.0 Safari/537.36"

info: ::1 - - [23/Aug/2024:06:12:03 +0000] "POST /api/v1/users HTTP/1.1" 500 51 "-" "Mozilla/5.0 (Windows NT 10.0; Win64; x64) AppleWebKit/537.36 (KHTML, like Gecko) Chrome/127.0.0.0 Safari/537.36"

info: ::1 - - [23/Aug/2024:06:12:46 +0000] "POST /api/v1/users HTTP/1.1" 201 308 "-" "Mozilla/5.0 (Windows NT 10.0; Win64; x64) AppleWebKit/537.36 (KHTML, like Gecko) Chrome/127.0.0.0 Safari/537.36"

info: ::ffff:127.0.0.1 - - [23/Aug/2024:10:52:53 +0000] "POST /api/v1/users HTTP/1.1" 500 51 "-" "node-superagent/3.8.3"

info: ::ffff:127.0.0.1 - - [23/Aug/2024:11:09:43 +0000] "POST /api/v1/users HTTP/1.1" 500 51 "-" "node-superagent/3.8.3"

info: ::ffff:127.0.0.1 - - [23/Aug/2024:11:12:05 +0000] "POST /api/v1/users HTTP/1.1" 500 51 "-" "node-superagent/3.8.3"

info: ::ffff:127.0.0.1 - - [23/Aug/2024:11:38:33 +0000] "POST /api/v1/users HTTP/1.1" 500 51 "-" "node-superagent/3.8.3"

info: ::ffff:127.0.0.1 - - [24/Aug/2024:06:47:11 +0000] "POST /api/v1/users HTTP/1.1" 201 317 "-" "node-superagent/3.8.3"

info: ::ffff:127.0.0.1 - - [24/Aug/2024:06:58:29 +0000] "POST /api/v1/users HTTP/1.1" 500 51 "-" "node-superagent/3.8.3"

error: uncaughtException: expected 500 to equal 201
AssertionError: expected 500 to equal 201
    at Test.<anonymous> (tests\integration\user.test.ts:24:42)
    at Test.assert (node_modules\supertest\lib\test.js:181:6)
    at Server.localAssert (node_modules\supertest\lib\test.js:131:12)
    at Object.onceWrapper (node:events:632:28)
    at Server.emit (node:events:518:28)
    at Server.emit (node:domain:488:12)
    at emitCloseNT (node:net:2314:8)
    at processTicksAndRejections (node:internal/process/task_queues:81:21) {"date":"Sat Aug 24 2024 12:28:29 GMT+0530 (India Standard Time)","error":{"actual":"500","expected":"201","message":"expected 500 to equal 201","name":"AssertionError","operator":"strictEqual","showDiff":true,"stack":"AssertionError: expected 500 to equal 201\n    at Test.<anonymous> (tests\\integration\\user.test.ts:24:42)\n    at Test.assert (node_modules\\supertest\\lib\\test.js:181:6)\n    at Server.localAssert (node_modules\\supertest\\lib\\test.js:131:12)\n    at Object.onceWrapper (node:events:632:28)\n    at Server.emit (node:events:518:28)\n    at Server.emit (node:domain:488:12)\n    at emitCloseNT (node:net:2314:8)\n    at processTicksAndRejections (node:internal/process/task_queues:81:21)","uncaught":true},"exception":true,"os":{"loadavg":[0,0,0],"uptime":273399.781},"process":{"argv":["C:\\Program Files\\nodejs\\node.exe","D:\\firstProject\\Firstproject\\node_modules\\mocha\\bin\\mocha","--exit","--recursive","--require","ts-node/register","--timeout=5000","tests/**/*.ts"],"cwd":"D:\\firstProject\\Firstproject","execPath":"C:\\Program Files\\nodejs\\node.exe","gid":null,"memoryUsage":{"arrayBuffers":3686903,"external":6725420,"heapTotal":215519232,"heapUsed":190727952,"rss":260091904},"pid":10540,"uid":null,"version":"v20.12.2"},"stack":"AssertionError: expected 500 to equal 201\n    at Test.<anonymous> (tests\\integration\\user.test.ts:24:42)\n    at Test.assert (node_modules\\supertest\\lib\\test.js:181:6)\n    at Server.localAssert (node_modules\\supertest\\lib\\test.js:131:12)\n    at Object.onceWrapper (node:events:632:28)\n    at Server.emit (node:events:518:28)\n    at Server.emit (node:domain:488:12)\n    at emitCloseNT (node:net:2314:8)\n    at processTicksAndRejections (node:internal/process/task_queues:81:21)","trace":[{"column":42,"file":"tests\\integration\\user.test.ts","function":null,"line":24,"method":null,"native":false},{"column":6,"file":"node_modules\\supertest\\lib\\test.js","function":"Test.assert","line":181,"method":"assert","native":false},{"column":12,"file":"node_modules\\supertest\\lib\\test.js","function":"Server.localAssert","line":131,"method":"localAssert","native":false},{"column":28,"file":"node:events","function":"Object.onceWrapper","line":632,"method":"onceWrapper","native":false},{"column":28,"file":"node:events","function":"Server.emit","line":518,"method":"emit","native":false},{"column":12,"file":"node:domain","function":"Server.emit","line":488,"method":"emit","native":false},{"column":8,"file":"node:net","function":"emitCloseNT","line":2314,"method":null,"native":false},{"column":21,"file":"node:internal/process/task_queues","function":"processTicksAndRejections","line":81,"method":null,"native":false}]}
info: ::ffff:127.0.0.1 - - [24/Aug/2024:06:58:30 +0000] "POST /api/v1/users/login HTTP/1.1" 201 291 "-" "node-superagent/3.8.3"

error: uncaughtException: expected 201 to equal 200
AssertionError: expected 201 to equal 200
    at Test.<anonymous> (tests\integration\user.test.ts:38:42)
    at Test.assert (node_modules\supertest\lib\test.js:181:6)
    at Server.localAssert (node_modules\supertest\lib\test.js:131:12)
    at Object.onceWrapper (node:events:632:28)
    at Server.emit (node:events:518:28)
    at Server.emit (node:domain:488:12)
    at emitCloseNT (node:net:2314:8)
    at processTicksAndRejections (node:internal/process/task_queues:81:21) {"date":"Sat Aug 24 2024 12:28:30 GMT+0530 (India Standard Time)","error":{"actual":"201","expected":"200","message":"expected 201 to equal 200","name":"AssertionError","operator":"strictEqual","showDiff":true,"stack":"AssertionError: expected 201 to equal 200\n    at Test.<anonymous> (tests\\integration\\user.test.ts:38:42)\n    at Test.assert (node_modules\\supertest\\lib\\test.js:181:6)\n    at Server.localAssert (node_modules\\supertest\\lib\\test.js:131:12)\n    at Object.onceWrapper (node:events:632:28)\n    at Server.emit (node:events:518:28)\n    at Server.emit (node:domain:488:12)\n    at emitCloseNT (node:net:2314:8)\n    at processTicksAndRejections (node:internal/process/task_queues:81:21)","uncaught":true},"exception":true,"os":{"loadavg":[0,0,0],"uptime":273399.984},"process":{"argv":["C:\\Program Files\\nodejs\\node.exe","D:\\firstProject\\Firstproject\\node_modules\\mocha\\bin\\mocha","--exit","--recursive","--require","ts-node/register","--timeout=5000","tests/**/*.ts"],"cwd":"D:\\firstProject\\Firstproject","execPath":"C:\\Program Files\\nodejs\\node.exe","gid":null,"memoryUsage":{"arrayBuffers":3615989,"external":6652685,"heapTotal":219975680,"heapUsed":171563352,"rss":260538368},"pid":10540,"uid":null,"version":"v20.12.2"},"stack":"AssertionError: expected 201 to equal 200\n    at Test.<anonymous> (tests\\integration\\user.test.ts:38:42)\n    at Test.assert (node_modules\\supertest\\lib\\test.js:181:6)\n    at Server.localAssert (node_modules\\supertest\\lib\\test.js:131:12)\n    at Object.onceWrapper (node:events:632:28)\n    at Server.emit (node:events:518:28)\n    at Server.emit (node:domain:488:12)\n    at emitCloseNT (node:net:2314:8)\n    at processTicksAndRejections (node:internal/process/task_queues:81:21)","trace":[{"column":42,"file":"tests\\integration\\user.test.ts","function":null,"line":38,"method":null,"native":false},{"column":6,"file":"node_modules\\supertest\\lib\\test.js","function":"Test.assert","line":181,"method":"assert","native":false},{"column":12,"file":"node_modules\\supertest\\lib\\test.js","function":"Server.localAssert","line":131,"method":"localAssert","native":false},{"column":28,"file":"node:events","function":"Object.onceWrapper","line":632,"method":"onceWrapper","native":false},{"column":28,"file":"node:events","function":"Server.emit","line":518,"method":"emit","native":false},{"column":12,"file":"node:domain","function":"Server.emit","line":488,"method":"emit","native":false},{"column":8,"file":"node:net","function":"emitCloseNT","line":2314,"method":null,"native":false},{"column":21,"file":"node:internal/process/task_queues","function":"processTicksAndRejections","line":81,"method":null,"native":false}]}
info: ::ffff:127.0.0.1 - - [24/Aug/2024:06:59:20 +0000] "POST /api/v1/users HTTP/1.1" 500 51 "-" "node-superagent/3.8.3"

error: uncaughtException: expected 500 to equal 201
AssertionError: expected 500 to equal 201
    at Test.<anonymous> (tests\integration\user.test.ts:24:42)
    at Test.assert (node_modules\supertest\lib\test.js:181:6)
    at Server.localAssert (node_modules\supertest\lib\test.js:131:12)
    at Object.onceWrapper (node:events:632:28)
    at Server.emit (node:events:518:28)
    at Server.emit (node:domain:488:12)
    at emitCloseNT (node:net:2314:8)
    at processTicksAndRejections (node:internal/process/task_queues:81:21) {"date":"Sat Aug 24 2024 12:29:20 GMT+0530 (India Standard Time)","error":{"actual":"500","expected":"201","message":"expected 500 to equal 201","name":"AssertionError","operator":"strictEqual","showDiff":true,"stack":"AssertionError: expected 500 to equal 201\n    at Test.<anonymous> (tests\\integration\\user.test.ts:24:42)\n    at Test.assert (node_modules\\supertest\\lib\\test.js:181:6)\n    at Server.localAssert (node_modules\\supertest\\lib\\test.js:131:12)\n    at Object.onceWrapper (node:events:632:28)\n    at Server.emit (node:events:518:28)\n    at Server.emit (node:domain:488:12)\n    at emitCloseNT (node:net:2314:8)\n    at processTicksAndRejections (node:internal/process/task_queues:81:21)","uncaught":true},"exception":true,"os":{"loadavg":[0,0,0],"uptime":273450.765},"process":{"argv":["C:\\Program Files\\nodejs\\node.exe","D:\\firstProject\\Firstproject\\node_modules\\mocha\\bin\\mocha","--exit","--recursive","--require","ts-node/register","--timeout=5000","tests/**/*.ts"],"cwd":"D:\\firstProject\\Firstproject","execPath":"C:\\Program Files\\nodejs\\node.exe","gid":null,"memoryUsage":{"arrayBuffers":3671119,"external":6712658,"heapTotal":239251456,"heapUsed":209521216,"rss":282591232},"pid":25528,"uid":null,"version":"v20.12.2"},"stack":"AssertionError: expected 500 to equal 201\n    at Test.<anonymous> (tests\\integration\\user.test.ts:24:42)\n    at Test.assert (node_modules\\supertest\\lib\\test.js:181:6)\n    at Server.localAssert (node_modules\\supertest\\lib\\test.js:131:12)\n    at Object.onceWrapper (node:events:632:28)\n    at Server.emit (node:events:518:28)\n    at Server.emit (node:domain:488:12)\n    at emitCloseNT (node:net:2314:8)\n    at processTicksAndRejections (node:internal/process/task_queues:81:21)","trace":[{"column":42,"file":"tests\\integration\\user.test.ts","function":null,"line":24,"method":null,"native":false},{"column":6,"file":"node_modules\\supertest\\lib\\test.js","function":"Test.assert","line":181,"method":"assert","native":false},{"column":12,"file":"node_modules\\supertest\\lib\\test.js","function":"Server.localAssert","line":131,"method":"localAssert","native":false},{"column":28,"file":"node:events","function":"Object.onceWrapper","line":632,"method":"onceWrapper","native":false},{"column":28,"file":"node:events","function":"Server.emit","line":518,"method":"emit","native":false},{"column":12,"file":"node:domain","function":"Server.emit","line":488,"method":"emit","native":false},{"column":8,"file":"node:net","function":"emitCloseNT","line":2314,"method":null,"native":false},{"column":21,"file":"node:internal/process/task_queues","function":"processTicksAndRejections","line":81,"method":null,"native":false}]}
info: ::ffff:127.0.0.1 - - [24/Aug/2024:07:00:04 +0000] "POST /api/v1/users HTTP/1.1" 500 51 "-" "node-superagent/3.8.3"

error: uncaughtException: expected 500 to equal 201
AssertionError: expected 500 to equal 201
    at Test.<anonymous> (tests\integration\user.test.ts:24:42)
    at Test.assert (node_modules\supertest\lib\test.js:181:6)
    at Server.localAssert (node_modules\supertest\lib\test.js:131:12)
    at Object.onceWrapper (node:events:632:28)
    at Server.emit (node:events:518:28)
    at Server.emit (node:domain:488:12)
    at emitCloseNT (node:net:2314:8)
    at processTicksAndRejections (node:internal/process/task_queues:81:21) {"date":"Sat Aug 24 2024 12:30:04 GMT+0530 (India Standard Time)","error":{"actual":"500","expected":"201","message":"expected 500 to equal 201","name":"AssertionError","operator":"strictEqual","showDiff":true,"stack":"AssertionError: expected 500 to equal 201\n    at Test.<anonymous> (tests\\integration\\user.test.ts:24:42)\n    at Test.assert (node_modules\\supertest\\lib\\test.js:181:6)\n    at Server.localAssert (node_modules\\supertest\\lib\\test.js:131:12)\n    at Object.onceWrapper (node:events:632:28)\n    at Server.emit (node:events:518:28)\n    at Server.emit (node:domain:488:12)\n    at emitCloseNT (node:net:2314:8)\n    at processTicksAndRejections (node:internal/process/task_queues:81:21)","uncaught":true},"exception":true,"os":{"loadavg":[0,0,0],"uptime":273494.187},"process":{"argv":["C:\\Program Files\\nodejs\\node.exe","D:\\firstProject\\Firstproject\\node_modules\\mocha\\bin\\mocha","--exit","--recursive","--require","ts-node/register","--timeout=5000","tests/**/*.ts"],"cwd":"D:\\firstProject\\Firstproject","execPath":"C:\\Program Files\\nodejs\\node.exe","gid":null,"memoryUsage":{"arrayBuffers":3670443,"external":6711982,"heapTotal":240562176,"heapUsed":211275120,"rss":283480064},"pid":20864,"uid":null,"version":"v20.12.2"},"stack":"AssertionError: expected 500 to equal 201\n    at Test.<anonymous> (tests\\integration\\user.test.ts:24:42)\n    at Test.assert (node_modules\\supertest\\lib\\test.js:181:6)\n    at Server.localAssert (node_modules\\supertest\\lib\\test.js:131:12)\n    at Object.onceWrapper (node:events:632:28)\n    at Server.emit (node:events:518:28)\n    at Server.emit (node:domain:488:12)\n    at emitCloseNT (node:net:2314:8)\n    at processTicksAndRejections (node:internal/process/task_queues:81:21)","trace":[{"column":42,"file":"tests\\integration\\user.test.ts","function":null,"line":24,"method":null,"native":false},{"column":6,"file":"node_modules\\supertest\\lib\\test.js","function":"Test.assert","line":181,"method":"assert","native":false},{"column":12,"file":"node_modules\\supertest\\lib\\test.js","function":"Server.localAssert","line":131,"method":"localAssert","native":false},{"column":28,"file":"node:events","function":"Object.onceWrapper","line":632,"method":"onceWrapper","native":false},{"column":28,"file":"node:events","function":"Server.emit","line":518,"method":"emit","native":false},{"column":12,"file":"node:domain","function":"Server.emit","line":488,"method":"emit","native":false},{"column":8,"file":"node:net","function":"emitCloseNT","line":2314,"method":null,"native":false},{"column":21,"file":"node:internal/process/task_queues","function":"processTicksAndRejections","line":81,"method":null,"native":false}]}
info: ::ffff:127.0.0.1 - - [24/Aug/2024:07:00:29 +0000] "POST /api/v1/users HTTP/1.1" 201 316 "-" "node-superagent/3.8.3"

info: ::ffff:127.0.0.1 - - [24/Aug/2024:07:02:12 +0000] "POST /api/v1/users/login HTTP/1.1" 201 291 "-" "node-superagent/3.8.3"

error: uncaughtException: expected 201 to equal 200
AssertionError: expected 201 to equal 200
    at Test.<anonymous> (tests\integration\user.test.ts:38:42)
    at Test.assert (node_modules\supertest\lib\test.js:181:6)
    at Server.localAssert (node_modules\supertest\lib\test.js:131:12)
    at Object.onceWrapper (node:events:632:28)
    at Server.emit (node:events:518:28)
    at Server.emit (node:domain:488:12)
    at emitCloseNT (node:net:2314:8)
    at processTicksAndRejections (node:internal/process/task_queues:81:21) {"date":"Sat Aug 24 2024 12:32:12 GMT+0530 (India Standard Time)","error":{"actual":"201","expected":"200","message":"expected 201 to equal 200","name":"AssertionError","operator":"strictEqual","showDiff":true,"stack":"AssertionError: expected 201 to equal 200\n    at Test.<anonymous> (tests\\integration\\user.test.ts:38:42)\n    at Test.assert (node_modules\\supertest\\lib\\test.js:181:6)\n    at Server.localAssert (node_modules\\supertest\\lib\\test.js:131:12)\n    at Object.onceWrapper (node:events:632:28)\n    at Server.emit (node:events:518:28)\n    at Server.emit (node:domain:488:12)\n    at emitCloseNT (node:net:2314:8)\n    at processTicksAndRejections (node:internal/process/task_queues:81:21)","uncaught":true},"exception":true,"os":{"loadavg":[0,0,0],"uptime":273622.484},"process":{"argv":["C:\\Program Files\\nodejs\\node.exe","D:\\firstProject\\Firstproject\\node_modules\\mocha\\bin\\mocha","--exit","--recursive","--require","ts-node/register","--timeout=5000","tests/**/*.ts"],"cwd":"D:\\firstProject\\Firstproject","execPath":"C:\\Program Files\\nodejs\\node.exe","gid":null,"memoryUsage":{"arrayBuffers":3673053,"external":6714784,"heapTotal":240599040,"heapUsed":208459504,"rss":282157056},"pid":29572,"uid":null,"version":"v20.12.2"},"stack":"AssertionError: expected 201 to equal 200\n    at Test.<anonymous> (tests\\integration\\user.test.ts:38:42)\n    at Test.assert (node_modules\\supertest\\lib\\test.js:181:6)\n    at Server.localAssert (node_modules\\supertest\\lib\\test.js:131:12)\n    at Object.onceWrapper (node:events:632:28)\n    at Server.emit (node:events:518:28)\n    at Server.emit (node:domain:488:12)\n    at emitCloseNT (node:net:2314:8)\n    at processTicksAndRejections (node:internal/process/task_queues:81:21)","trace":[{"column":42,"file":"tests\\integration\\user.test.ts","function":null,"line":38,"method":null,"native":false},{"column":6,"file":"node_modules\\supertest\\lib\\test.js","function":"Test.assert","line":181,"method":"assert","native":false},{"column":12,"file":"node_modules\\supertest\\lib\\test.js","function":"Server.localAssert","line":131,"method":"localAssert","native":false},{"column":28,"file":"node:events","function":"Object.onceWrapper","line":632,"method":"onceWrapper","native":false},{"column":28,"file":"node:events","function":"Server.emit","line":518,"method":"emit","native":false},{"column":12,"file":"node:domain","function":"Server.emit","line":488,"method":"emit","native":false},{"column":8,"file":"node:net","function":"emitCloseNT","line":2314,"method":null,"native":false},{"column":21,"file":"node:internal/process/task_queues","function":"processTicksAndRejections","line":81,"method":null,"native":false}]}
info: ::ffff:127.0.0.1 - - [24/Aug/2024:07:07:02 +0000] "POST /api/v1/users/login HTTP/1.1" 201 291 "-" "node-superagent/3.8.3"

info: ::ffff:127.0.0.1 - - [24/Aug/2024:07:08:01 +0000] "POST /api/v1/users/login HTTP/1.1" 201 291 "-" "node-superagent/3.8.3"

error: uncaughtException: expected 201 to equal 200
AssertionError: expected 201 to equal 200
    at Test.<anonymous> (tests\integration\user.test.ts:38:42)
    at Test.assert (node_modules\supertest\lib\test.js:181:6)
    at Server.localAssert (node_modules\supertest\lib\test.js:131:12)
    at Object.onceWrapper (node:events:632:28)
    at Server.emit (node:events:518:28)
    at Server.emit (node:domain:488:12)
    at emitCloseNT (node:net:2314:8)
    at processTicksAndRejections (node:internal/process/task_queues:81:21) {"date":"Sat Aug 24 2024 12:38:01 GMT+0530 (India Standard Time)","error":{"actual":"201","expected":"200","message":"expected 201 to equal 200","name":"AssertionError","operator":"strictEqual","showDiff":true,"stack":"AssertionError: expected 201 to equal 200\n    at Test.<anonymous> (tests\\integration\\user.test.ts:38:42)\n    at Test.assert (node_modules\\supertest\\lib\\test.js:181:6)\n    at Server.localAssert (node_modules\\supertest\\lib\\test.js:131:12)\n    at Object.onceWrapper (node:events:632:28)\n    at Server.emit (node:events:518:28)\n    at Server.emit (node:domain:488:12)\n    at emitCloseNT (node:net:2314:8)\n    at processTicksAndRejections (node:internal/process/task_queues:81:21)","uncaught":true},"exception":true,"os":{"loadavg":[0,0,0],"uptime":273971.343},"process":{"argv":["C:\\Program Files\\nodejs\\node.exe","D:\\firstProject\\Firstproject\\node_modules\\mocha\\bin\\mocha","--exit","--recursive","--require","ts-node/register","--timeout=5000","tests/**/*.ts"],"cwd":"D:\\firstProject\\Firstproject","execPath":"C:\\Program Files\\nodejs\\node.exe","gid":null,"memoryUsage":{"arrayBuffers":3673061,"external":6714792,"heapTotal":240074752,"heapUsed":207170464,"rss":283705344},"pid":18160,"uid":null,"version":"v20.12.2"},"stack":"AssertionError: expected 201 to equal 200\n    at Test.<anonymous> (tests\\integration\\user.test.ts:38:42)\n    at Test.assert (node_modules\\supertest\\lib\\test.js:181:6)\n    at Server.localAssert (node_modules\\supertest\\lib\\test.js:131:12)\n    at Object.onceWrapper (node:events:632:28)\n    at Server.emit (node:events:518:28)\n    at Server.emit (node:domain:488:12)\n    at emitCloseNT (node:net:2314:8)\n    at processTicksAndRejections (node:internal/process/task_queues:81:21)","trace":[{"column":42,"file":"tests\\integration\\user.test.ts","function":null,"line":38,"method":null,"native":false},{"column":6,"file":"node_modules\\supertest\\lib\\test.js","function":"Test.assert","line":181,"method":"assert","native":false},{"column":12,"file":"node_modules\\supertest\\lib\\test.js","function":"Server.localAssert","line":131,"method":"localAssert","native":false},{"column":28,"file":"node:events","function":"Object.onceWrapper","line":632,"method":"onceWrapper","native":false},{"column":28,"file":"node:events","function":"Server.emit","line":518,"method":"emit","native":false},{"column":12,"file":"node:domain","function":"Server.emit","line":488,"method":"emit","native":false},{"column":8,"file":"node:net","function":"emitCloseNT","line":2314,"method":null,"native":false},{"column":21,"file":"node:internal/process/task_queues","function":"processTicksAndRejections","line":81,"method":null,"native":false}]}
info: ::ffff:127.0.0.1 - - [24/Aug/2024:07:15:18 +0000] "POST /api/v1/users/login HTTP/1.1" 201 291 "-" "node-superagent/3.8.3"

info: ::ffff:127.0.0.1 - - [24/Aug/2024:07:15:41 +0000] "POST /api/v1/users/login HTTP/1.1" 201 291 "-" "node-superagent/3.8.3"

error: uncaughtException: expected 201 to equal 200
AssertionError: expected 201 to equal 200
    at Test.<anonymous> (tests\integration\user.test.ts:38:42)
    at Test.assert (node_modules\supertest\lib\test.js:181:6)
    at Server.localAssert (node_modules\supertest\lib\test.js:131:12)
    at Object.onceWrapper (node:events:632:28)
    at Server.emit (node:events:518:28)
    at Server.emit (node:domain:488:12)
    at emitCloseNT (node:net:2314:8)
    at processTicksAndRejections (node:internal/process/task_queues:81:21) {"date":"Sat Aug 24 2024 12:45:41 GMT+0530 (India Standard Time)","error":{"actual":"201","expected":"200","message":"expected 201 to equal 200","name":"AssertionError","operator":"strictEqual","showDiff":true,"stack":"AssertionError: expected 201 to equal 200\n    at Test.<anonymous> (tests\\integration\\user.test.ts:38:42)\n    at Test.assert (node_modules\\supertest\\lib\\test.js:181:6)\n    at Server.localAssert (node_modules\\supertest\\lib\\test.js:131:12)\n    at Object.onceWrapper (node:events:632:28)\n    at Server.emit (node:events:518:28)\n    at Server.emit (node:domain:488:12)\n    at emitCloseNT (node:net:2314:8)\n    at processTicksAndRejections (node:internal/process/task_queues:81:21)","uncaught":true},"exception":true,"os":{"loadavg":[0,0,0],"uptime":274431.687},"process":{"argv":["C:\\Program Files\\nodejs\\node.exe","D:\\firstProject\\Firstproject\\node_modules\\mocha\\bin\\mocha","--exit","--recursive","--require","ts-node/register","--timeout=5000","tests/**/*.ts"],"cwd":"D:\\firstProject\\Firstproject","execPath":"C:\\Program Files\\nodejs\\node.exe","gid":null,"memoryUsage":{"arrayBuffers":3673029,"external":6714760,"heapTotal":240599040,"heapUsed":208271864,"rss":283516928},"pid":28920,"uid":null,"version":"v20.12.2"},"stack":"AssertionError: expected 201 to equal 200\n    at Test.<anonymous> (tests\\integration\\user.test.ts:38:42)\n    at Test.assert (node_modules\\supertest\\lib\\test.js:181:6)\n    at Server.localAssert (node_modules\\supertest\\lib\\test.js:131:12)\n    at Object.onceWrapper (node:events:632:28)\n    at Server.emit (node:events:518:28)\n    at Server.emit (node:domain:488:12)\n    at emitCloseNT (node:net:2314:8)\n    at processTicksAndRejections (node:internal/process/task_queues:81:21)","trace":[{"column":42,"file":"tests\\integration\\user.test.ts","function":null,"line":38,"method":null,"native":false},{"column":6,"file":"node_modules\\supertest\\lib\\test.js","function":"Test.assert","line":181,"method":"assert","native":false},{"column":12,"file":"node_modules\\supertest\\lib\\test.js","function":"Server.localAssert","line":131,"method":"localAssert","native":false},{"column":28,"file":"node:events","function":"Object.onceWrapper","line":632,"method":"onceWrapper","native":false},{"column":28,"file":"node:events","function":"Server.emit","line":518,"method":"emit","native":false},{"column":12,"file":"node:domain","function":"Server.emit","line":488,"method":"emit","native":false},{"column":8,"file":"node:net","function":"emitCloseNT","line":2314,"method":null,"native":false},{"column":21,"file":"node:internal/process/task_queues","function":"processTicksAndRejections","line":81,"method":null,"native":false}]}
info: ::ffff:127.0.0.1 - - [24/Aug/2024:07:16:43 +0000] "POST /api/v1/users/login HTTP/1.1" 200 291 "-" "node-superagent/3.8.3"

info: ::ffff:127.0.0.1 - - [24/Aug/2024:07:51:01 +0000] "POST /api/v1/users/forgotpassword HTTP/1.1" 202 235 "-" "node-superagent/3.8.3"

info: ::ffff:127.0.0.1 - - [25/Aug/2024:06:08:30 +0000] "POST /api/v1/users HTTP/1.1" 500 51 "-" "node-superagent/3.8.3"

error: uncaughtException: expected 500 to equal 400
AssertionError: expected 500 to equal 400
    at Test.<anonymous> (tests\integration\user.test.ts:45:37)
    at Test.assert (node_modules\supertest\lib\test.js:181:6)
    at Server.localAssert (node_modules\supertest\lib\test.js:131:12)
    at Object.onceWrapper (node:events:632:28)
    at Server.emit (node:events:518:28)
    at Server.emit (node:domain:488:12)
    at emitCloseNT (node:net:2314:8)
    at processTicksAndRejections (node:internal/process/task_queues:81:21) {"date":"Sun Aug 25 2024 11:38:30 GMT+0530 (India Standard Time)","error":{"actual":"500","expected":"400","message":"expected 500 to equal 400","name":"AssertionError","operator":"strictEqual","showDiff":true,"stack":"AssertionError: expected 500 to equal 400\n    at Test.<anonymous> (tests\\integration\\user.test.ts:45:37)\n    at Test.assert (node_modules\\supertest\\lib\\test.js:181:6)\n    at Server.localAssert (node_modules\\supertest\\lib\\test.js:131:12)\n    at Object.onceWrapper (node:events:632:28)\n    at Server.emit (node:events:518:28)\n    at Server.emit (node:domain:488:12)\n    at emitCloseNT (node:net:2314:8)\n    at processTicksAndRejections (node:internal/process/task_queues:81:21)","uncaught":true},"exception":true,"os":{"loadavg":[0,0,0],"uptime":356800.453},"process":{"argv":["C:\\Program Files\\nodejs\\node.exe","D:\\firstProject\\Firstproject\\node_modules\\mocha\\bin\\mocha","--exit","--recursive","--require","ts-node/register","--timeout=5000","tests/**/*.ts"],"cwd":"D:\\firstProject\\Firstproject","execPath":"C:\\Program Files\\nodejs\\node.exe","gid":null,"memoryUsage":{"arrayBuffers":3675451,"external":6716990,"heapTotal":241086464,"heapUsed":212242256,"rss":282763264},"pid":18180,"uid":null,"version":"v20.12.2"},"stack":"AssertionError: expected 500 to equal 400\n    at Test.<anonymous> (tests\\integration\\user.test.ts:45:37)\n    at Test.assert (node_modules\\supertest\\lib\\test.js:181:6)\n    at Server.localAssert (node_modules\\supertest\\lib\\test.js:131:12)\n    at Object.onceWrapper (node:events:632:28)\n    at Server.emit (node:events:518:28)\n    at Server.emit (node:domain:488:12)\n    at emitCloseNT (node:net:2314:8)\n    at processTicksAndRejections (node:internal/process/task_queues:81:21)","trace":[{"column":37,"file":"tests\\integration\\user.test.ts","function":null,"line":45,"method":null,"native":false},{"column":6,"file":"node_modules\\supertest\\lib\\test.js","function":"Test.assert","line":181,"method":"assert","native":false},{"column":12,"file":"node_modules\\supertest\\lib\\test.js","function":"Server.localAssert","line":131,"method":"localAssert","native":false},{"column":28,"file":"node:events","function":"Object.onceWrapper","line":632,"method":"onceWrapper","native":false},{"column":28,"file":"node:events","function":"Server.emit","line":518,"method":"emit","native":false},{"column":12,"file":"node:domain","function":"Server.emit","line":488,"method":"emit","native":false},{"column":8,"file":"node:net","function":"emitCloseNT","line":2314,"method":null,"native":false},{"column":21,"file":"node:internal/process/task_queues","function":"processTicksAndRejections","line":81,"method":null,"native":false}]}
info: ::ffff:127.0.0.1 - - [25/Aug/2024:06:10:55 +0000] "POST /api/v1/users HTTP/1.1" 500 51 "-" "node-superagent/3.8.3"

error: uncaughtException: expected 'Validation error' to equal 'User with this email already exists'
AssertionError: expected 'Validation error' to equal 'User with this email already exists'
    at Test.<anonymous> (tests\integration\user.test.ts:47:39)
    at Test.assert (node_modules\supertest\lib\test.js:181:6)
    at Server.localAssert (node_modules\supertest\lib\test.js:131:12)
    at Object.onceWrapper (node:events:632:28)
    at Server.emit (node:events:518:28)
    at Server.emit (node:domain:488:12)
    at emitCloseNT (node:net:2314:8)
    at processTicksAndRejections (node:internal/process/task_queues:81:21) {"date":"Sun Aug 25 2024 11:40:55 GMT+0530 (India Standard Time)","error":{"actual":"Validation error","expected":"User with this email already exists","message":"expected 'Validation error' to equal 'User with this email already exists'","name":"AssertionError","operator":"strictEqual","showDiff":true,"stack":"AssertionError: expected 'Validation error' to equal 'User with this email already exists'\n    at Test.<anonymous> (tests\\integration\\user.test.ts:47:39)\n    at Test.assert (node_modules\\supertest\\lib\\test.js:181:6)\n    at Server.localAssert (node_modules\\supertest\\lib\\test.js:131:12)\n    at Object.onceWrapper (node:events:632:28)\n    at Server.emit (node:events:518:28)\n    at Server.emit (node:domain:488:12)\n    at emitCloseNT (node:net:2314:8)\n    at processTicksAndRejections (node:internal/process/task_queues:81:21)","uncaught":true},"exception":true,"os":{"loadavg":[0,0,0],"uptime":356945.703},"process":{"argv":["C:\\Program Files\\nodejs\\node.exe","D:\\firstProject\\Firstproject\\node_modules\\mocha\\bin\\mocha","--exit","--recursive","--require","ts-node/register","--timeout=5000","tests/**/*.ts"],"cwd":"D:\\firstProject\\Firstproject","execPath":"C:\\Program Files\\nodejs\\node.exe","gid":null,"memoryUsage":{"arrayBuffers":3674384,"external":6715731,"heapTotal":240562176,"heapUsed":211115176,"rss":283168768},"pid":21864,"uid":null,"version":"v20.12.2"},"stack":"AssertionError: expected 'Validation error' to equal 'User with this email already exists'\n    at Test.<anonymous> (tests\\integration\\user.test.ts:47:39)\n    at Test.assert (node_modules\\supertest\\lib\\test.js:181:6)\n    at Server.localAssert (node_modules\\supertest\\lib\\test.js:131:12)\n    at Object.onceWrapper (node:events:632:28)\n    at Server.emit (node:events:518:28)\n    at Server.emit (node:domain:488:12)\n    at emitCloseNT (node:net:2314:8)\n    at processTicksAndRejections (node:internal/process/task_queues:81:21)","trace":[{"column":39,"file":"tests\\integration\\user.test.ts","function":null,"line":47,"method":null,"native":false},{"column":6,"file":"node_modules\\supertest\\lib\\test.js","function":"Test.assert","line":181,"method":"assert","native":false},{"column":12,"file":"node_modules\\supertest\\lib\\test.js","function":"Server.localAssert","line":131,"method":"localAssert","native":false},{"column":28,"file":"node:events","function":"Object.onceWrapper","line":632,"method":"onceWrapper","native":false},{"column":28,"file":"node:events","function":"Server.emit","line":518,"method":"emit","native":false},{"column":12,"file":"node:domain","function":"Server.emit","line":488,"method":"emit","native":false},{"column":8,"file":"node:net","function":"emitCloseNT","line":2314,"method":null,"native":false},{"column":21,"file":"node:internal/process/task_queues","function":"processTicksAndRejections","line":81,"method":null,"native":false}]}
info: ::ffff:127.0.0.1 - - [26/Aug/2024:03:40:08 +0000] "POST /api/v1/users/forgotpassword HTTP/1.1" 202 235 "-" "node-superagent/3.8.3"

info: ::ffff:127.0.0.1 - - [26/Aug/2024:03:40:09 +0000] "POST /api/v1/users/resetpwd HTTP/1.1" 202 43 "-" "node-superagent/3.8.3"

info: ::ffff:127.0.0.1 - - [26/Aug/2024:04:06:47 +0000] "POST /api/v1/users HTTP/1.1" 500 89 "-" "node-superagent/3.8.3"

info: ::ffff:127.0.0.1 - - [26/Aug/2024:04:06:47 +0000] "POST /api/v1/users/login HTTP/1.1" 500 89 "-" "node-superagent/3.8.3"

info: ::ffff:127.0.0.1 - - [26/Aug/2024:04:08:02 +0000] "POST /api/v1/users/login HTTP/1.1" 401 50 "-" "node-superagent/3.8.3"

info: ::ffff:127.0.0.1 - - [26/Aug/2024:04:08:02 +0000] "POST /api/v1/users HTTP/1.1" 201 316 "-" "node-superagent/3.8.3"

info: ::ffff:127.0.0.1 - - [26/Aug/2024:04:10:27 +0000] "POST /api/v1/users HTTP/1.1" 500 51 "-" "node-superagent/3.8.3"

info: ::ffff:127.0.0.1 - - [26/Aug/2024:04:16:08 +0000] "POST /api/v1/users HTTP/1.1" 201 311 "-" "node-superagent/3.8.3"

info: ::ffff:127.0.0.1 - - [26/Aug/2024:04:16:08 +0000] "POST /api/v1/users/login HTTP/1.1" 200 289 "-" "node-superagent/3.8.3"

error: uncaughtException: expected 201 to equal 200
AssertionError: expected 201 to equal 200
    at Test.<anonymous> (tests\integration\notes.test.ts:54:50)
    at Test.assert (node_modules\supertest\lib\test.js:181:6)
    at Server.localAssert (node_modules\supertest\lib\test.js:131:12)
    at Object.onceWrapper (node:events:632:28)
    at Server.emit (node:events:518:28)
    at Server.emit (node:domain:488:12)
    at emitCloseNT (node:net:2314:8)
    at processTicksAndRejections (node:internal/process/task_queues:81:21) {"date":"Mon Aug 26 2024 09:46:08 GMT+0530 (India Standard Time)","error":{"actual":"201","expected":"200","message":"expected 201 to equal 200","name":"AssertionError","operator":"strictEqual","showDiff":true,"stack":"AssertionError: expected 201 to equal 200\n    at Test.<anonymous> (tests\\integration\\notes.test.ts:54:50)\n    at Test.assert (node_modules\\supertest\\lib\\test.js:181:6)\n    at Server.localAssert (node_modules\\supertest\\lib\\test.js:131:12)\n    at Object.onceWrapper (node:events:632:28)\n    at Server.emit (node:events:518:28)\n    at Server.emit (node:domain:488:12)\n    at emitCloseNT (node:net:2314:8)\n    at processTicksAndRejections (node:internal/process/task_queues:81:21)","uncaught":true},"exception":true,"os":{"loadavg":[0,0,0],"uptime":4299.625},"process":{"argv":["C:\\Program Files\\nodejs\\node.exe","D:\\firstProject\\Firstproject\\node_modules\\mocha\\bin\\mocha","--exit","--recursive","--require","ts-node/register","--timeout=5000","tests/**/*.ts"],"cwd":"D:\\firstProject\\Firstproject","execPath":"C:\\Program Files\\nodejs\\node.exe","gid":null,"memoryUsage":{"arrayBuffers":3681123,"external":6719800,"heapTotal":217653248,"heapUsed":192978720,"rss":261599232},"pid":11000,"uid":null,"version":"v20.12.2"},"stack":"AssertionError: expected 201 to equal 200\n    at Test.<anonymous> (tests\\integration\\notes.test.ts:54:50)\n    at Test.assert (node_modules\\supertest\\lib\\test.js:181:6)\n    at Server.localAssert (node_modules\\supertest\\lib\\test.js:131:12)\n    at Object.onceWrapper (node:events:632:28)\n    at Server.emit (node:events:518:28)\n    at Server.emit (node:domain:488:12)\n    at emitCloseNT (node:net:2314:8)\n    at processTicksAndRejections (node:internal/process/task_queues:81:21)","trace":[{"column":50,"file":"tests\\integration\\notes.test.ts","function":null,"line":54,"method":null,"native":false},{"column":6,"file":"node_modules\\supertest\\lib\\test.js","function":"Test.assert","line":181,"method":"assert","native":false},{"column":12,"file":"node_modules\\supertest\\lib\\test.js","function":"Server.localAssert","line":131,"method":"localAssert","native":false},{"column":28,"file":"node:events","function":"Object.onceWrapper","line":632,"method":"onceWrapper","native":false},{"column":28,"file":"node:events","function":"Server.emit","line":518,"method":"emit","native":false},{"column":12,"file":"node:domain","function":"Server.emit","line":488,"method":"emit","native":false},{"column":8,"file":"node:net","function":"emitCloseNT","line":2314,"method":null,"native":false},{"column":21,"file":"node:internal/process/task_queues","function":"processTicksAndRejections","line":81,"method":null,"native":false}]}
error: uncaughtException: expected 201 to equal 200
AssertionError: expected 201 to equal 200
    at Test.<anonymous> (tests\integration\notes.test.ts:54:50)
    at Test.assert (node_modules\supertest\lib\test.js:181:6)
    at Server.localAssert (node_modules\supertest\lib\test.js:131:12)
    at Object.onceWrapper (node:events:632:28)
    at Server.emit (node:events:518:28)
    at Server.emit (node:domain:488:12)
    at emitCloseNT (node:net:2314:8)
    at processTicksAndRejections (node:internal/process/task_queues:81:21) {"date":"Mon Aug 26 2024 09:46:08 GMT+0530 (India Standard Time)","error":{"actual":"201","expected":"200","message":"expected 201 to equal 200","name":"AssertionError","operator":"strictEqual","showDiff":true,"stack":"AssertionError: expected 201 to equal 200\n    at Test.<anonymous> (tests\\integration\\notes.test.ts:54:50)\n    at Test.assert (node_modules\\supertest\\lib\\test.js:181:6)\n    at Server.localAssert (node_modules\\supertest\\lib\\test.js:131:12)\n    at Object.onceWrapper (node:events:632:28)\n    at Server.emit (node:events:518:28)\n    at Server.emit (node:domain:488:12)\n    at emitCloseNT (node:net:2314:8)\n    at processTicksAndRejections (node:internal/process/task_queues:81:21)","uncaught":true},"exception":true,"os":{"loadavg":[0,0,0],"uptime":4299.64},"process":{"argv":["C:\\Program Files\\nodejs\\node.exe","D:\\firstProject\\Firstproject\\node_modules\\mocha\\bin\\mocha","--exit","--recursive","--require","ts-node/register","--timeout=5000","tests/**/*.ts"],"cwd":"D:\\firstProject\\Firstproject","execPath":"C:\\Program Files\\nodejs\\node.exe","gid":null,"memoryUsage":{"arrayBuffers":3689315,"external":6727992,"heapTotal":217653248,"heapUsed":193029088,"rss":261619712},"pid":11000,"uid":null,"version":"v20.12.2"},"stack":"AssertionError: expected 201 to equal 200\n    at Test.<anonymous> (tests\\integration\\notes.test.ts:54:50)\n    at Test.assert (node_modules\\supertest\\lib\\test.js:181:6)\n    at Server.localAssert (node_modules\\supertest\\lib\\test.js:131:12)\n    at Object.onceWrapper (node:events:632:28)\n    at Server.emit (node:events:518:28)\n    at Server.emit (node:domain:488:12)\n    at emitCloseNT (node:net:2314:8)\n    at processTicksAndRejections (node:internal/process/task_queues:81:21)","trace":[{"column":50,"file":"tests\\integration\\notes.test.ts","function":null,"line":54,"method":null,"native":false},{"column":6,"file":"node_modules\\supertest\\lib\\test.js","function":"Test.assert","line":181,"method":"assert","native":false},{"column":12,"file":"node_modules\\supertest\\lib\\test.js","function":"Server.localAssert","line":131,"method":"localAssert","native":false},{"column":28,"file":"node:events","function":"Object.onceWrapper","line":632,"method":"onceWrapper","native":false},{"column":28,"file":"node:events","function":"Server.emit","line":518,"method":"emit","native":false},{"column":12,"file":"node:domain","function":"Server.emit","line":488,"method":"emit","native":false},{"column":8,"file":"node:net","function":"emitCloseNT","line":2314,"method":null,"native":false},{"column":21,"file":"node:internal/process/task_queues","function":"processTicksAndRejections","line":81,"method":null,"native":false}]}
info: ::ffff:127.0.0.1 - - [26/Aug/2024:04:16:08 +0000] "POST /api/v1/notes HTTP/1.1" 201 268 "-" "node-superagent/3.8.3"

error: uncaughtException: expected 201 to equal 200
AssertionError: expected 201 to equal 200
    at Test.<anonymous> (tests\integration\notes.test.ts:54:50)
    at Test.assert (node_modules\supertest\lib\test.js:181:6)
    at Server.localAssert (node_modules\supertest\lib\test.js:131:12)
    at Object.onceWrapper (node:events:632:28)
    at Server.emit (node:events:518:28)
    at Server.emit (node:domain:488:12)
    at emitCloseNT (node:net:2314:8)
    at processTicksAndRejections (node:internal/process/task_queues:81:21) {"date":"Mon Aug 26 2024 09:46:08 GMT+0530 (India Standard Time)","error":{"actual":"201","expected":"200","message":"expected 201 to equal 200","name":"AssertionError","operator":"strictEqual","showDiff":true,"stack":"AssertionError: expected 201 to equal 200\n    at Test.<anonymous> (tests\\integration\\notes.test.ts:54:50)\n    at Test.assert (node_modules\\supertest\\lib\\test.js:181:6)\n    at Server.localAssert (node_modules\\supertest\\lib\\test.js:131:12)\n    at Object.onceWrapper (node:events:632:28)\n    at Server.emit (node:events:518:28)\n    at Server.emit (node:domain:488:12)\n    at emitCloseNT (node:net:2314:8)\n    at processTicksAndRejections (node:internal/process/task_queues:81:21)","uncaught":true},"exception":true,"os":{"loadavg":[0,0,0],"uptime":4299.64},"process":{"argv":["C:\\Program Files\\nodejs\\node.exe","D:\\firstProject\\Firstproject\\node_modules\\mocha\\bin\\mocha","--exit","--recursive","--require","ts-node/register","--timeout=5000","tests/**/*.ts"],"cwd":"D:\\firstProject\\Firstproject","execPath":"C:\\Program Files\\nodejs\\node.exe","gid":null,"memoryUsage":{"arrayBuffers":3689315,"external":6727992,"heapTotal":217653248,"heapUsed":193077880,"rss":261619712},"pid":11000,"uid":null,"version":"v20.12.2"},"stack":"AssertionError: expected 201 to equal 200\n    at Test.<anonymous> (tests\\integration\\notes.test.ts:54:50)\n    at Test.assert (node_modules\\supertest\\lib\\test.js:181:6)\n    at Server.localAssert (node_modules\\supertest\\lib\\test.js:131:12)\n    at Object.onceWrapper (node:events:632:28)\n    at Server.emit (node:events:518:28)\n    at Server.emit (node:domain:488:12)\n    at emitCloseNT (node:net:2314:8)\n    at processTicksAndRejections (node:internal/process/task_queues:81:21)","trace":[{"column":50,"file":"tests\\integration\\notes.test.ts","function":null,"line":54,"method":null,"native":false},{"column":6,"file":"node_modules\\supertest\\lib\\test.js","function":"Test.assert","line":181,"method":"assert","native":false},{"column":12,"file":"node_modules\\supertest\\lib\\test.js","function":"Server.localAssert","line":131,"method":"localAssert","native":false},{"column":28,"file":"node:events","function":"Object.onceWrapper","line":632,"method":"onceWrapper","native":false},{"column":28,"file":"node:events","function":"Server.emit","line":518,"method":"emit","native":false},{"column":12,"file":"node:domain","function":"Server.emit","line":488,"method":"emit","native":false},{"column":8,"file":"node:net","function":"emitCloseNT","line":2314,"method":null,"native":false},{"column":21,"file":"node:internal/process/task_queues","function":"processTicksAndRejections","line":81,"method":null,"native":false}]}
info: ::ffff:127.0.0.1 - - [26/Aug/2024:04:22:27 +0000] "POST /api/v1/notes HTTP/1.1" 400 56 "-" "node-superagent/3.8.3"

error: uncaughtException: expected 400 to equal 200
AssertionError: expected 400 to equal 200
    at Test.<anonymous> (tests\integration\notes.test.ts:54:50)
    at Test.assert (node_modules\supertest\lib\test.js:181:6)
    at Server.localAssert (node_modules\supertest\lib\test.js:131:12)
    at Object.onceWrapper (node:events:632:28)
    at Server.emit (node:events:518:28)
    at Server.emit (node:domain:488:12)
    at emitCloseNT (node:net:2314:8)
    at processTicksAndRejections (node:internal/process/task_queues:81:21) {"date":"Mon Aug 26 2024 09:52:27 GMT+0530 (India Standard Time)","error":{"actual":"400","expected":"200","message":"expected 400 to equal 200","name":"AssertionError","operator":"strictEqual","showDiff":true,"stack":"AssertionError: expected 400 to equal 200\n    at Test.<anonymous> (tests\\integration\\notes.test.ts:54:50)\n    at Test.assert (node_modules\\supertest\\lib\\test.js:181:6)\n    at Server.localAssert (node_modules\\supertest\\lib\\test.js:131:12)\n    at Object.onceWrapper (node:events:632:28)\n    at Server.emit (node:events:518:28)\n    at Server.emit (node:domain:488:12)\n    at emitCloseNT (node:net:2314:8)\n    at processTicksAndRejections (node:internal/process/task_queues:81:21)","uncaught":true},"exception":true,"os":{"loadavg":[0,0,0],"uptime":4678.171},"process":{"argv":["C:\\Program Files\\nodejs\\node.exe","D:\\firstProject\\Firstproject\\node_modules\\mocha\\bin\\mocha","--exit","--recursive","--require","ts-node/register","--timeout=5000","tests/**/*.ts"],"cwd":"D:\\firstProject\\Firstproject","execPath":"C:\\Program Files\\nodejs\\node.exe","gid":null,"memoryUsage":{"arrayBuffers":3605423,"external":6620389,"heapTotal":215556096,"heapUsed":180611752,"rss":257773568},"pid":10208,"uid":null,"version":"v20.12.2"},"stack":"AssertionError: expected 400 to equal 200\n    at Test.<anonymous> (tests\\integration\\notes.test.ts:54:50)\n    at Test.assert (node_modules\\supertest\\lib\\test.js:181:6)\n    at Server.localAssert (node_modules\\supertest\\lib\\test.js:131:12)\n    at Object.onceWrapper (node:events:632:28)\n    at Server.emit (node:events:518:28)\n    at Server.emit (node:domain:488:12)\n    at emitCloseNT (node:net:2314:8)\n    at processTicksAndRejections (node:internal/process/task_queues:81:21)","trace":[{"column":50,"file":"tests\\integration\\notes.test.ts","function":null,"line":54,"method":null,"native":false},{"column":6,"file":"node_modules\\supertest\\lib\\test.js","function":"Test.assert","line":181,"method":"assert","native":false},{"column":12,"file":"node_modules\\supertest\\lib\\test.js","function":"Server.localAssert","line":131,"method":"localAssert","native":false},{"column":28,"file":"node:events","function":"Object.onceWrapper","line":632,"method":"onceWrapper","native":false},{"column":28,"file":"node:events","function":"Server.emit","line":518,"method":"emit","native":false},{"column":12,"file":"node:domain","function":"Server.emit","line":488,"method":"emit","native":false},{"column":8,"file":"node:net","function":"emitCloseNT","line":2314,"method":null,"native":false},{"column":21,"file":"node:internal/process/task_queues","function":"processTicksAndRejections","line":81,"method":null,"native":false}]}
info: ::ffff:127.0.0.1 - - [26/Aug/2024:04:23:33 +0000] "POST /api/v1/users HTTP/1.1" 201 310 "-" "node-superagent/3.8.3"

info: ::ffff:127.0.0.1 - - [26/Aug/2024:04:23:33 +0000] "POST /api/v1/users/login HTTP/1.1" 200 289 "-" "node-superagent/3.8.3"

info: ::ffff:127.0.0.1 - - [26/Aug/2024:04:23:33 +0000] "POST /api/v1/notes HTTP/1.1" 200 268 "-" "node-superagent/3.8.3"

info: ::ffff:127.0.0.1 - - [26/Aug/2024:04:30:27 +0000] "POST /api/v1/users HTTP/1.1" 500 51 "-" "node-superagent/3.8.3"

info: ::ffff:127.0.0.1 - - [26/Aug/2024:04:31:31 +0000] "POST /api/v1/users HTTP/1.1" 201 307 "-" "node-superagent/3.8.3"

info: ::ffff:127.0.0.1 - - [26/Aug/2024:04:31:31 +0000] "POST /api/v1/users/login HTTP/1.1" 200 289 "-" "node-superagent/3.8.3"

info: ::ffff:127.0.0.1 - - [26/Aug/2024:04:31:31 +0000] "POST /api/v1/notes HTTP/1.1" 200 271 "-" "node-superagent/3.8.3"

info: ::ffff:127.0.0.1 - - [26/Aug/2024:04:31:31 +0000] "PUT /api/v1/notes/update/11 HTTP/1.1" 200 50 "-" "node-superagent/3.8.3"

info: ::ffff:127.0.0.1 - - [26/Aug/2024:04:41:35 +0000] "POST /api/v1/users/login HTTP/1.1" 200 289 "-" "node-superagent/3.8.3"

info: ::ffff:127.0.0.1 - - [26/Aug/2024:04:41:35 +0000] "POST /api/v1/notes HTTP/1.1" 200 271 "-" "node-superagent/3.8.3"

info: ::ffff:127.0.0.1 - - [26/Aug/2024:04:41:35 +0000] "PUT /api/v1/notes/update/11 HTTP/1.1" 200 50 "-" "node-superagent/3.8.3"

info: ::ffff:127.0.0.1 - - [26/Aug/2024:04:41:35 +0000] "GET /api/v1/notes/ HTTP/1.1" 200 894 "-" "node-superagent/3.8.3"

info: ::ffff:127.0.0.1 - - [26/Aug/2024:04:42:57 +0000] "POST /api/v1/users/login HTTP/1.1" 200 289 "-" "node-superagent/3.8.3"

info: ::ffff:127.0.0.1 - - [26/Aug/2024:04:42:57 +0000] "POST /api/v1/notes HTTP/1.1" 200 271 "-" "node-superagent/3.8.3"

info: ::ffff:127.0.0.1 - - [26/Aug/2024:04:42:57 +0000] "PUT /api/v1/notes/update/11 HTTP/1.1" 200 50 "-" "node-superagent/3.8.3"

info: ::ffff:127.0.0.1 - - [26/Aug/2024:04:42:57 +0000] "GET /api/v1/notes/ HTTP/1.1" 200 1108 "-" "node-superagent/3.8.3"

info: ::ffff:127.0.0.1 - - [26/Aug/2024:04:42:57 +0000] "GET /api/v1/notes/11 HTTP/1.1" 200 253 "-" "node-superagent/3.8.3"

info: ::ffff:127.0.0.1 - - [26/Aug/2024:04:49:54 +0000] "POST /api/v1/users/login HTTP/1.1" 200 289 "-" "node-superagent/3.8.3"

info: ::ffff:127.0.0.1 - - [26/Aug/2024:04:49:54 +0000] "POST /api/v1/notes HTTP/1.1" 200 271 "-" "node-superagent/3.8.3"

info: ::ffff:127.0.0.1 - - [26/Aug/2024:04:49:54 +0000] "PUT /api/v1/notes/update/14 HTTP/1.1" 200 50 "-" "node-superagent/3.8.3"

info: ::ffff:127.0.0.1 - - [26/Aug/2024:04:49:54 +0000] "GET /api/v1/notes/ HTTP/1.1" 200 1307 "-" "node-superagent/3.8.3"

info: ::ffff:127.0.0.1 - - [26/Aug/2024:04:49:54 +0000] "GET /api/v1/notes/14 HTTP/1.1" 200 256 "-" "node-superagent/3.8.3"

error: uncaughtException: expected 404 to equal 200
AssertionError: expected 404 to equal 200
    at Test.<anonymous> (tests\integration\notes.test.ts:107:50)
    at Test.assert (node_modules\supertest\lib\test.js:181:6)
    at Server.localAssert (node_modules\supertest\lib\test.js:131:12)
    at Object.onceWrapper (node:events:632:28)
    at Server.emit (node:events:518:28)
    at Server.emit (node:domain:488:12)
    at emitCloseNT (node:net:2314:8)
    at processTicksAndRejections (node:internal/process/task_queues:81:21) {"date":"Mon Aug 26 2024 10:19:54 GMT+0530 (India Standard Time)","error":{"actual":"404","expected":"200","message":"expected 404 to equal 200","name":"AssertionError","operator":"strictEqual","showDiff":true,"stack":"AssertionError: expected 404 to equal 200\n    at Test.<anonymous> (tests\\integration\\notes.test.ts:107:50)\n    at Test.assert (node_modules\\supertest\\lib\\test.js:181:6)\n    at Server.localAssert (node_modules\\supertest\\lib\\test.js:131:12)\n    at Object.onceWrapper (node:events:632:28)\n    at Server.emit (node:events:518:28)\n    at Server.emit (node:domain:488:12)\n    at emitCloseNT (node:net:2314:8)\n    at processTicksAndRejections (node:internal/process/task_queues:81:21)","uncaught":true},"exception":true,"os":{"loadavg":[0,0,0],"uptime":6325.484},"process":{"argv":["C:\\Program Files\\nodejs\\node.exe","D:\\firstProject\\Firstproject\\node_modules\\mocha\\bin\\mocha","--exit","--recursive","--require","ts-node/register","--timeout=5000","tests/**/*.ts"],"cwd":"D:\\firstProject\\Firstproject","execPath":"C:\\Program Files\\nodejs\\node.exe","gid":null,"memoryUsage":{"arrayBuffers":3702121,"external":6744044,"heapTotal":241909760,"heapUsed":214943880,"rss":287125504},"pid":12772,"uid":null,"version":"v20.12.2"},"stack":"AssertionError: expected 404 to equal 200\n    at Test.<anonymous> (tests\\integration\\notes.test.ts:107:50)\n    at Test.assert (node_modules\\supertest\\lib\\test.js:181:6)\n    at Server.localAssert (node_modules\\supertest\\lib\\test.js:131:12)\n    at Object.onceWrapper (node:events:632:28)\n    at Server.emit (node:events:518:28)\n    at Server.emit (node:domain:488:12)\n    at emitCloseNT (node:net:2314:8)\n    at processTicksAndRejections (node:internal/process/task_queues:81:21)","trace":[{"column":50,"file":"tests\\integration\\notes.test.ts","function":null,"line":107,"method":null,"native":false},{"column":6,"file":"node_modules\\supertest\\lib\\test.js","function":"Test.assert","line":181,"method":"assert","native":false},{"column":12,"file":"node_modules\\supertest\\lib\\test.js","function":"Server.localAssert","line":131,"method":"localAssert","native":false},{"column":28,"file":"node:events","function":"Object.onceWrapper","line":632,"method":"onceWrapper","native":false},{"column":28,"file":"node:events","function":"Server.emit","line":518,"method":"emit","native":false},{"column":12,"file":"node:domain","function":"Server.emit","line":488,"method":"emit","native":false},{"column":8,"file":"node:net","function":"emitCloseNT","line":2314,"method":null,"native":false},{"column":21,"file":"node:internal/process/task_queues","function":"processTicksAndRejections","line":81,"method":null,"native":false}]}
error: uncaughtException: expected 404 to equal 200
AssertionError: expected 404 to equal 200
    at Test.<anonymous> (tests\integration\notes.test.ts:107:50)
    at Test.assert (node_modules\supertest\lib\test.js:181:6)
    at Server.localAssert (node_modules\supertest\lib\test.js:131:12)
    at Object.onceWrapper (node:events:632:28)
    at Server.emit (node:events:518:28)
    at Server.emit (node:domain:488:12)
    at emitCloseNT (node:net:2314:8)
    at processTicksAndRejections (node:internal/process/task_queues:81:21) {"date":"Mon Aug 26 2024 10:19:54 GMT+0530 (India Standard Time)","error":{"actual":"404","expected":"200","message":"expected 404 to equal 200","name":"AssertionError","operator":"strictEqual","showDiff":true,"stack":"AssertionError: expected 404 to equal 200\n    at Test.<anonymous> (tests\\integration\\notes.test.ts:107:50)\n    at Test.assert (node_modules\\supertest\\lib\\test.js:181:6)\n    at Server.localAssert (node_modules\\supertest\\lib\\test.js:131:12)\n    at Object.onceWrapper (node:events:632:28)\n    at Server.emit (node:events:518:28)\n    at Server.emit (node:domain:488:12)\n    at emitCloseNT (node:net:2314:8)\n    at processTicksAndRejections (node:internal/process/task_queues:81:21)","uncaught":true},"exception":true,"os":{"loadavg":[0,0,0],"uptime":6325.484},"process":{"argv":["C:\\Program Files\\nodejs\\node.exe","D:\\firstProject\\Firstproject\\node_modules\\mocha\\bin\\mocha","--exit","--recursive","--require","ts-node/register","--timeout=5000","tests/**/*.ts"],"cwd":"D:\\firstProject\\Firstproject","execPath":"C:\\Program Files\\nodejs\\node.exe","gid":null,"memoryUsage":{"arrayBuffers":3702121,"external":6744044,"heapTotal":241909760,"heapUsed":214993464,"rss":287141888},"pid":12772,"uid":null,"version":"v20.12.2"},"stack":"AssertionError: expected 404 to equal 200\n    at Test.<anonymous> (tests\\integration\\notes.test.ts:107:50)\n    at Test.assert (node_modules\\supertest\\lib\\test.js:181:6)\n    at Server.localAssert (node_modules\\supertest\\lib\\test.js:131:12)\n    at Object.onceWrapper (node:events:632:28)\n    at Server.emit (node:events:518:28)\n    at Server.emit (node:domain:488:12)\n    at emitCloseNT (node:net:2314:8)\n    at processTicksAndRejections (node:internal/process/task_queues:81:21)","trace":[{"column":50,"file":"tests\\integration\\notes.test.ts","function":null,"line":107,"method":null,"native":false},{"column":6,"file":"node_modules\\supertest\\lib\\test.js","function":"Test.assert","line":181,"method":"assert","native":false},{"column":12,"file":"node_modules\\supertest\\lib\\test.js","function":"Server.localAssert","line":131,"method":"localAssert","native":false},{"column":28,"file":"node:events","function":"Object.onceWrapper","line":632,"method":"onceWrapper","native":false},{"column":28,"file":"node:events","function":"Server.emit","line":518,"method":"emit","native":false},{"column":12,"file":"node:domain","function":"Server.emit","line":488,"method":"emit","native":false},{"column":8,"file":"node:net","function":"emitCloseNT","line":2314,"method":null,"native":false},{"column":21,"file":"node:internal/process/task_queues","function":"processTicksAndRejections","line":81,"method":null,"native":false}]}
error: uncaughtException: expected 404 to equal 200
AssertionError: expected 404 to equal 200
    at Test.<anonymous> (tests\integration\notes.test.ts:107:50)
    at Test.assert (node_modules\supertest\lib\test.js:181:6)
    at Server.localAssert (node_modules\supertest\lib\test.js:131:12)
    at Object.onceWrapper (node:events:632:28)
    at Server.emit (node:events:518:28)
    at Server.emit (node:domain:488:12)
    at emitCloseNT (node:net:2314:8)
    at processTicksAndRejections (node:internal/process/task_queues:81:21) {"date":"Mon Aug 26 2024 10:19:54 GMT+0530 (India Standard Time)","error":{"actual":"404","expected":"200","message":"expected 404 to equal 200","name":"AssertionError","operator":"strictEqual","showDiff":true,"stack":"AssertionError: expected 404 to equal 200\n    at Test.<anonymous> (tests\\integration\\notes.test.ts:107:50)\n    at Test.assert (node_modules\\supertest\\lib\\test.js:181:6)\n    at Server.localAssert (node_modules\\supertest\\lib\\test.js:131:12)\n    at Object.onceWrapper (node:events:632:28)\n    at Server.emit (node:events:518:28)\n    at Server.emit (node:domain:488:12)\n    at emitCloseNT (node:net:2314:8)\n    at processTicksAndRejections (node:internal/process/task_queues:81:21)","uncaught":true},"exception":true,"os":{"loadavg":[0,0,0],"uptime":6325.5},"process":{"argv":["C:\\Program Files\\nodejs\\node.exe","D:\\firstProject\\Firstproject\\node_modules\\mocha\\bin\\mocha","--exit","--recursive","--require","ts-node/register","--timeout=5000","tests/**/*.ts"],"cwd":"D:\\firstProject\\Firstproject","execPath":"C:\\Program Files\\nodejs\\node.exe","gid":null,"memoryUsage":{"arrayBuffers":3710313,"external":6752236,"heapTotal":241909760,"heapUsed":215041232,"rss":287141888},"pid":12772,"uid":null,"version":"v20.12.2"},"stack":"AssertionError: expected 404 to equal 200\n    at Test.<anonymous> (tests\\integration\\notes.test.ts:107:50)\n    at Test.assert (node_modules\\supertest\\lib\\test.js:181:6)\n    at Server.localAssert (node_modules\\supertest\\lib\\test.js:131:12)\n    at Object.onceWrapper (node:events:632:28)\n    at Server.emit (node:events:518:28)\n    at Server.emit (node:domain:488:12)\n    at emitCloseNT (node:net:2314:8)\n    at processTicksAndRejections (node:internal/process/task_queues:81:21)","trace":[{"column":50,"file":"tests\\integration\\notes.test.ts","function":null,"line":107,"method":null,"native":false},{"column":6,"file":"node_modules\\supertest\\lib\\test.js","function":"Test.assert","line":181,"method":"assert","native":false},{"column":12,"file":"node_modules\\supertest\\lib\\test.js","function":"Server.localAssert","line":131,"method":"localAssert","native":false},{"column":28,"file":"node:events","function":"Object.onceWrapper","line":632,"method":"onceWrapper","native":false},{"column":28,"file":"node:events","function":"Server.emit","line":518,"method":"emit","native":false},{"column":12,"file":"node:domain","function":"Server.emit","line":488,"method":"emit","native":false},{"column":8,"file":"node:net","function":"emitCloseNT","line":2314,"method":null,"native":false},{"column":21,"file":"node:internal/process/task_queues","function":"processTicksAndRejections","line":81,"method":null,"native":false}]}
error: uncaughtException: expected 404 to equal 200
AssertionError: expected 404 to equal 200
    at Test.<anonymous> (tests\integration\notes.test.ts:107:50)
    at Test.assert (node_modules\supertest\lib\test.js:181:6)
    at Server.localAssert (node_modules\supertest\lib\test.js:131:12)
    at Object.onceWrapper (node:events:632:28)
    at Server.emit (node:events:518:28)
    at Server.emit (node:domain:488:12)
    at emitCloseNT (node:net:2314:8)
    at processTicksAndRejections (node:internal/process/task_queues:81:21) {"date":"Mon Aug 26 2024 10:19:54 GMT+0530 (India Standard Time)","error":{"actual":"404","expected":"200","message":"expected 404 to equal 200","name":"AssertionError","operator":"strictEqual","showDiff":true,"stack":"AssertionError: expected 404 to equal 200\n    at Test.<anonymous> (tests\\integration\\notes.test.ts:107:50)\n    at Test.assert (node_modules\\supertest\\lib\\test.js:181:6)\n    at Server.localAssert (node_modules\\supertest\\lib\\test.js:131:12)\n    at Object.onceWrapper (node:events:632:28)\n    at Server.emit (node:events:518:28)\n    at Server.emit (node:domain:488:12)\n    at emitCloseNT (node:net:2314:8)\n    at processTicksAndRejections (node:internal/process/task_queues:81:21)","uncaught":true},"exception":true,"os":{"loadavg":[0,0,0],"uptime":6325.5},"process":{"argv":["C:\\Program Files\\nodejs\\node.exe","D:\\firstProject\\Firstproject\\node_modules\\mocha\\bin\\mocha","--exit","--recursive","--require","ts-node/register","--timeout=5000","tests/**/*.ts"],"cwd":"D:\\firstProject\\Firstproject","execPath":"C:\\Program Files\\nodejs\\node.exe","gid":null,"memoryUsage":{"arrayBuffers":3710313,"external":6752236,"heapTotal":241909760,"heapUsed":215089080,"rss":287145984},"pid":12772,"uid":null,"version":"v20.12.2"},"stack":"AssertionError: expected 404 to equal 200\n    at Test.<anonymous> (tests\\integration\\notes.test.ts:107:50)\n    at Test.assert (node_modules\\supertest\\lib\\test.js:181:6)\n    at Server.localAssert (node_modules\\supertest\\lib\\test.js:131:12)\n    at Object.onceWrapper (node:events:632:28)\n    at Server.emit (node:events:518:28)\n    at Server.emit (node:domain:488:12)\n    at emitCloseNT (node:net:2314:8)\n    at processTicksAndRejections (node:internal/process/task_queues:81:21)","trace":[{"column":50,"file":"tests\\integration\\notes.test.ts","function":null,"line":107,"method":null,"native":false},{"column":6,"file":"node_modules\\supertest\\lib\\test.js","function":"Test.assert","line":181,"method":"assert","native":false},{"column":12,"file":"node_modules\\supertest\\lib\\test.js","function":"Server.localAssert","line":131,"method":"localAssert","native":false},{"column":28,"file":"node:events","function":"Object.onceWrapper","line":632,"method":"onceWrapper","native":false},{"column":28,"file":"node:events","function":"Server.emit","line":518,"method":"emit","native":false},{"column":12,"file":"node:domain","function":"Server.emit","line":488,"method":"emit","native":false},{"column":8,"file":"node:net","function":"emitCloseNT","line":2314,"method":null,"native":false},{"column":21,"file":"node:internal/process/task_queues","function":"processTicksAndRejections","line":81,"method":null,"native":false}]}
error: uncaughtException: expected 404 to equal 200
AssertionError: expected 404 to equal 200
    at Test.<anonymous> (tests\integration\notes.test.ts:107:50)
    at Test.assert (node_modules\supertest\lib\test.js:181:6)
    at Server.localAssert (node_modules\supertest\lib\test.js:131:12)
    at Object.onceWrapper (node:events:632:28)
    at Server.emit (node:events:518:28)
    at Server.emit (node:domain:488:12)
    at emitCloseNT (node:net:2314:8)
    at processTicksAndRejections (node:internal/process/task_queues:81:21) {"date":"Mon Aug 26 2024 10:19:54 GMT+0530 (India Standard Time)","error":{"actual":"404","expected":"200","message":"expected 404 to equal 200","name":"AssertionError","operator":"strictEqual","showDiff":true,"stack":"AssertionError: expected 404 to equal 200\n    at Test.<anonymous> (tests\\integration\\notes.test.ts:107:50)\n    at Test.assert (node_modules\\supertest\\lib\\test.js:181:6)\n    at Server.localAssert (node_modules\\supertest\\lib\\test.js:131:12)\n    at Object.onceWrapper (node:events:632:28)\n    at Server.emit (node:events:518:28)\n    at Server.emit (node:domain:488:12)\n    at emitCloseNT (node:net:2314:8)\n    at processTicksAndRejections (node:internal/process/task_queues:81:21)","uncaught":true},"exception":true,"os":{"loadavg":[0,0,0],"uptime":6325.5},"process":{"argv":["C:\\Program Files\\nodejs\\node.exe","D:\\firstProject\\Firstproject\\node_modules\\mocha\\bin\\mocha","--exit","--recursive","--require","ts-node/register","--timeout=5000","tests/**/*.ts"],"cwd":"D:\\firstProject\\Firstproject","execPath":"C:\\Program Files\\nodejs\\node.exe","gid":null,"memoryUsage":{"arrayBuffers":3718505,"external":6760428,"heapTotal":241909760,"heapUsed":215138640,"rss":287145984},"pid":12772,"uid":null,"version":"v20.12.2"},"stack":"AssertionError: expected 404 to equal 200\n    at Test.<anonymous> (tests\\integration\\notes.test.ts:107:50)\n    at Test.assert (node_modules\\supertest\\lib\\test.js:181:6)\n    at Server.localAssert (node_modules\\supertest\\lib\\test.js:131:12)\n    at Object.onceWrapper (node:events:632:28)\n    at Server.emit (node:events:518:28)\n    at Server.emit (node:domain:488:12)\n    at emitCloseNT (node:net:2314:8)\n    at processTicksAndRejections (node:internal/process/task_queues:81:21)","trace":[{"column":50,"file":"tests\\integration\\notes.test.ts","function":null,"line":107,"method":null,"native":false},{"column":6,"file":"node_modules\\supertest\\lib\\test.js","function":"Test.assert","line":181,"method":"assert","native":false},{"column":12,"file":"node_modules\\supertest\\lib\\test.js","function":"Server.localAssert","line":131,"method":"localAssert","native":false},{"column":28,"file":"node:events","function":"Object.onceWrapper","line":632,"method":"onceWrapper","native":false},{"column":28,"file":"node:events","function":"Server.emit","line":518,"method":"emit","native":false},{"column":12,"file":"node:domain","function":"Server.emit","line":488,"method":"emit","native":false},{"column":8,"file":"node:net","function":"emitCloseNT","line":2314,"method":null,"native":false},{"column":21,"file":"node:internal/process/task_queues","function":"processTicksAndRejections","line":81,"method":null,"native":false}]}
info: ::ffff:127.0.0.1 - - [26/Aug/2024:04:49:54 +0000] "POST /api/v1/notes/archive/14 HTTP/1.1" 404 47 "-" "node-superagent/3.8.3"

error: uncaughtException: expected 404 to equal 200
AssertionError: expected 404 to equal 200
    at Test.<anonymous> (tests\integration\notes.test.ts:107:50)
    at Test.assert (node_modules\supertest\lib\test.js:181:6)
    at Server.localAssert (node_modules\supertest\lib\test.js:131:12)
    at Object.onceWrapper (node:events:632:28)
    at Server.emit (node:events:518:28)
    at Server.emit (node:domain:488:12)
    at emitCloseNT (node:net:2314:8)
    at processTicksAndRejections (node:internal/process/task_queues:81:21) {"date":"Mon Aug 26 2024 10:19:54 GMT+0530 (India Standard Time)","error":{"actual":"404","expected":"200","message":"expected 404 to equal 200","name":"AssertionError","operator":"strictEqual","showDiff":true,"stack":"AssertionError: expected 404 to equal 200\n    at Test.<anonymous> (tests\\integration\\notes.test.ts:107:50)\n    at Test.assert (node_modules\\supertest\\lib\\test.js:181:6)\n    at Server.localAssert (node_modules\\supertest\\lib\\test.js:131:12)\n    at Object.onceWrapper (node:events:632:28)\n    at Server.emit (node:events:518:28)\n    at Server.emit (node:domain:488:12)\n    at emitCloseNT (node:net:2314:8)\n    at processTicksAndRejections (node:internal/process/task_queues:81:21)","uncaught":true},"exception":true,"os":{"loadavg":[0,0,0],"uptime":6325.515},"process":{"argv":["C:\\Program Files\\nodejs\\node.exe","D:\\firstProject\\Firstproject\\node_modules\\mocha\\bin\\mocha","--exit","--recursive","--require","ts-node/register","--timeout=5000","tests/**/*.ts"],"cwd":"D:\\firstProject\\Firstproject","execPath":"C:\\Program Files\\nodejs\\node.exe","gid":null,"memoryUsage":{"arrayBuffers":3718505,"external":6760428,"heapTotal":241909760,"heapUsed":215186056,"rss":287158272},"pid":12772,"uid":null,"version":"v20.12.2"},"stack":"AssertionError: expected 404 to equal 200\n    at Test.<anonymous> (tests\\integration\\notes.test.ts:107:50)\n    at Test.assert (node_modules\\supertest\\lib\\test.js:181:6)\n    at Server.localAssert (node_modules\\supertest\\lib\\test.js:131:12)\n    at Object.onceWrapper (node:events:632:28)\n    at Server.emit (node:events:518:28)\n    at Server.emit (node:domain:488:12)\n    at emitCloseNT (node:net:2314:8)\n    at processTicksAndRejections (node:internal/process/task_queues:81:21)","trace":[{"column":50,"file":"tests\\integration\\notes.test.ts","function":null,"line":107,"method":null,"native":false},{"column":6,"file":"node_modules\\supertest\\lib\\test.js","function":"Test.assert","line":181,"method":"assert","native":false},{"column":12,"file":"node_modules\\supertest\\lib\\test.js","function":"Server.localAssert","line":131,"method":"localAssert","native":false},{"column":28,"file":"node:events","function":"Object.onceWrapper","line":632,"method":"onceWrapper","native":false},{"column":28,"file":"node:events","function":"Server.emit","line":518,"method":"emit","native":false},{"column":12,"file":"node:domain","function":"Server.emit","line":488,"method":"emit","native":false},{"column":8,"file":"node:net","function":"emitCloseNT","line":2314,"method":null,"native":false},{"column":21,"file":"node:internal/process/task_queues","function":"processTicksAndRejections","line":81,"method":null,"native":false}]}
info: ::ffff:127.0.0.1 - - [26/Aug/2024:04:49:54 +0000] "POST /api/v1/notes/trash/14 HTTP/1.1" 404 47 "-" "node-superagent/3.8.3"

error: uncaughtException: expected 404 to equal 200
AssertionError: expected 404 to equal 200
    at Test.<anonymous> (tests\integration\notes.test.ts:120:50)
    at Test.assert (node_modules\supertest\lib\test.js:181:6)
    at Server.localAssert (node_modules\supertest\lib\test.js:131:12)
    at Object.onceWrapper (node:events:632:28)
    at Server.emit (node:events:518:28)
    at Server.emit (node:domain:488:12)
    at emitCloseNT (node:net:2314:8)
    at processTicksAndRejections (node:internal/process/task_queues:81:21) {"date":"Mon Aug 26 2024 10:19:54 GMT+0530 (India Standard Time)","error":{"actual":"404","expected":"200","message":"expected 404 to equal 200","name":"AssertionError","operator":"strictEqual","showDiff":true,"stack":"AssertionError: expected 404 to equal 200\n    at Test.<anonymous> (tests\\integration\\notes.test.ts:120:50)\n    at Test.assert (node_modules\\supertest\\lib\\test.js:181:6)\n    at Server.localAssert (node_modules\\supertest\\lib\\test.js:131:12)\n    at Object.onceWrapper (node:events:632:28)\n    at Server.emit (node:events:518:28)\n    at Server.emit (node:domain:488:12)\n    at emitCloseNT (node:net:2314:8)\n    at processTicksAndRejections (node:internal/process/task_queues:81:21)","uncaught":true},"exception":true,"os":{"loadavg":[0,0,0],"uptime":6325.562},"process":{"argv":["C:\\Program Files\\nodejs\\node.exe","D:\\firstProject\\Firstproject\\node_modules\\mocha\\bin\\mocha","--exit","--recursive","--require","ts-node/register","--timeout=5000","tests/**/*.ts"],"cwd":"D:\\firstProject\\Firstproject","execPath":"C:\\Program Files\\nodejs\\node.exe","gid":null,"memoryUsage":{"arrayBuffers":3727601,"external":6769524,"heapTotal":242171904,"heapUsed":216208848,"rss":287301632},"pid":12772,"uid":null,"version":"v20.12.2"},"stack":"AssertionError: expected 404 to equal 200\n    at Test.<anonymous> (tests\\integration\\notes.test.ts:120:50)\n    at Test.assert (node_modules\\supertest\\lib\\test.js:181:6)\n    at Server.localAssert (node_modules\\supertest\\lib\\test.js:131:12)\n    at Object.onceWrapper (node:events:632:28)\n    at Server.emit (node:events:518:28)\n    at Server.emit (node:domain:488:12)\n    at emitCloseNT (node:net:2314:8)\n    at processTicksAndRejections (node:internal/process/task_queues:81:21)","trace":[{"column":50,"file":"tests\\integration\\notes.test.ts","function":null,"line":120,"method":null,"native":false},{"column":6,"file":"node_modules\\supertest\\lib\\test.js","function":"Test.assert","line":181,"method":"assert","native":false},{"column":12,"file":"node_modules\\supertest\\lib\\test.js","function":"Server.localAssert","line":131,"method":"localAssert","native":false},{"column":28,"file":"node:events","function":"Object.onceWrapper","line":632,"method":"onceWrapper","native":false},{"column":28,"file":"node:events","function":"Server.emit","line":518,"method":"emit","native":false},{"column":12,"file":"node:domain","function":"Server.emit","line":488,"method":"emit","native":false},{"column":8,"file":"node:net","function":"emitCloseNT","line":2314,"method":null,"native":false},{"column":21,"file":"node:internal/process/task_queues","function":"processTicksAndRejections","line":81,"method":null,"native":false}]}
info: ::ffff:127.0.0.1 - - [26/Aug/2024:04:49:54 +0000] "POST /api/v1/notes/delete/14 HTTP/1.1" 404 47 "-" "node-superagent/3.8.3"

error: uncaughtException: expected 404 to equal 200
AssertionError: expected 404 to equal 200
    at Test.<anonymous> (tests\integration\notes.test.ts:133:50)
    at Test.assert (node_modules\supertest\lib\test.js:181:6)
    at Server.localAssert (node_modules\supertest\lib\test.js:131:12)
    at Object.onceWrapper (node:events:632:28)
    at Server.emit (node:events:518:28)
    at Server.emit (node:domain:488:12)
    at emitCloseNT (node:net:2314:8)
    at processTicksAndRejections (node:internal/process/task_queues:81:21) {"date":"Mon Aug 26 2024 10:19:54 GMT+0530 (India Standard Time)","error":{"actual":"404","expected":"200","message":"expected 404 to equal 200","name":"AssertionError","operator":"strictEqual","showDiff":true,"stack":"AssertionError: expected 404 to equal 200\n    at Test.<anonymous> (tests\\integration\\notes.test.ts:133:50)\n    at Test.assert (node_modules\\supertest\\lib\\test.js:181:6)\n    at Server.localAssert (node_modules\\supertest\\lib\\test.js:131:12)\n    at Object.onceWrapper (node:events:632:28)\n    at Server.emit (node:events:518:28)\n    at Server.emit (node:domain:488:12)\n    at emitCloseNT (node:net:2314:8)\n    at processTicksAndRejections (node:internal/process/task_queues:81:21)","uncaught":true},"exception":true,"os":{"loadavg":[0,0,0],"uptime":6325.671},"process":{"argv":["C:\\Program Files\\nodejs\\node.exe","D:\\firstProject\\Firstproject\\node_modules\\mocha\\bin\\mocha","--exit","--recursive","--require","ts-node/register","--timeout=5000","tests/**/*.ts"],"cwd":"D:\\firstProject\\Firstproject","execPath":"C:\\Program Files\\nodejs\\node.exe","gid":null,"memoryUsage":{"arrayBuffers":3728505,"external":6770428,"heapTotal":242171904,"heapUsed":216963168,"rss":287391744},"pid":12772,"uid":null,"version":"v20.12.2"},"stack":"AssertionError: expected 404 to equal 200\n    at Test.<anonymous> (tests\\integration\\notes.test.ts:133:50)\n    at Test.assert (node_modules\\supertest\\lib\\test.js:181:6)\n    at Server.localAssert (node_modules\\supertest\\lib\\test.js:131:12)\n    at Object.onceWrapper (node:events:632:28)\n    at Server.emit (node:events:518:28)\n    at Server.emit (node:domain:488:12)\n    at emitCloseNT (node:net:2314:8)\n    at processTicksAndRejections (node:internal/process/task_queues:81:21)","trace":[{"column":50,"file":"tests\\integration\\notes.test.ts","function":null,"line":133,"method":null,"native":false},{"column":6,"file":"node_modules\\supertest\\lib\\test.js","function":"Test.assert","line":181,"method":"assert","native":false},{"column":12,"file":"node_modules\\supertest\\lib\\test.js","function":"Server.localAssert","line":131,"method":"localAssert","native":false},{"column":28,"file":"node:events","function":"Object.onceWrapper","line":632,"method":"onceWrapper","native":false},{"column":28,"file":"node:events","function":"Server.emit","line":518,"method":"emit","native":false},{"column":12,"file":"node:domain","function":"Server.emit","line":488,"method":"emit","native":false},{"column":8,"file":"node:net","function":"emitCloseNT","line":2314,"method":null,"native":false},{"column":21,"file":"node:internal/process/task_queues","function":"processTicksAndRejections","line":81,"method":null,"native":false}]}
info: ::ffff:127.0.0.1 - - [26/Aug/2024:04:51:01 +0000] "POST /api/v1/users/login HTTP/1.1" 200 289 "-" "node-superagent/3.8.3"

info: ::ffff:127.0.0.1 - - [26/Aug/2024:04:51:01 +0000] "POST /api/v1/notes HTTP/1.1" 200 271 "-" "node-superagent/3.8.3"

info: ::ffff:127.0.0.1 - - [26/Aug/2024:04:51:01 +0000] "PUT /api/v1/notes/update/14 HTTP/1.1" 200 50 "-" "node-superagent/3.8.3"

info: ::ffff:127.0.0.1 - - [26/Aug/2024:04:51:01 +0000] "GET /api/v1/notes/ HTTP/1.1" 200 1521 "-" "node-superagent/3.8.3"

info: ::ffff:127.0.0.1 - - [26/Aug/2024:04:51:01 +0000] "GET /api/v1/notes/14 HTTP/1.1" 200 256 "-" "node-superagent/3.8.3"

error: uncaughtException: expected 404 to equal 200
AssertionError: expected 404 to equal 200
    at Test.<anonymous> (tests\integration\notes.test.ts:107:50)
    at Test.assert (node_modules\supertest\lib\test.js:181:6)
    at Server.localAssert (node_modules\supertest\lib\test.js:131:12)
    at Object.onceWrapper (node:events:632:28)
    at Server.emit (node:events:518:28)
    at Server.emit (node:domain:488:12)
    at emitCloseNT (node:net:2314:8)
    at processTicksAndRejections (node:internal/process/task_queues:81:21) {"date":"Mon Aug 26 2024 10:21:01 GMT+0530 (India Standard Time)","error":{"actual":"404","expected":"200","message":"expected 404 to equal 200","name":"AssertionError","operator":"strictEqual","showDiff":true,"stack":"AssertionError: expected 404 to equal 200\n    at Test.<anonymous> (tests\\integration\\notes.test.ts:107:50)\n    at Test.assert (node_modules\\supertest\\lib\\test.js:181:6)\n    at Server.localAssert (node_modules\\supertest\\lib\\test.js:131:12)\n    at Object.onceWrapper (node:events:632:28)\n    at Server.emit (node:events:518:28)\n    at Server.emit (node:domain:488:12)\n    at emitCloseNT (node:net:2314:8)\n    at processTicksAndRejections (node:internal/process/task_queues:81:21)","uncaught":true},"exception":true,"os":{"loadavg":[0,0,0],"uptime":6392.671},"process":{"argv":["C:\\Program Files\\nodejs\\node.exe","D:\\firstProject\\Firstproject\\node_modules\\mocha\\bin\\mocha","--exit","--recursive","--require","ts-node/register","--timeout=5000","tests/**/*.ts"],"cwd":"D:\\firstProject\\Firstproject","execPath":"C:\\Program Files\\nodejs\\node.exe","gid":null,"memoryUsage":{"arrayBuffers":3701038,"external":6742769,"heapTotal":241909760,"heapUsed":214170448,"rss":285880320},"pid":20512,"uid":null,"version":"v20.12.2"},"stack":"AssertionError: expected 404 to equal 200\n    at Test.<anonymous> (tests\\integration\\notes.test.ts:107:50)\n    at Test.assert (node_modules\\supertest\\lib\\test.js:181:6)\n    at Server.localAssert (node_modules\\supertest\\lib\\test.js:131:12)\n    at Object.onceWrapper (node:events:632:28)\n    at Server.emit (node:events:518:28)\n    at Server.emit (node:domain:488:12)\n    at emitCloseNT (node:net:2314:8)\n    at processTicksAndRejections (node:internal/process/task_queues:81:21)","trace":[{"column":50,"file":"tests\\integration\\notes.test.ts","function":null,"line":107,"method":null,"native":false},{"column":6,"file":"node_modules\\supertest\\lib\\test.js","function":"Test.assert","line":181,"method":"assert","native":false},{"column":12,"file":"node_modules\\supertest\\lib\\test.js","function":"Server.localAssert","line":131,"method":"localAssert","native":false},{"column":28,"file":"node:events","function":"Object.onceWrapper","line":632,"method":"onceWrapper","native":false},{"column":28,"file":"node:events","function":"Server.emit","line":518,"method":"emit","native":false},{"column":12,"file":"node:domain","function":"Server.emit","line":488,"method":"emit","native":false},{"column":8,"file":"node:net","function":"emitCloseNT","line":2314,"method":null,"native":false},{"column":21,"file":"node:internal/process/task_queues","function":"processTicksAndRejections","line":81,"method":null,"native":false}]}
error: uncaughtException: expected 404 to equal 200
AssertionError: expected 404 to equal 200
    at Test.<anonymous> (tests\integration\notes.test.ts:107:50)
    at Test.assert (node_modules\supertest\lib\test.js:181:6)
    at Server.localAssert (node_modules\supertest\lib\test.js:131:12)
    at Object.onceWrapper (node:events:632:28)
    at Server.emit (node:events:518:28)
    at Server.emit (node:domain:488:12)
    at emitCloseNT (node:net:2314:8)
    at processTicksAndRejections (node:internal/process/task_queues:81:21) {"date":"Mon Aug 26 2024 10:21:01 GMT+0530 (India Standard Time)","error":{"actual":"404","expected":"200","message":"expected 404 to equal 200","name":"AssertionError","operator":"strictEqual","showDiff":true,"stack":"AssertionError: expected 404 to equal 200\n    at Test.<anonymous> (tests\\integration\\notes.test.ts:107:50)\n    at Test.assert (node_modules\\supertest\\lib\\test.js:181:6)\n    at Server.localAssert (node_modules\\supertest\\lib\\test.js:131:12)\n    at Object.onceWrapper (node:events:632:28)\n    at Server.emit (node:events:518:28)\n    at Server.emit (node:domain:488:12)\n    at emitCloseNT (node:net:2314:8)\n    at processTicksAndRejections (node:internal/process/task_queues:81:21)","uncaught":true},"exception":true,"os":{"loadavg":[0,0,0],"uptime":6392.671},"process":{"argv":["C:\\Program Files\\nodejs\\node.exe","D:\\firstProject\\Firstproject\\node_modules\\mocha\\bin\\mocha","--exit","--recursive","--require","ts-node/register","--timeout=5000","tests/**/*.ts"],"cwd":"D:\\firstProject\\Firstproject","execPath":"C:\\Program Files\\nodejs\\node.exe","gid":null,"memoryUsage":{"arrayBuffers":3701038,"external":6742769,"heapTotal":241909760,"heapUsed":214220032,"rss":285900800},"pid":20512,"uid":null,"version":"v20.12.2"},"stack":"AssertionError: expected 404 to equal 200\n    at Test.<anonymous> (tests\\integration\\notes.test.ts:107:50)\n    at Test.assert (node_modules\\supertest\\lib\\test.js:181:6)\n    at Server.localAssert (node_modules\\supertest\\lib\\test.js:131:12)\n    at Object.onceWrapper (node:events:632:28)\n    at Server.emit (node:events:518:28)\n    at Server.emit (node:domain:488:12)\n    at emitCloseNT (node:net:2314:8)\n    at processTicksAndRejections (node:internal/process/task_queues:81:21)","trace":[{"column":50,"file":"tests\\integration\\notes.test.ts","function":null,"line":107,"method":null,"native":false},{"column":6,"file":"node_modules\\supertest\\lib\\test.js","function":"Test.assert","line":181,"method":"assert","native":false},{"column":12,"file":"node_modules\\supertest\\lib\\test.js","function":"Server.localAssert","line":131,"method":"localAssert","native":false},{"column":28,"file":"node:events","function":"Object.onceWrapper","line":632,"method":"onceWrapper","native":false},{"column":28,"file":"node:events","function":"Server.emit","line":518,"method":"emit","native":false},{"column":12,"file":"node:domain","function":"Server.emit","line":488,"method":"emit","native":false},{"column":8,"file":"node:net","function":"emitCloseNT","line":2314,"method":null,"native":false},{"column":21,"file":"node:internal/process/task_queues","function":"processTicksAndRejections","line":81,"method":null,"native":false}]}
error: uncaughtException: expected 404 to equal 200
AssertionError: expected 404 to equal 200
    at Test.<anonymous> (tests\integration\notes.test.ts:107:50)
    at Test.assert (node_modules\supertest\lib\test.js:181:6)
    at Server.localAssert (node_modules\supertest\lib\test.js:131:12)
    at Object.onceWrapper (node:events:632:28)
    at Server.emit (node:events:518:28)
    at Server.emit (node:domain:488:12)
    at emitCloseNT (node:net:2314:8)
    at processTicksAndRejections (node:internal/process/task_queues:81:21) {"date":"Mon Aug 26 2024 10:21:01 GMT+0530 (India Standard Time)","error":{"actual":"404","expected":"200","message":"expected 404 to equal 200","name":"AssertionError","operator":"strictEqual","showDiff":true,"stack":"AssertionError: expected 404 to equal 200\n    at Test.<anonymous> (tests\\integration\\notes.test.ts:107:50)\n    at Test.assert (node_modules\\supertest\\lib\\test.js:181:6)\n    at Server.localAssert (node_modules\\supertest\\lib\\test.js:131:12)\n    at Object.onceWrapper (node:events:632:28)\n    at Server.emit (node:events:518:28)\n    at Server.emit (node:domain:488:12)\n    at emitCloseNT (node:net:2314:8)\n    at processTicksAndRejections (node:internal/process/task_queues:81:21)","uncaught":true},"exception":true,"os":{"loadavg":[0,0,0],"uptime":6392.671},"process":{"argv":["C:\\Program Files\\nodejs\\node.exe","D:\\firstProject\\Firstproject\\node_modules\\mocha\\bin\\mocha","--exit","--recursive","--require","ts-node/register","--timeout=5000","tests/**/*.ts"],"cwd":"D:\\firstProject\\Firstproject","execPath":"C:\\Program Files\\nodejs\\node.exe","gid":null,"memoryUsage":{"arrayBuffers":3709230,"external":6750961,"heapTotal":241909760,"heapUsed":214267800,"rss":285900800},"pid":20512,"uid":null,"version":"v20.12.2"},"stack":"AssertionError: expected 404 to equal 200\n    at Test.<anonymous> (tests\\integration\\notes.test.ts:107:50)\n    at Test.assert (node_modules\\supertest\\lib\\test.js:181:6)\n    at Server.localAssert (node_modules\\supertest\\lib\\test.js:131:12)\n    at Object.onceWrapper (node:events:632:28)\n    at Server.emit (node:events:518:28)\n    at Server.emit (node:domain:488:12)\n    at emitCloseNT (node:net:2314:8)\n    at processTicksAndRejections (node:internal/process/task_queues:81:21)","trace":[{"column":50,"file":"tests\\integration\\notes.test.ts","function":null,"line":107,"method":null,"native":false},{"column":6,"file":"node_modules\\supertest\\lib\\test.js","function":"Test.assert","line":181,"method":"assert","native":false},{"column":12,"file":"node_modules\\supertest\\lib\\test.js","function":"Server.localAssert","line":131,"method":"localAssert","native":false},{"column":28,"file":"node:events","function":"Object.onceWrapper","line":632,"method":"onceWrapper","native":false},{"column":28,"file":"node:events","function":"Server.emit","line":518,"method":"emit","native":false},{"column":12,"file":"node:domain","function":"Server.emit","line":488,"method":"emit","native":false},{"column":8,"file":"node:net","function":"emitCloseNT","line":2314,"method":null,"native":false},{"column":21,"file":"node:internal/process/task_queues","function":"processTicksAndRejections","line":81,"method":null,"native":false}]}
error: uncaughtException: expected 404 to equal 200
AssertionError: expected 404 to equal 200
    at Test.<anonymous> (tests\integration\notes.test.ts:107:50)
    at Test.assert (node_modules\supertest\lib\test.js:181:6)
    at Server.localAssert (node_modules\supertest\lib\test.js:131:12)
    at Object.onceWrapper (node:events:632:28)
    at Server.emit (node:events:518:28)
    at Server.emit (node:domain:488:12)
    at emitCloseNT (node:net:2314:8)
    at processTicksAndRejections (node:internal/process/task_queues:81:21) {"date":"Mon Aug 26 2024 10:21:01 GMT+0530 (India Standard Time)","error":{"actual":"404","expected":"200","message":"expected 404 to equal 200","name":"AssertionError","operator":"strictEqual","showDiff":true,"stack":"AssertionError: expected 404 to equal 200\n    at Test.<anonymous> (tests\\integration\\notes.test.ts:107:50)\n    at Test.assert (node_modules\\supertest\\lib\\test.js:181:6)\n    at Server.localAssert (node_modules\\supertest\\lib\\test.js:131:12)\n    at Object.onceWrapper (node:events:632:28)\n    at Server.emit (node:events:518:28)\n    at Server.emit (node:domain:488:12)\n    at emitCloseNT (node:net:2314:8)\n    at processTicksAndRejections (node:internal/process/task_queues:81:21)","uncaught":true},"exception":true,"os":{"loadavg":[0,0,0],"uptime":6392.671},"process":{"argv":["C:\\Program Files\\nodejs\\node.exe","D:\\firstProject\\Firstproject\\node_modules\\mocha\\bin\\mocha","--exit","--recursive","--require","ts-node/register","--timeout=5000","tests/**/*.ts"],"cwd":"D:\\firstProject\\Firstproject","execPath":"C:\\Program Files\\nodejs\\node.exe","gid":null,"memoryUsage":{"arrayBuffers":3709230,"external":6750961,"heapTotal":241909760,"heapUsed":214315680,"rss":285900800},"pid":20512,"uid":null,"version":"v20.12.2"},"stack":"AssertionError: expected 404 to equal 200\n    at Test.<anonymous> (tests\\integration\\notes.test.ts:107:50)\n    at Test.assert (node_modules\\supertest\\lib\\test.js:181:6)\n    at Server.localAssert (node_modules\\supertest\\lib\\test.js:131:12)\n    at Object.onceWrapper (node:events:632:28)\n    at Server.emit (node:events:518:28)\n    at Server.emit (node:domain:488:12)\n    at emitCloseNT (node:net:2314:8)\n    at processTicksAndRejections (node:internal/process/task_queues:81:21)","trace":[{"column":50,"file":"tests\\integration\\notes.test.ts","function":null,"line":107,"method":null,"native":false},{"column":6,"file":"node_modules\\supertest\\lib\\test.js","function":"Test.assert","line":181,"method":"assert","native":false},{"column":12,"file":"node_modules\\supertest\\lib\\test.js","function":"Server.localAssert","line":131,"method":"localAssert","native":false},{"column":28,"file":"node:events","function":"Object.onceWrapper","line":632,"method":"onceWrapper","native":false},{"column":28,"file":"node:events","function":"Server.emit","line":518,"method":"emit","native":false},{"column":12,"file":"node:domain","function":"Server.emit","line":488,"method":"emit","native":false},{"column":8,"file":"node:net","function":"emitCloseNT","line":2314,"method":null,"native":false},{"column":21,"file":"node:internal/process/task_queues","function":"processTicksAndRejections","line":81,"method":null,"native":false}]}
error: uncaughtException: expected 404 to equal 200
AssertionError: expected 404 to equal 200
    at Test.<anonymous> (tests\integration\notes.test.ts:107:50)
    at Test.assert (node_modules\supertest\lib\test.js:181:6)
    at Server.localAssert (node_modules\supertest\lib\test.js:131:12)
    at Object.onceWrapper (node:events:632:28)
    at Server.emit (node:events:518:28)
    at Server.emit (node:domain:488:12)
    at emitCloseNT (node:net:2314:8)
    at processTicksAndRejections (node:internal/process/task_queues:81:21) {"date":"Mon Aug 26 2024 10:21:01 GMT+0530 (India Standard Time)","error":{"actual":"404","expected":"200","message":"expected 404 to equal 200","name":"AssertionError","operator":"strictEqual","showDiff":true,"stack":"AssertionError: expected 404 to equal 200\n    at Test.<anonymous> (tests\\integration\\notes.test.ts:107:50)\n    at Test.assert (node_modules\\supertest\\lib\\test.js:181:6)\n    at Server.localAssert (node_modules\\supertest\\lib\\test.js:131:12)\n    at Object.onceWrapper (node:events:632:28)\n    at Server.emit (node:events:518:28)\n    at Server.emit (node:domain:488:12)\n    at emitCloseNT (node:net:2314:8)\n    at processTicksAndRejections (node:internal/process/task_queues:81:21)","uncaught":true},"exception":true,"os":{"loadavg":[0,0,0],"uptime":6392.671},"process":{"argv":["C:\\Program Files\\nodejs\\node.exe","D:\\firstProject\\Firstproject\\node_modules\\mocha\\bin\\mocha","--exit","--recursive","--require","ts-node/register","--timeout=5000","tests/**/*.ts"],"cwd":"D:\\firstProject\\Firstproject","execPath":"C:\\Program Files\\nodejs\\node.exe","gid":null,"memoryUsage":{"arrayBuffers":3717422,"external":6759153,"heapTotal":241909760,"heapUsed":214366472,"rss":285904896},"pid":20512,"uid":null,"version":"v20.12.2"},"stack":"AssertionError: expected 404 to equal 200\n    at Test.<anonymous> (tests\\integration\\notes.test.ts:107:50)\n    at Test.assert (node_modules\\supertest\\lib\\test.js:181:6)\n    at Server.localAssert (node_modules\\supertest\\lib\\test.js:131:12)\n    at Object.onceWrapper (node:events:632:28)\n    at Server.emit (node:events:518:28)\n    at Server.emit (node:domain:488:12)\n    at emitCloseNT (node:net:2314:8)\n    at processTicksAndRejections (node:internal/process/task_queues:81:21)","trace":[{"column":50,"file":"tests\\integration\\notes.test.ts","function":null,"line":107,"method":null,"native":false},{"column":6,"file":"node_modules\\supertest\\lib\\test.js","function":"Test.assert","line":181,"method":"assert","native":false},{"column":12,"file":"node_modules\\supertest\\lib\\test.js","function":"Server.localAssert","line":131,"method":"localAssert","native":false},{"column":28,"file":"node:events","function":"Object.onceWrapper","line":632,"method":"onceWrapper","native":false},{"column":28,"file":"node:events","function":"Server.emit","line":518,"method":"emit","native":false},{"column":12,"file":"node:domain","function":"Server.emit","line":488,"method":"emit","native":false},{"column":8,"file":"node:net","function":"emitCloseNT","line":2314,"method":null,"native":false},{"column":21,"file":"node:internal/process/task_queues","function":"processTicksAndRejections","line":81,"method":null,"native":false}]}
info: ::ffff:127.0.0.1 - - [26/Aug/2024:04:51:01 +0000] "POST /api/v1/notes/archive/14 HTTP/1.1" 404 47 "-" "node-superagent/3.8.3"

error: uncaughtException: expected 404 to equal 200
AssertionError: expected 404 to equal 200
    at Test.<anonymous> (tests\integration\notes.test.ts:107:50)
    at Test.assert (node_modules\supertest\lib\test.js:181:6)
    at Server.localAssert (node_modules\supertest\lib\test.js:131:12)
    at Object.onceWrapper (node:events:632:28)
    at Server.emit (node:events:518:28)
    at Server.emit (node:domain:488:12)
    at emitCloseNT (node:net:2314:8)
    at processTicksAndRejections (node:internal/process/task_queues:81:21) {"date":"Mon Aug 26 2024 10:21:01 GMT+0530 (India Standard Time)","error":{"actual":"404","expected":"200","message":"expected 404 to equal 200","name":"AssertionError","operator":"strictEqual","showDiff":true,"stack":"AssertionError: expected 404 to equal 200\n    at Test.<anonymous> (tests\\integration\\notes.test.ts:107:50)\n    at Test.assert (node_modules\\supertest\\lib\\test.js:181:6)\n    at Server.localAssert (node_modules\\supertest\\lib\\test.js:131:12)\n    at Object.onceWrapper (node:events:632:28)\n    at Server.emit (node:events:518:28)\n    at Server.emit (node:domain:488:12)\n    at emitCloseNT (node:net:2314:8)\n    at processTicksAndRejections (node:internal/process/task_queues:81:21)","uncaught":true},"exception":true,"os":{"loadavg":[0,0,0],"uptime":6392.687},"process":{"argv":["C:\\Program Files\\nodejs\\node.exe","D:\\firstProject\\Firstproject\\node_modules\\mocha\\bin\\mocha","--exit","--recursive","--require","ts-node/register","--timeout=5000","tests/**/*.ts"],"cwd":"D:\\firstProject\\Firstproject","execPath":"C:\\Program Files\\nodejs\\node.exe","gid":null,"memoryUsage":{"arrayBuffers":3717422,"external":6759153,"heapTotal":241909760,"heapUsed":214413888,"rss":285908992},"pid":20512,"uid":null,"version":"v20.12.2"},"stack":"AssertionError: expected 404 to equal 200\n    at Test.<anonymous> (tests\\integration\\notes.test.ts:107:50)\n    at Test.assert (node_modules\\supertest\\lib\\test.js:181:6)\n    at Server.localAssert (node_modules\\supertest\\lib\\test.js:131:12)\n    at Object.onceWrapper (node:events:632:28)\n    at Server.emit (node:events:518:28)\n    at Server.emit (node:domain:488:12)\n    at emitCloseNT (node:net:2314:8)\n    at processTicksAndRejections (node:internal/process/task_queues:81:21)","trace":[{"column":50,"file":"tests\\integration\\notes.test.ts","function":null,"line":107,"method":null,"native":false},{"column":6,"file":"node_modules\\supertest\\lib\\test.js","function":"Test.assert","line":181,"method":"assert","native":false},{"column":12,"file":"node_modules\\supertest\\lib\\test.js","function":"Server.localAssert","line":131,"method":"localAssert","native":false},{"column":28,"file":"node:events","function":"Object.onceWrapper","line":632,"method":"onceWrapper","native":false},{"column":28,"file":"node:events","function":"Server.emit","line":518,"method":"emit","native":false},{"column":12,"file":"node:domain","function":"Server.emit","line":488,"method":"emit","native":false},{"column":8,"file":"node:net","function":"emitCloseNT","line":2314,"method":null,"native":false},{"column":21,"file":"node:internal/process/task_queues","function":"processTicksAndRejections","line":81,"method":null,"native":false}]}
info: ::ffff:127.0.0.1 - - [26/Aug/2024:04:54:10 +0000] "POST /api/v1/users/login HTTP/1.1" 200 289 "-" "node-superagent/3.8.3"

info: ::ffff:127.0.0.1 - - [26/Aug/2024:04:54:10 +0000] "POST /api/v1/notes HTTP/1.1" 200 271 "-" "node-superagent/3.8.3"

info: ::ffff:127.0.0.1 - - [26/Aug/2024:04:54:10 +0000] "PUT /api/v1/notes/update/14 HTTP/1.1" 200 50 "-" "node-superagent/3.8.3"

info: ::ffff:127.0.0.1 - - [26/Aug/2024:04:54:10 +0000] "GET /api/v1/notes/ HTTP/1.1" 200 1735 "-" "node-superagent/3.8.3"

info: ::ffff:127.0.0.1 - - [26/Aug/2024:04:54:10 +0000] "GET /api/v1/notes/14 HTTP/1.1" 200 256 "-" "node-superagent/3.8.3"

error: uncaughtException: expected 404 to equal 200
AssertionError: expected 404 to equal 200
    at Test.<anonymous> (tests\integration\notes.test.ts:107:50)
    at Test.assert (node_modules\supertest\lib\test.js:181:6)
    at Server.localAssert (node_modules\supertest\lib\test.js:131:12)
    at Object.onceWrapper (node:events:632:28)
    at Server.emit (node:events:518:28)
    at Server.emit (node:domain:488:12)
    at emitCloseNT (node:net:2314:8)
    at processTicksAndRejections (node:internal/process/task_queues:81:21) {"date":"Mon Aug 26 2024 10:24:11 GMT+0530 (India Standard Time)","error":{"actual":"404","expected":"200","message":"expected 404 to equal 200","name":"AssertionError","operator":"strictEqual","showDiff":true,"stack":"AssertionError: expected 404 to equal 200\n    at Test.<anonymous> (tests\\integration\\notes.test.ts:107:50)\n    at Test.assert (node_modules\\supertest\\lib\\test.js:181:6)\n    at Server.localAssert (node_modules\\supertest\\lib\\test.js:131:12)\n    at Object.onceWrapper (node:events:632:28)\n    at Server.emit (node:events:518:28)\n    at Server.emit (node:domain:488:12)\n    at emitCloseNT (node:net:2314:8)\n    at processTicksAndRejections (node:internal/process/task_queues:81:21)","uncaught":true},"exception":true,"os":{"loadavg":[0,0,0],"uptime":6581.75},"process":{"argv":["C:\\Program Files\\nodejs\\node.exe","D:\\firstProject\\Firstproject\\node_modules\\mocha\\bin\\mocha","--exit","--recursive","--require","ts-node/register","--timeout=5000","tests/**/*.ts"],"cwd":"D:\\firstProject\\Firstproject","execPath":"C:\\Program Files\\nodejs\\node.exe","gid":null,"memoryUsage":{"arrayBuffers":3701596,"external":6743327,"heapTotal":241909760,"heapUsed":214231360,"rss":289792000},"pid":20508,"uid":null,"version":"v20.12.2"},"stack":"AssertionError: expected 404 to equal 200\n    at Test.<anonymous> (tests\\integration\\notes.test.ts:107:50)\n    at Test.assert (node_modules\\supertest\\lib\\test.js:181:6)\n    at Server.localAssert (node_modules\\supertest\\lib\\test.js:131:12)\n    at Object.onceWrapper (node:events:632:28)\n    at Server.emit (node:events:518:28)\n    at Server.emit (node:domain:488:12)\n    at emitCloseNT (node:net:2314:8)\n    at processTicksAndRejections (node:internal/process/task_queues:81:21)","trace":[{"column":50,"file":"tests\\integration\\notes.test.ts","function":null,"line":107,"method":null,"native":false},{"column":6,"file":"node_modules\\supertest\\lib\\test.js","function":"Test.assert","line":181,"method":"assert","native":false},{"column":12,"file":"node_modules\\supertest\\lib\\test.js","function":"Server.localAssert","line":131,"method":"localAssert","native":false},{"column":28,"file":"node:events","function":"Object.onceWrapper","line":632,"method":"onceWrapper","native":false},{"column":28,"file":"node:events","function":"Server.emit","line":518,"method":"emit","native":false},{"column":12,"file":"node:domain","function":"Server.emit","line":488,"method":"emit","native":false},{"column":8,"file":"node:net","function":"emitCloseNT","line":2314,"method":null,"native":false},{"column":21,"file":"node:internal/process/task_queues","function":"processTicksAndRejections","line":81,"method":null,"native":false}]}
error: uncaughtException: expected 404 to equal 200
AssertionError: expected 404 to equal 200
    at Test.<anonymous> (tests\integration\notes.test.ts:107:50)
    at Test.assert (node_modules\supertest\lib\test.js:181:6)
    at Server.localAssert (node_modules\supertest\lib\test.js:131:12)
    at Object.onceWrapper (node:events:632:28)
    at Server.emit (node:events:518:28)
    at Server.emit (node:domain:488:12)
    at emitCloseNT (node:net:2314:8)
    at processTicksAndRejections (node:internal/process/task_queues:81:21) {"date":"Mon Aug 26 2024 10:24:11 GMT+0530 (India Standard Time)","error":{"actual":"404","expected":"200","message":"expected 404 to equal 200","name":"AssertionError","operator":"strictEqual","showDiff":true,"stack":"AssertionError: expected 404 to equal 200\n    at Test.<anonymous> (tests\\integration\\notes.test.ts:107:50)\n    at Test.assert (node_modules\\supertest\\lib\\test.js:181:6)\n    at Server.localAssert (node_modules\\supertest\\lib\\test.js:131:12)\n    at Object.onceWrapper (node:events:632:28)\n    at Server.emit (node:events:518:28)\n    at Server.emit (node:domain:488:12)\n    at emitCloseNT (node:net:2314:8)\n    at processTicksAndRejections (node:internal/process/task_queues:81:21)","uncaught":true},"exception":true,"os":{"loadavg":[0,0,0],"uptime":6581.75},"process":{"argv":["C:\\Program Files\\nodejs\\node.exe","D:\\firstProject\\Firstproject\\node_modules\\mocha\\bin\\mocha","--exit","--recursive","--require","ts-node/register","--timeout=5000","tests/**/*.ts"],"cwd":"D:\\firstProject\\Firstproject","execPath":"C:\\Program Files\\nodejs\\node.exe","gid":null,"memoryUsage":{"arrayBuffers":3701596,"external":6743327,"heapTotal":241909760,"heapUsed":214280944,"rss":289804288},"pid":20508,"uid":null,"version":"v20.12.2"},"stack":"AssertionError: expected 404 to equal 200\n    at Test.<anonymous> (tests\\integration\\notes.test.ts:107:50)\n    at Test.assert (node_modules\\supertest\\lib\\test.js:181:6)\n    at Server.localAssert (node_modules\\supertest\\lib\\test.js:131:12)\n    at Object.onceWrapper (node:events:632:28)\n    at Server.emit (node:events:518:28)\n    at Server.emit (node:domain:488:12)\n    at emitCloseNT (node:net:2314:8)\n    at processTicksAndRejections (node:internal/process/task_queues:81:21)","trace":[{"column":50,"file":"tests\\integration\\notes.test.ts","function":null,"line":107,"method":null,"native":false},{"column":6,"file":"node_modules\\supertest\\lib\\test.js","function":"Test.assert","line":181,"method":"assert","native":false},{"column":12,"file":"node_modules\\supertest\\lib\\test.js","function":"Server.localAssert","line":131,"method":"localAssert","native":false},{"column":28,"file":"node:events","function":"Object.onceWrapper","line":632,"method":"onceWrapper","native":false},{"column":28,"file":"node:events","function":"Server.emit","line":518,"method":"emit","native":false},{"column":12,"file":"node:domain","function":"Server.emit","line":488,"method":"emit","native":false},{"column":8,"file":"node:net","function":"emitCloseNT","line":2314,"method":null,"native":false},{"column":21,"file":"node:internal/process/task_queues","function":"processTicksAndRejections","line":81,"method":null,"native":false}]}
error: uncaughtException: expected 404 to equal 200
AssertionError: expected 404 to equal 200
    at Test.<anonymous> (tests\integration\notes.test.ts:107:50)
    at Test.assert (node_modules\supertest\lib\test.js:181:6)
    at Server.localAssert (node_modules\supertest\lib\test.js:131:12)
    at Object.onceWrapper (node:events:632:28)
    at Server.emit (node:events:518:28)
    at Server.emit (node:domain:488:12)
    at emitCloseNT (node:net:2314:8)
    at processTicksAndRejections (node:internal/process/task_queues:81:21) {"date":"Mon Aug 26 2024 10:24:11 GMT+0530 (India Standard Time)","error":{"actual":"404","expected":"200","message":"expected 404 to equal 200","name":"AssertionError","operator":"strictEqual","showDiff":true,"stack":"AssertionError: expected 404 to equal 200\n    at Test.<anonymous> (tests\\integration\\notes.test.ts:107:50)\n    at Test.assert (node_modules\\supertest\\lib\\test.js:181:6)\n    at Server.localAssert (node_modules\\supertest\\lib\\test.js:131:12)\n    at Object.onceWrapper (node:events:632:28)\n    at Server.emit (node:events:518:28)\n    at Server.emit (node:domain:488:12)\n    at emitCloseNT (node:net:2314:8)\n    at processTicksAndRejections (node:internal/process/task_queues:81:21)","uncaught":true},"exception":true,"os":{"loadavg":[0,0,0],"uptime":6581.75},"process":{"argv":["C:\\Program Files\\nodejs\\node.exe","D:\\firstProject\\Firstproject\\node_modules\\mocha\\bin\\mocha","--exit","--recursive","--require","ts-node/register","--timeout=5000","tests/**/*.ts"],"cwd":"D:\\firstProject\\Firstproject","execPath":"C:\\Program Files\\nodejs\\node.exe","gid":null,"memoryUsage":{"arrayBuffers":3709788,"external":6751519,"heapTotal":241909760,"heapUsed":214328712,"rss":289804288},"pid":20508,"uid":null,"version":"v20.12.2"},"stack":"AssertionError: expected 404 to equal 200\n    at Test.<anonymous> (tests\\integration\\notes.test.ts:107:50)\n    at Test.assert (node_modules\\supertest\\lib\\test.js:181:6)\n    at Server.localAssert (node_modules\\supertest\\lib\\test.js:131:12)\n    at Object.onceWrapper (node:events:632:28)\n    at Server.emit (node:events:518:28)\n    at Server.emit (node:domain:488:12)\n    at emitCloseNT (node:net:2314:8)\n    at processTicksAndRejections (node:internal/process/task_queues:81:21)","trace":[{"column":50,"file":"tests\\integration\\notes.test.ts","function":null,"line":107,"method":null,"native":false},{"column":6,"file":"node_modules\\supertest\\lib\\test.js","function":"Test.assert","line":181,"method":"assert","native":false},{"column":12,"file":"node_modules\\supertest\\lib\\test.js","function":"Server.localAssert","line":131,"method":"localAssert","native":false},{"column":28,"file":"node:events","function":"Object.onceWrapper","line":632,"method":"onceWrapper","native":false},{"column":28,"file":"node:events","function":"Server.emit","line":518,"method":"emit","native":false},{"column":12,"file":"node:domain","function":"Server.emit","line":488,"method":"emit","native":false},{"column":8,"file":"node:net","function":"emitCloseNT","line":2314,"method":null,"native":false},{"column":21,"file":"node:internal/process/task_queues","function":"processTicksAndRejections","line":81,"method":null,"native":false}]}
error: uncaughtException: expected 404 to equal 200
AssertionError: expected 404 to equal 200
    at Test.<anonymous> (tests\integration\notes.test.ts:107:50)
    at Test.assert (node_modules\supertest\lib\test.js:181:6)
    at Server.localAssert (node_modules\supertest\lib\test.js:131:12)
    at Object.onceWrapper (node:events:632:28)
    at Server.emit (node:events:518:28)
    at Server.emit (node:domain:488:12)
    at emitCloseNT (node:net:2314:8)
    at processTicksAndRejections (node:internal/process/task_queues:81:21) {"date":"Mon Aug 26 2024 10:24:11 GMT+0530 (India Standard Time)","error":{"actual":"404","expected":"200","message":"expected 404 to equal 200","name":"AssertionError","operator":"strictEqual","showDiff":true,"stack":"AssertionError: expected 404 to equal 200\n    at Test.<anonymous> (tests\\integration\\notes.test.ts:107:50)\n    at Test.assert (node_modules\\supertest\\lib\\test.js:181:6)\n    at Server.localAssert (node_modules\\supertest\\lib\\test.js:131:12)\n    at Object.onceWrapper (node:events:632:28)\n    at Server.emit (node:events:518:28)\n    at Server.emit (node:domain:488:12)\n    at emitCloseNT (node:net:2314:8)\n    at processTicksAndRejections (node:internal/process/task_queues:81:21)","uncaught":true},"exception":true,"os":{"loadavg":[0,0,0],"uptime":6581.75},"process":{"argv":["C:\\Program Files\\nodejs\\node.exe","D:\\firstProject\\Firstproject\\node_modules\\mocha\\bin\\mocha","--exit","--recursive","--require","ts-node/register","--timeout=5000","tests/**/*.ts"],"cwd":"D:\\firstProject\\Firstproject","execPath":"C:\\Program Files\\nodejs\\node.exe","gid":null,"memoryUsage":{"arrayBuffers":3709788,"external":6751519,"heapTotal":241909760,"heapUsed":214379064,"rss":289808384},"pid":20508,"uid":null,"version":"v20.12.2"},"stack":"AssertionError: expected 404 to equal 200\n    at Test.<anonymous> (tests\\integration\\notes.test.ts:107:50)\n    at Test.assert (node_modules\\supertest\\lib\\test.js:181:6)\n    at Server.localAssert (node_modules\\supertest\\lib\\test.js:131:12)\n    at Object.onceWrapper (node:events:632:28)\n    at Server.emit (node:events:518:28)\n    at Server.emit (node:domain:488:12)\n    at emitCloseNT (node:net:2314:8)\n    at processTicksAndRejections (node:internal/process/task_queues:81:21)","trace":[{"column":50,"file":"tests\\integration\\notes.test.ts","function":null,"line":107,"method":null,"native":false},{"column":6,"file":"node_modules\\supertest\\lib\\test.js","function":"Test.assert","line":181,"method":"assert","native":false},{"column":12,"file":"node_modules\\supertest\\lib\\test.js","function":"Server.localAssert","line":131,"method":"localAssert","native":false},{"column":28,"file":"node:events","function":"Object.onceWrapper","line":632,"method":"onceWrapper","native":false},{"column":28,"file":"node:events","function":"Server.emit","line":518,"method":"emit","native":false},{"column":12,"file":"node:domain","function":"Server.emit","line":488,"method":"emit","native":false},{"column":8,"file":"node:net","function":"emitCloseNT","line":2314,"method":null,"native":false},{"column":21,"file":"node:internal/process/task_queues","function":"processTicksAndRejections","line":81,"method":null,"native":false}]}
error: uncaughtException: expected 404 to equal 200
AssertionError: expected 404 to equal 200
    at Test.<anonymous> (tests\integration\notes.test.ts:107:50)
    at Test.assert (node_modules\supertest\lib\test.js:181:6)
    at Server.localAssert (node_modules\supertest\lib\test.js:131:12)
    at Object.onceWrapper (node:events:632:28)
    at Server.emit (node:events:518:28)
    at Server.emit (node:domain:488:12)
    at emitCloseNT (node:net:2314:8)
    at processTicksAndRejections (node:internal/process/task_queues:81:21) {"date":"Mon Aug 26 2024 10:24:11 GMT+0530 (India Standard Time)","error":{"actual":"404","expected":"200","message":"expected 404 to equal 200","name":"AssertionError","operator":"strictEqual","showDiff":true,"stack":"AssertionError: expected 404 to equal 200\n    at Test.<anonymous> (tests\\integration\\notes.test.ts:107:50)\n    at Test.assert (node_modules\\supertest\\lib\\test.js:181:6)\n    at Server.localAssert (node_modules\\supertest\\lib\\test.js:131:12)\n    at Object.onceWrapper (node:events:632:28)\n    at Server.emit (node:events:518:28)\n    at Server.emit (node:domain:488:12)\n    at emitCloseNT (node:net:2314:8)\n    at processTicksAndRejections (node:internal/process/task_queues:81:21)","uncaught":true},"exception":true,"os":{"loadavg":[0,0,0],"uptime":6581.75},"process":{"argv":["C:\\Program Files\\nodejs\\node.exe","D:\\firstProject\\Firstproject\\node_modules\\mocha\\bin\\mocha","--exit","--recursive","--require","ts-node/register","--timeout=5000","tests/**/*.ts"],"cwd":"D:\\firstProject\\Firstproject","execPath":"C:\\Program Files\\nodejs\\node.exe","gid":null,"memoryUsage":{"arrayBuffers":3717980,"external":6759711,"heapTotal":241909760,"heapUsed":214426944,"rss":289808384},"pid":20508,"uid":null,"version":"v20.12.2"},"stack":"AssertionError: expected 404 to equal 200\n    at Test.<anonymous> (tests\\integration\\notes.test.ts:107:50)\n    at Test.assert (node_modules\\supertest\\lib\\test.js:181:6)\n    at Server.localAssert (node_modules\\supertest\\lib\\test.js:131:12)\n    at Object.onceWrapper (node:events:632:28)\n    at Server.emit (node:events:518:28)\n    at Server.emit (node:domain:488:12)\n    at emitCloseNT (node:net:2314:8)\n    at processTicksAndRejections (node:internal/process/task_queues:81:21)","trace":[{"column":50,"file":"tests\\integration\\notes.test.ts","function":null,"line":107,"method":null,"native":false},{"column":6,"file":"node_modules\\supertest\\lib\\test.js","function":"Test.assert","line":181,"method":"assert","native":false},{"column":12,"file":"node_modules\\supertest\\lib\\test.js","function":"Server.localAssert","line":131,"method":"localAssert","native":false},{"column":28,"file":"node:events","function":"Object.onceWrapper","line":632,"method":"onceWrapper","native":false},{"column":28,"file":"node:events","function":"Server.emit","line":518,"method":"emit","native":false},{"column":12,"file":"node:domain","function":"Server.emit","line":488,"method":"emit","native":false},{"column":8,"file":"node:net","function":"emitCloseNT","line":2314,"method":null,"native":false},{"column":21,"file":"node:internal/process/task_queues","function":"processTicksAndRejections","line":81,"method":null,"native":false}]}
info: ::ffff:127.0.0.1 - - [26/Aug/2024:04:54:11 +0000] "POST /api/v1/notes/archive/11 HTTP/1.1" 404 47 "-" "node-superagent/3.8.3"

error: uncaughtException: expected 404 to equal 200
AssertionError: expected 404 to equal 200
    at Test.<anonymous> (tests\integration\notes.test.ts:107:50)
    at Test.assert (node_modules\supertest\lib\test.js:181:6)
    at Server.localAssert (node_modules\supertest\lib\test.js:131:12)
    at Object.onceWrapper (node:events:632:28)
    at Server.emit (node:events:518:28)
    at Server.emit (node:domain:488:12)
    at emitCloseNT (node:net:2314:8)
    at processTicksAndRejections (node:internal/process/task_queues:81:21) {"date":"Mon Aug 26 2024 10:24:11 GMT+0530 (India Standard Time)","error":{"actual":"404","expected":"200","message":"expected 404 to equal 200","name":"AssertionError","operator":"strictEqual","showDiff":true,"stack":"AssertionError: expected 404 to equal 200\n    at Test.<anonymous> (tests\\integration\\notes.test.ts:107:50)\n    at Test.assert (node_modules\\supertest\\lib\\test.js:181:6)\n    at Server.localAssert (node_modules\\supertest\\lib\\test.js:131:12)\n    at Object.onceWrapper (node:events:632:28)\n    at Server.emit (node:events:518:28)\n    at Server.emit (node:domain:488:12)\n    at emitCloseNT (node:net:2314:8)\n    at processTicksAndRejections (node:internal/process/task_queues:81:21)","uncaught":true},"exception":true,"os":{"loadavg":[0,0,0],"uptime":6581.765},"process":{"argv":["C:\\Program Files\\nodejs\\node.exe","D:\\firstProject\\Firstproject\\node_modules\\mocha\\bin\\mocha","--exit","--recursive","--require","ts-node/register","--timeout=5000","tests/**/*.ts"],"cwd":"D:\\firstProject\\Firstproject","execPath":"C:\\Program Files\\nodejs\\node.exe","gid":null,"memoryUsage":{"arrayBuffers":3717980,"external":6759711,"heapTotal":241909760,"heapUsed":214474328,"rss":289816576},"pid":20508,"uid":null,"version":"v20.12.2"},"stack":"AssertionError: expected 404 to equal 200\n    at Test.<anonymous> (tests\\integration\\notes.test.ts:107:50)\n    at Test.assert (node_modules\\supertest\\lib\\test.js:181:6)\n    at Server.localAssert (node_modules\\supertest\\lib\\test.js:131:12)\n    at Object.onceWrapper (node:events:632:28)\n    at Server.emit (node:events:518:28)\n    at Server.emit (node:domain:488:12)\n    at emitCloseNT (node:net:2314:8)\n    at processTicksAndRejections (node:internal/process/task_queues:81:21)","trace":[{"column":50,"file":"tests\\integration\\notes.test.ts","function":null,"line":107,"method":null,"native":false},{"column":6,"file":"node_modules\\supertest\\lib\\test.js","function":"Test.assert","line":181,"method":"assert","native":false},{"column":12,"file":"node_modules\\supertest\\lib\\test.js","function":"Server.localAssert","line":131,"method":"localAssert","native":false},{"column":28,"file":"node:events","function":"Object.onceWrapper","line":632,"method":"onceWrapper","native":false},{"column":28,"file":"node:events","function":"Server.emit","line":518,"method":"emit","native":false},{"column":12,"file":"node:domain","function":"Server.emit","line":488,"method":"emit","native":false},{"column":8,"file":"node:net","function":"emitCloseNT","line":2314,"method":null,"native":false},{"column":21,"file":"node:internal/process/task_queues","function":"processTicksAndRejections","line":81,"method":null,"native":false}]}
info: ::ffff:127.0.0.1 - - [26/Aug/2024:04:55:20 +0000] "POST /api/v1/users/login HTTP/1.1" 200 289 "-" "node-superagent/3.8.3"

info: ::ffff:127.0.0.1 - - [26/Aug/2024:04:56:39 +0000] "POST /api/v1/users/login HTTP/1.1" 200 289 "-" "node-superagent/3.8.3"

error: uncaughtException: expected 404 to equal 200
AssertionError: expected 404 to equal 200
    at Test.<anonymous> (tests\integration\notes.test.ts:107:50)
    at Test.assert (node_modules\supertest\lib\test.js:181:6)
    at Server.localAssert (node_modules\supertest\lib\test.js:131:12)
    at Object.onceWrapper (node:events:632:28)
    at Server.emit (node:events:518:28)
    at Server.emit (node:domain:488:12)
    at emitCloseNT (node:net:2314:8)
    at processTicksAndRejections (node:internal/process/task_queues:81:21) {"date":"Mon Aug 26 2024 10:26:39 GMT+0530 (India Standard Time)","error":{"actual":"404","expected":"200","message":"expected 404 to equal 200","name":"AssertionError","operator":"strictEqual","showDiff":true,"stack":"AssertionError: expected 404 to equal 200\n    at Test.<anonymous> (tests\\integration\\notes.test.ts:107:50)\n    at Test.assert (node_modules\\supertest\\lib\\test.js:181:6)\n    at Server.localAssert (node_modules\\supertest\\lib\\test.js:131:12)\n    at Object.onceWrapper (node:events:632:28)\n    at Server.emit (node:events:518:28)\n    at Server.emit (node:domain:488:12)\n    at emitCloseNT (node:net:2314:8)\n    at processTicksAndRejections (node:internal/process/task_queues:81:21)","uncaught":true},"exception":true,"os":{"loadavg":[0,0,0],"uptime":6730.046},"process":{"argv":["C:\\Program Files\\nodejs\\node.exe","D:\\firstProject\\Firstproject\\node_modules\\mocha\\bin\\mocha","--exit","--recursive","--require","ts-node/register","--timeout=5000","tests/**/*.ts"],"cwd":"D:\\firstProject\\Firstproject","execPath":"C:\\Program Files\\nodejs\\node.exe","gid":null,"memoryUsage":{"arrayBuffers":3681677,"external":6723408,"heapTotal":241909760,"heapUsed":212138160,"rss":288301056},"pid":21256,"uid":null,"version":"v20.12.2"},"stack":"AssertionError: expected 404 to equal 200\n    at Test.<anonymous> (tests\\integration\\notes.test.ts:107:50)\n    at Test.assert (node_modules\\supertest\\lib\\test.js:181:6)\n    at Server.localAssert (node_modules\\supertest\\lib\\test.js:131:12)\n    at Object.onceWrapper (node:events:632:28)\n    at Server.emit (node:events:518:28)\n    at Server.emit (node:domain:488:12)\n    at emitCloseNT (node:net:2314:8)\n    at processTicksAndRejections (node:internal/process/task_queues:81:21)","trace":[{"column":50,"file":"tests\\integration\\notes.test.ts","function":null,"line":107,"method":null,"native":false},{"column":6,"file":"node_modules\\supertest\\lib\\test.js","function":"Test.assert","line":181,"method":"assert","native":false},{"column":12,"file":"node_modules\\supertest\\lib\\test.js","function":"Server.localAssert","line":131,"method":"localAssert","native":false},{"column":28,"file":"node:events","function":"Object.onceWrapper","line":632,"method":"onceWrapper","native":false},{"column":28,"file":"node:events","function":"Server.emit","line":518,"method":"emit","native":false},{"column":12,"file":"node:domain","function":"Server.emit","line":488,"method":"emit","native":false},{"column":8,"file":"node:net","function":"emitCloseNT","line":2314,"method":null,"native":false},{"column":21,"file":"node:internal/process/task_queues","function":"processTicksAndRejections","line":81,"method":null,"native":false}]}
info: ::ffff:127.0.0.1 - - [26/Aug/2024:04:56:39 +0000] "POST /api/v1/notes/archive/8 HTTP/1.1" 404 47 "-" "node-superagent/3.8.3"

error: uncaughtException: expected 404 to equal 200
AssertionError: expected 404 to equal 200
    at Test.<anonymous> (tests\integration\notes.test.ts:107:50)
    at Test.assert (node_modules\supertest\lib\test.js:181:6)
    at Server.localAssert (node_modules\supertest\lib\test.js:131:12)
    at Object.onceWrapper (node:events:632:28)
    at Server.emit (node:events:518:28)
    at Server.emit (node:domain:488:12)
    at emitCloseNT (node:net:2314:8)
    at processTicksAndRejections (node:internal/process/task_queues:81:21) {"date":"Mon Aug 26 2024 10:26:39 GMT+0530 (India Standard Time)","error":{"actual":"404","expected":"200","message":"expected 404 to equal 200","name":"AssertionError","operator":"strictEqual","showDiff":true,"stack":"AssertionError: expected 404 to equal 200\n    at Test.<anonymous> (tests\\integration\\notes.test.ts:107:50)\n    at Test.assert (node_modules\\supertest\\lib\\test.js:181:6)\n    at Server.localAssert (node_modules\\supertest\\lib\\test.js:131:12)\n    at Object.onceWrapper (node:events:632:28)\n    at Server.emit (node:events:518:28)\n    at Server.emit (node:domain:488:12)\n    at emitCloseNT (node:net:2314:8)\n    at processTicksAndRejections (node:internal/process/task_queues:81:21)","uncaught":true},"exception":true,"os":{"loadavg":[0,0,0],"uptime":6730.062},"process":{"argv":["C:\\Program Files\\nodejs\\node.exe","D:\\firstProject\\Firstproject\\node_modules\\mocha\\bin\\mocha","--exit","--recursive","--require","ts-node/register","--timeout=5000","tests/**/*.ts"],"cwd":"D:\\firstProject\\Firstproject","execPath":"C:\\Program Files\\nodejs\\node.exe","gid":null,"memoryUsage":{"arrayBuffers":3681677,"external":6723408,"heapTotal":241909760,"heapUsed":212187600,"rss":288309248},"pid":21256,"uid":null,"version":"v20.12.2"},"stack":"AssertionError: expected 404 to equal 200\n    at Test.<anonymous> (tests\\integration\\notes.test.ts:107:50)\n    at Test.assert (node_modules\\supertest\\lib\\test.js:181:6)\n    at Server.localAssert (node_modules\\supertest\\lib\\test.js:131:12)\n    at Object.onceWrapper (node:events:632:28)\n    at Server.emit (node:events:518:28)\n    at Server.emit (node:domain:488:12)\n    at emitCloseNT (node:net:2314:8)\n    at processTicksAndRejections (node:internal/process/task_queues:81:21)","trace":[{"column":50,"file":"tests\\integration\\notes.test.ts","function":null,"line":107,"method":null,"native":false},{"column":6,"file":"node_modules\\supertest\\lib\\test.js","function":"Test.assert","line":181,"method":"assert","native":false},{"column":12,"file":"node_modules\\supertest\\lib\\test.js","function":"Server.localAssert","line":131,"method":"localAssert","native":false},{"column":28,"file":"node:events","function":"Object.onceWrapper","line":632,"method":"onceWrapper","native":false},{"column":28,"file":"node:events","function":"Server.emit","line":518,"method":"emit","native":false},{"column":12,"file":"node:domain","function":"Server.emit","line":488,"method":"emit","native":false},{"column":8,"file":"node:net","function":"emitCloseNT","line":2314,"method":null,"native":false},{"column":21,"file":"node:internal/process/task_queues","function":"processTicksAndRejections","line":81,"method":null,"native":false}]}
info: ::ffff:127.0.0.1 - - [26/Aug/2024:04:57:43 +0000] "POST /api/v1/users/login HTTP/1.1" 200 289 "-" "node-superagent/3.8.3"

info: ::ffff:127.0.0.1 - - [26/Aug/2024:04:57:43 +0000] "PUT /api/v1/notes/archive/8 HTTP/1.1" 200 261 "-" "node-superagent/3.8.3"

info: ::ffff:127.0.0.1 - - [26/Aug/2024:04:58:42 +0000] "POST /api/v1/users/login HTTP/1.1" 200 289 "-" "node-superagent/3.8.3"

info: ::ffff:127.0.0.1 - - [26/Aug/2024:04:58:42 +0000] "POST /api/v1/notes HTTP/1.1" 200 271 "-" "node-superagent/3.8.3"

info: ::ffff:127.0.0.1 - - [26/Aug/2024:04:58:42 +0000] "PUT /api/v1/notes/update/14 HTTP/1.1" 200 50 "-" "node-superagent/3.8.3"

info: ::ffff:127.0.0.1 - - [26/Aug/2024:04:58:42 +0000] "GET /api/v1/notes/ HTTP/1.1" 200 1949 "-" "node-superagent/3.8.3"

info: ::ffff:127.0.0.1 - - [26/Aug/2024:04:58:43 +0000] "GET /api/v1/notes/14 HTTP/1.1" 200 256 "-" "node-superagent/3.8.3"

info: ::ffff:127.0.0.1 - - [26/Aug/2024:04:58:43 +0000] "PUT /api/v1/notes/archive/8 HTTP/1.1" 200 262 "-" "node-superagent/3.8.3"

info: ::ffff:127.0.0.1 - - [26/Aug/2024:04:58:43 +0000] "PUT /api/v1/notes/trash/14 HTTP/1.1" 200 268 "-" "node-superagent/3.8.3"

error: uncaughtException: expected 404 to equal 200
AssertionError: expected 404 to equal 200
    at Test.<anonymous> (tests\integration\notes.test.ts:133:50)
    at Test.assert (node_modules\supertest\lib\test.js:181:6)
    at Server.localAssert (node_modules\supertest\lib\test.js:131:12)
    at Object.onceWrapper (node:events:632:28)
    at Server.emit (node:events:518:28)
    at Server.emit (node:domain:488:12)
    at emitCloseNT (node:net:2314:8)
    at processTicksAndRejections (node:internal/process/task_queues:81:21) {"date":"Mon Aug 26 2024 10:28:43 GMT+0530 (India Standard Time)","error":{"actual":"404","expected":"200","message":"expected 404 to equal 200","name":"AssertionError","operator":"strictEqual","showDiff":true,"stack":"AssertionError: expected 404 to equal 200\n    at Test.<anonymous> (tests\\integration\\notes.test.ts:133:50)\n    at Test.assert (node_modules\\supertest\\lib\\test.js:181:6)\n    at Server.localAssert (node_modules\\supertest\\lib\\test.js:131:12)\n    at Object.onceWrapper (node:events:632:28)\n    at Server.emit (node:events:518:28)\n    at Server.emit (node:domain:488:12)\n    at emitCloseNT (node:net:2314:8)\n    at processTicksAndRejections (node:internal/process/task_queues:81:21)","uncaught":true},"exception":true,"os":{"loadavg":[0,0,0],"uptime":6853.812},"process":{"argv":["C:\\Program Files\\nodejs\\node.exe","D:\\firstProject\\Firstproject\\node_modules\\mocha\\bin\\mocha","--exit","--recursive","--require","ts-node/register","--timeout=5000","tests/**/*.ts"],"cwd":"D:\\firstProject\\Firstproject","execPath":"C:\\Program Files\\nodejs\\node.exe","gid":null,"memoryUsage":{"arrayBuffers":3706232,"external":6747963,"heapTotal":242171904,"heapUsed":215619408,"rss":288718848},"pid":12396,"uid":null,"version":"v20.12.2"},"stack":"AssertionError: expected 404 to equal 200\n    at Test.<anonymous> (tests\\integration\\notes.test.ts:133:50)\n    at Test.assert (node_modules\\supertest\\lib\\test.js:181:6)\n    at Server.localAssert (node_modules\\supertest\\lib\\test.js:131:12)\n    at Object.onceWrapper (node:events:632:28)\n    at Server.emit (node:events:518:28)\n    at Server.emit (node:domain:488:12)\n    at emitCloseNT (node:net:2314:8)\n    at processTicksAndRejections (node:internal/process/task_queues:81:21)","trace":[{"column":50,"file":"tests\\integration\\notes.test.ts","function":null,"line":133,"method":null,"native":false},{"column":6,"file":"node_modules\\supertest\\lib\\test.js","function":"Test.assert","line":181,"method":"assert","native":false},{"column":12,"file":"node_modules\\supertest\\lib\\test.js","function":"Server.localAssert","line":131,"method":"localAssert","native":false},{"column":28,"file":"node:events","function":"Object.onceWrapper","line":632,"method":"onceWrapper","native":false},{"column":28,"file":"node:events","function":"Server.emit","line":518,"method":"emit","native":false},{"column":12,"file":"node:domain","function":"Server.emit","line":488,"method":"emit","native":false},{"column":8,"file":"node:net","function":"emitCloseNT","line":2314,"method":null,"native":false},{"column":21,"file":"node:internal/process/task_queues","function":"processTicksAndRejections","line":81,"method":null,"native":false}]}
error: uncaughtException: expected 404 to equal 200
AssertionError: expected 404 to equal 200
    at Test.<anonymous> (tests\integration\notes.test.ts:133:50)
    at Test.assert (node_modules\supertest\lib\test.js:181:6)
    at Server.localAssert (node_modules\supertest\lib\test.js:131:12)
    at Object.onceWrapper (node:events:632:28)
    at Server.emit (node:events:518:28)
    at Server.emit (node:domain:488:12)
    at emitCloseNT (node:net:2314:8)
    at processTicksAndRejections (node:internal/process/task_queues:81:21) {"date":"Mon Aug 26 2024 10:28:43 GMT+0530 (India Standard Time)","error":{"actual":"404","expected":"200","message":"expected 404 to equal 200","name":"AssertionError","operator":"strictEqual","showDiff":true,"stack":"AssertionError: expected 404 to equal 200\n    at Test.<anonymous> (tests\\integration\\notes.test.ts:133:50)\n    at Test.assert (node_modules\\supertest\\lib\\test.js:181:6)\n    at Server.localAssert (node_modules\\supertest\\lib\\test.js:131:12)\n    at Object.onceWrapper (node:events:632:28)\n    at Server.emit (node:events:518:28)\n    at Server.emit (node:domain:488:12)\n    at emitCloseNT (node:net:2314:8)\n    at processTicksAndRejections (node:internal/process/task_queues:81:21)","uncaught":true},"exception":true,"os":{"loadavg":[0,0,0],"uptime":6853.812},"process":{"argv":["C:\\Program Files\\nodejs\\node.exe","D:\\firstProject\\Firstproject\\node_modules\\mocha\\bin\\mocha","--exit","--recursive","--require","ts-node/register","--timeout=5000","tests/**/*.ts"],"cwd":"D:\\firstProject\\Firstproject","execPath":"C:\\Program Files\\nodejs\\node.exe","gid":null,"memoryUsage":{"arrayBuffers":3714424,"external":6756155,"heapTotal":242171904,"heapUsed":215669080,"rss":288731136},"pid":12396,"uid":null,"version":"v20.12.2"},"stack":"AssertionError: expected 404 to equal 200\n    at Test.<anonymous> (tests\\integration\\notes.test.ts:133:50)\n    at Test.assert (node_modules\\supertest\\lib\\test.js:181:6)\n    at Server.localAssert (node_modules\\supertest\\lib\\test.js:131:12)\n    at Object.onceWrapper (node:events:632:28)\n    at Server.emit (node:events:518:28)\n    at Server.emit (node:domain:488:12)\n    at emitCloseNT (node:net:2314:8)\n    at processTicksAndRejections (node:internal/process/task_queues:81:21)","trace":[{"column":50,"file":"tests\\integration\\notes.test.ts","function":null,"line":133,"method":null,"native":false},{"column":6,"file":"node_modules\\supertest\\lib\\test.js","function":"Test.assert","line":181,"method":"assert","native":false},{"column":12,"file":"node_modules\\supertest\\lib\\test.js","function":"Server.localAssert","line":131,"method":"localAssert","native":false},{"column":28,"file":"node:events","function":"Object.onceWrapper","line":632,"method":"onceWrapper","native":false},{"column":28,"file":"node:events","function":"Server.emit","line":518,"method":"emit","native":false},{"column":12,"file":"node:domain","function":"Server.emit","line":488,"method":"emit","native":false},{"column":8,"file":"node:net","function":"emitCloseNT","line":2314,"method":null,"native":false},{"column":21,"file":"node:internal/process/task_queues","function":"processTicksAndRejections","line":81,"method":null,"native":false}]}
error: uncaughtException: expected 404 to equal 200
AssertionError: expected 404 to equal 200
    at Test.<anonymous> (tests\integration\notes.test.ts:133:50)
    at Test.assert (node_modules\supertest\lib\test.js:181:6)
    at Server.localAssert (node_modules\supertest\lib\test.js:131:12)
    at Object.onceWrapper (node:events:632:28)
    at Server.emit (node:events:518:28)
    at Server.emit (node:domain:488:12)
    at emitCloseNT (node:net:2314:8)
    at processTicksAndRejections (node:internal/process/task_queues:81:21) {"date":"Mon Aug 26 2024 10:28:43 GMT+0530 (India Standard Time)","error":{"actual":"404","expected":"200","message":"expected 404 to equal 200","name":"AssertionError","operator":"strictEqual","showDiff":true,"stack":"AssertionError: expected 404 to equal 200\n    at Test.<anonymous> (tests\\integration\\notes.test.ts:133:50)\n    at Test.assert (node_modules\\supertest\\lib\\test.js:181:6)\n    at Server.localAssert (node_modules\\supertest\\lib\\test.js:131:12)\n    at Object.onceWrapper (node:events:632:28)\n    at Server.emit (node:events:518:28)\n    at Server.emit (node:domain:488:12)\n    at emitCloseNT (node:net:2314:8)\n    at processTicksAndRejections (node:internal/process/task_queues:81:21)","uncaught":true},"exception":true,"os":{"loadavg":[0,0,0],"uptime":6853.828},"process":{"argv":["C:\\Program Files\\nodejs\\node.exe","D:\\firstProject\\Firstproject\\node_modules\\mocha\\bin\\mocha","--exit","--recursive","--require","ts-node/register","--timeout=5000","tests/**/*.ts"],"cwd":"D:\\firstProject\\Firstproject","execPath":"C:\\Program Files\\nodejs\\node.exe","gid":null,"memoryUsage":{"arrayBuffers":3714424,"external":6756155,"heapTotal":242171904,"heapUsed":215716592,"rss":288731136},"pid":12396,"uid":null,"version":"v20.12.2"},"stack":"AssertionError: expected 404 to equal 200\n    at Test.<anonymous> (tests\\integration\\notes.test.ts:133:50)\n    at Test.assert (node_modules\\supertest\\lib\\test.js:181:6)\n    at Server.localAssert (node_modules\\supertest\\lib\\test.js:131:12)\n    at Object.onceWrapper (node:events:632:28)\n    at Server.emit (node:events:518:28)\n    at Server.emit (node:domain:488:12)\n    at emitCloseNT (node:net:2314:8)\n    at processTicksAndRejections (node:internal/process/task_queues:81:21)","trace":[{"column":50,"file":"tests\\integration\\notes.test.ts","function":null,"line":133,"method":null,"native":false},{"column":6,"file":"node_modules\\supertest\\lib\\test.js","function":"Test.assert","line":181,"method":"assert","native":false},{"column":12,"file":"node_modules\\supertest\\lib\\test.js","function":"Server.localAssert","line":131,"method":"localAssert","native":false},{"column":28,"file":"node:events","function":"Object.onceWrapper","line":632,"method":"onceWrapper","native":false},{"column":28,"file":"node:events","function":"Server.emit","line":518,"method":"emit","native":false},{"column":12,"file":"node:domain","function":"Server.emit","line":488,"method":"emit","native":false},{"column":8,"file":"node:net","function":"emitCloseNT","line":2314,"method":null,"native":false},{"column":21,"file":"node:internal/process/task_queues","function":"processTicksAndRejections","line":81,"method":null,"native":false}]}
error: uncaughtException: expected 404 to equal 200
AssertionError: expected 404 to equal 200
    at Test.<anonymous> (tests\integration\notes.test.ts:133:50)
    at Test.assert (node_modules\supertest\lib\test.js:181:6)
    at Server.localAssert (node_modules\supertest\lib\test.js:131:12)
    at Object.onceWrapper (node:events:632:28)
    at Server.emit (node:events:518:28)
    at Server.emit (node:domain:488:12)
    at emitCloseNT (node:net:2314:8)
    at processTicksAndRejections (node:internal/process/task_queues:81:21) {"date":"Mon Aug 26 2024 10:28:43 GMT+0530 (India Standard Time)","error":{"actual":"404","expected":"200","message":"expected 404 to equal 200","name":"AssertionError","operator":"strictEqual","showDiff":true,"stack":"AssertionError: expected 404 to equal 200\n    at Test.<anonymous> (tests\\integration\\notes.test.ts:133:50)\n    at Test.assert (node_modules\\supertest\\lib\\test.js:181:6)\n    at Server.localAssert (node_modules\\supertest\\lib\\test.js:131:12)\n    at Object.onceWrapper (node:events:632:28)\n    at Server.emit (node:events:518:28)\n    at Server.emit (node:domain:488:12)\n    at emitCloseNT (node:net:2314:8)\n    at processTicksAndRejections (node:internal/process/task_queues:81:21)","uncaught":true},"exception":true,"os":{"loadavg":[0,0,0],"uptime":6853.828},"process":{"argv":["C:\\Program Files\\nodejs\\node.exe","D:\\firstProject\\Firstproject\\node_modules\\mocha\\bin\\mocha","--exit","--recursive","--require","ts-node/register","--timeout=5000","tests/**/*.ts"],"cwd":"D:\\firstProject\\Firstproject","execPath":"C:\\Program Files\\nodejs\\node.exe","gid":null,"memoryUsage":{"arrayBuffers":3722616,"external":6764347,"heapTotal":242171904,"heapUsed":215764440,"rss":288739328},"pid":12396,"uid":null,"version":"v20.12.2"},"stack":"AssertionError: expected 404 to equal 200\n    at Test.<anonymous> (tests\\integration\\notes.test.ts:133:50)\n    at Test.assert (node_modules\\supertest\\lib\\test.js:181:6)\n    at Server.localAssert (node_modules\\supertest\\lib\\test.js:131:12)\n    at Object.onceWrapper (node:events:632:28)\n    at Server.emit (node:events:518:28)\n    at Server.emit (node:domain:488:12)\n    at emitCloseNT (node:net:2314:8)\n    at processTicksAndRejections (node:internal/process/task_queues:81:21)","trace":[{"column":50,"file":"tests\\integration\\notes.test.ts","function":null,"line":133,"method":null,"native":false},{"column":6,"file":"node_modules\\supertest\\lib\\test.js","function":"Test.assert","line":181,"method":"assert","native":false},{"column":12,"file":"node_modules\\supertest\\lib\\test.js","function":"Server.localAssert","line":131,"method":"localAssert","native":false},{"column":28,"file":"node:events","function":"Object.onceWrapper","line":632,"method":"onceWrapper","native":false},{"column":28,"file":"node:events","function":"Server.emit","line":518,"method":"emit","native":false},{"column":12,"file":"node:domain","function":"Server.emit","line":488,"method":"emit","native":false},{"column":8,"file":"node:net","function":"emitCloseNT","line":2314,"method":null,"native":false},{"column":21,"file":"node:internal/process/task_queues","function":"processTicksAndRejections","line":81,"method":null,"native":false}]}
error: uncaughtException: expected 404 to equal 200
AssertionError: expected 404 to equal 200
    at Test.<anonymous> (tests\integration\notes.test.ts:133:50)
    at Test.assert (node_modules\supertest\lib\test.js:181:6)
    at Server.localAssert (node_modules\supertest\lib\test.js:131:12)
    at Object.onceWrapper (node:events:632:28)
    at Server.emit (node:events:518:28)
    at Server.emit (node:domain:488:12)
    at emitCloseNT (node:net:2314:8)
    at processTicksAndRejections (node:internal/process/task_queues:81:21) {"date":"Mon Aug 26 2024 10:28:43 GMT+0530 (India Standard Time)","error":{"actual":"404","expected":"200","message":"expected 404 to equal 200","name":"AssertionError","operator":"strictEqual","showDiff":true,"stack":"AssertionError: expected 404 to equal 200\n    at Test.<anonymous> (tests\\integration\\notes.test.ts:133:50)\n    at Test.assert (node_modules\\supertest\\lib\\test.js:181:6)\n    at Server.localAssert (node_modules\\supertest\\lib\\test.js:131:12)\n    at Object.onceWrapper (node:events:632:28)\n    at Server.emit (node:events:518:28)\n    at Server.emit (node:domain:488:12)\n    at emitCloseNT (node:net:2314:8)\n    at processTicksAndRejections (node:internal/process/task_queues:81:21)","uncaught":true},"exception":true,"os":{"loadavg":[0,0,0],"uptime":6853.828},"process":{"argv":["C:\\Program Files\\nodejs\\node.exe","D:\\firstProject\\Firstproject\\node_modules\\mocha\\bin\\mocha","--exit","--recursive","--require","ts-node/register","--timeout=5000","tests/**/*.ts"],"cwd":"D:\\firstProject\\Firstproject","execPath":"C:\\Program Files\\nodejs\\node.exe","gid":null,"memoryUsage":{"arrayBuffers":3722616,"external":6764347,"heapTotal":242171904,"heapUsed":215812160,"rss":288751616},"pid":12396,"uid":null,"version":"v20.12.2"},"stack":"AssertionError: expected 404 to equal 200\n    at Test.<anonymous> (tests\\integration\\notes.test.ts:133:50)\n    at Test.assert (node_modules\\supertest\\lib\\test.js:181:6)\n    at Server.localAssert (node_modules\\supertest\\lib\\test.js:131:12)\n    at Object.onceWrapper (node:events:632:28)\n    at Server.emit (node:events:518:28)\n    at Server.emit (node:domain:488:12)\n    at emitCloseNT (node:net:2314:8)\n    at processTicksAndRejections (node:internal/process/task_queues:81:21)","trace":[{"column":50,"file":"tests\\integration\\notes.test.ts","function":null,"line":133,"method":null,"native":false},{"column":6,"file":"node_modules\\supertest\\lib\\test.js","function":"Test.assert","line":181,"method":"assert","native":false},{"column":12,"file":"node_modules\\supertest\\lib\\test.js","function":"Server.localAssert","line":131,"method":"localAssert","native":false},{"column":28,"file":"node:events","function":"Object.onceWrapper","line":632,"method":"onceWrapper","native":false},{"column":28,"file":"node:events","function":"Server.emit","line":518,"method":"emit","native":false},{"column":12,"file":"node:domain","function":"Server.emit","line":488,"method":"emit","native":false},{"column":8,"file":"node:net","function":"emitCloseNT","line":2314,"method":null,"native":false},{"column":21,"file":"node:internal/process/task_queues","function":"processTicksAndRejections","line":81,"method":null,"native":false}]}
error: uncaughtException: expected 404 to equal 200
AssertionError: expected 404 to equal 200
    at Test.<anonymous> (tests\integration\notes.test.ts:133:50)
    at Test.assert (node_modules\supertest\lib\test.js:181:6)
    at Server.localAssert (node_modules\supertest\lib\test.js:131:12)
    at Object.onceWrapper (node:events:632:28)
    at Server.emit (node:events:518:28)
    at Server.emit (node:domain:488:12)
    at emitCloseNT (node:net:2314:8)
    at processTicksAndRejections (node:internal/process/task_queues:81:21) {"date":"Mon Aug 26 2024 10:28:43 GMT+0530 (India Standard Time)","error":{"actual":"404","expected":"200","message":"expected 404 to equal 200","name":"AssertionError","operator":"strictEqual","showDiff":true,"stack":"AssertionError: expected 404 to equal 200\n    at Test.<anonymous> (tests\\integration\\notes.test.ts:133:50)\n    at Test.assert (node_modules\\supertest\\lib\\test.js:181:6)\n    at Server.localAssert (node_modules\\supertest\\lib\\test.js:131:12)\n    at Object.onceWrapper (node:events:632:28)\n    at Server.emit (node:events:518:28)\n    at Server.emit (node:domain:488:12)\n    at emitCloseNT (node:net:2314:8)\n    at processTicksAndRejections (node:internal/process/task_queues:81:21)","uncaught":true},"exception":true,"os":{"loadavg":[0,0,0],"uptime":6853.828},"process":{"argv":["C:\\Program Files\\nodejs\\node.exe","D:\\firstProject\\Firstproject\\node_modules\\mocha\\bin\\mocha","--exit","--recursive","--require","ts-node/register","--timeout=5000","tests/**/*.ts"],"cwd":"D:\\firstProject\\Firstproject","execPath":"C:\\Program Files\\nodejs\\node.exe","gid":null,"memoryUsage":{"arrayBuffers":3730808,"external":6772539,"heapTotal":242171904,"heapUsed":215860248,"rss":288751616},"pid":12396,"uid":null,"version":"v20.12.2"},"stack":"AssertionError: expected 404 to equal 200\n    at Test.<anonymous> (tests\\integration\\notes.test.ts:133:50)\n    at Test.assert (node_modules\\supertest\\lib\\test.js:181:6)\n    at Server.localAssert (node_modules\\supertest\\lib\\test.js:131:12)\n    at Object.onceWrapper (node:events:632:28)\n    at Server.emit (node:events:518:28)\n    at Server.emit (node:domain:488:12)\n    at emitCloseNT (node:net:2314:8)\n    at processTicksAndRejections (node:internal/process/task_queues:81:21)","trace":[{"column":50,"file":"tests\\integration\\notes.test.ts","function":null,"line":133,"method":null,"native":false},{"column":6,"file":"node_modules\\supertest\\lib\\test.js","function":"Test.assert","line":181,"method":"assert","native":false},{"column":12,"file":"node_modules\\supertest\\lib\\test.js","function":"Server.localAssert","line":131,"method":"localAssert","native":false},{"column":28,"file":"node:events","function":"Object.onceWrapper","line":632,"method":"onceWrapper","native":false},{"column":28,"file":"node:events","function":"Server.emit","line":518,"method":"emit","native":false},{"column":12,"file":"node:domain","function":"Server.emit","line":488,"method":"emit","native":false},{"column":8,"file":"node:net","function":"emitCloseNT","line":2314,"method":null,"native":false},{"column":21,"file":"node:internal/process/task_queues","function":"processTicksAndRejections","line":81,"method":null,"native":false}]}
error: uncaughtException: expected 404 to equal 200
AssertionError: expected 404 to equal 200
    at Test.<anonymous> (tests\integration\notes.test.ts:133:50)
    at Test.assert (node_modules\supertest\lib\test.js:181:6)
    at Server.localAssert (node_modules\supertest\lib\test.js:131:12)
    at Object.onceWrapper (node:events:632:28)
    at Server.emit (node:events:518:28)
    at Server.emit (node:domain:488:12)
    at emitCloseNT (node:net:2314:8)
    at processTicksAndRejections (node:internal/process/task_queues:81:21) {"date":"Mon Aug 26 2024 10:28:43 GMT+0530 (India Standard Time)","error":{"actual":"404","expected":"200","message":"expected 404 to equal 200","name":"AssertionError","operator":"strictEqual","showDiff":true,"stack":"AssertionError: expected 404 to equal 200\n    at Test.<anonymous> (tests\\integration\\notes.test.ts:133:50)\n    at Test.assert (node_modules\\supertest\\lib\\test.js:181:6)\n    at Server.localAssert (node_modules\\supertest\\lib\\test.js:131:12)\n    at Object.onceWrapper (node:events:632:28)\n    at Server.emit (node:events:518:28)\n    at Server.emit (node:domain:488:12)\n    at emitCloseNT (node:net:2314:8)\n    at processTicksAndRejections (node:internal/process/task_queues:81:21)","uncaught":true},"exception":true,"os":{"loadavg":[0,0,0],"uptime":6853.843},"process":{"argv":["C:\\Program Files\\nodejs\\node.exe","D:\\firstProject\\Firstproject\\node_modules\\mocha\\bin\\mocha","--exit","--recursive","--require","ts-node/register","--timeout=5000","tests/**/*.ts"],"cwd":"D:\\firstProject\\Firstproject","execPath":"C:\\Program Files\\nodejs\\node.exe","gid":null,"memoryUsage":{"arrayBuffers":3730808,"external":6772539,"heapTotal":242171904,"heapUsed":215908304,"rss":288755712},"pid":12396,"uid":null,"version":"v20.12.2"},"stack":"AssertionError: expected 404 to equal 200\n    at Test.<anonymous> (tests\\integration\\notes.test.ts:133:50)\n    at Test.assert (node_modules\\supertest\\lib\\test.js:181:6)\n    at Server.localAssert (node_modules\\supertest\\lib\\test.js:131:12)\n    at Object.onceWrapper (node:events:632:28)\n    at Server.emit (node:events:518:28)\n    at Server.emit (node:domain:488:12)\n    at emitCloseNT (node:net:2314:8)\n    at processTicksAndRejections (node:internal/process/task_queues:81:21)","trace":[{"column":50,"file":"tests\\integration\\notes.test.ts","function":null,"line":133,"method":null,"native":false},{"column":6,"file":"node_modules\\supertest\\lib\\test.js","function":"Test.assert","line":181,"method":"assert","native":false},{"column":12,"file":"node_modules\\supertest\\lib\\test.js","function":"Server.localAssert","line":131,"method":"localAssert","native":false},{"column":28,"file":"node:events","function":"Object.onceWrapper","line":632,"method":"onceWrapper","native":false},{"column":28,"file":"node:events","function":"Server.emit","line":518,"method":"emit","native":false},{"column":12,"file":"node:domain","function":"Server.emit","line":488,"method":"emit","native":false},{"column":8,"file":"node:net","function":"emitCloseNT","line":2314,"method":null,"native":false},{"column":21,"file":"node:internal/process/task_queues","function":"processTicksAndRejections","line":81,"method":null,"native":false}]}
info: ::ffff:127.0.0.1 - - [26/Aug/2024:04:58:43 +0000] "PUT /api/v1/notes/delete/14 HTTP/1.1" 404 47 "-" "node-superagent/3.8.3"

error: uncaughtException: expected 404 to equal 200
AssertionError: expected 404 to equal 200
    at Test.<anonymous> (tests\integration\notes.test.ts:133:50)
    at Test.assert (node_modules\supertest\lib\test.js:181:6)
    at Server.localAssert (node_modules\supertest\lib\test.js:131:12)
    at Object.onceWrapper (node:events:632:28)
    at Server.emit (node:events:518:28)
    at Server.emit (node:domain:488:12)
    at emitCloseNT (node:net:2314:8)
    at processTicksAndRejections (node:internal/process/task_queues:81:21) {"date":"Mon Aug 26 2024 10:28:43 GMT+0530 (India Standard Time)","error":{"actual":"404","expected":"200","message":"expected 404 to equal 200","name":"AssertionError","operator":"strictEqual","showDiff":true,"stack":"AssertionError: expected 404 to equal 200\n    at Test.<anonymous> (tests\\integration\\notes.test.ts:133:50)\n    at Test.assert (node_modules\\supertest\\lib\\test.js:181:6)\n    at Server.localAssert (node_modules\\supertest\\lib\\test.js:131:12)\n    at Object.onceWrapper (node:events:632:28)\n    at Server.emit (node:events:518:28)\n    at Server.emit (node:domain:488:12)\n    at emitCloseNT (node:net:2314:8)\n    at processTicksAndRejections (node:internal/process/task_queues:81:21)","uncaught":true},"exception":true,"os":{"loadavg":[0,0,0],"uptime":6853.843},"process":{"argv":["C:\\Program Files\\nodejs\\node.exe","D:\\firstProject\\Firstproject\\node_modules\\mocha\\bin\\mocha","--exit","--recursive","--require","ts-node/register","--timeout=5000","tests/**/*.ts"],"cwd":"D:\\firstProject\\Firstproject","execPath":"C:\\Program Files\\nodejs\\node.exe","gid":null,"memoryUsage":{"arrayBuffers":3739000,"external":6780731,"heapTotal":242171904,"heapUsed":215956680,"rss":288755712},"pid":12396,"uid":null,"version":"v20.12.2"},"stack":"AssertionError: expected 404 to equal 200\n    at Test.<anonymous> (tests\\integration\\notes.test.ts:133:50)\n    at Test.assert (node_modules\\supertest\\lib\\test.js:181:6)\n    at Server.localAssert (node_modules\\supertest\\lib\\test.js:131:12)\n    at Object.onceWrapper (node:events:632:28)\n    at Server.emit (node:events:518:28)\n    at Server.emit (node:domain:488:12)\n    at emitCloseNT (node:net:2314:8)\n    at processTicksAndRejections (node:internal/process/task_queues:81:21)","trace":[{"column":50,"file":"tests\\integration\\notes.test.ts","function":null,"line":133,"method":null,"native":false},{"column":6,"file":"node_modules\\supertest\\lib\\test.js","function":"Test.assert","line":181,"method":"assert","native":false},{"column":12,"file":"node_modules\\supertest\\lib\\test.js","function":"Server.localAssert","line":131,"method":"localAssert","native":false},{"column":28,"file":"node:events","function":"Object.onceWrapper","line":632,"method":"onceWrapper","native":false},{"column":28,"file":"node:events","function":"Server.emit","line":518,"method":"emit","native":false},{"column":12,"file":"node:domain","function":"Server.emit","line":488,"method":"emit","native":false},{"column":8,"file":"node:net","function":"emitCloseNT","line":2314,"method":null,"native":false},{"column":21,"file":"node:internal/process/task_queues","function":"processTicksAndRejections","line":81,"method":null,"native":false}]}
info: ::ffff:127.0.0.1 - - [26/Aug/2024:04:59:30 +0000] "POST /api/v1/users/login HTTP/1.1" 200 289 "-" "node-superagent/3.8.3"

info: ::ffff:127.0.0.1 - - [26/Aug/2024:04:59:30 +0000] "POST /api/v1/notes HTTP/1.1" 200 271 "-" "node-superagent/3.8.3"

info: ::ffff:127.0.0.1 - - [26/Aug/2024:04:59:30 +0000] "PUT /api/v1/notes/update/14 HTTP/1.1" 200 50 "-" "node-superagent/3.8.3"

info: ::ffff:127.0.0.1 - - [26/Aug/2024:04:59:30 +0000] "GET /api/v1/notes/ HTTP/1.1" 200 2162 "-" "node-superagent/3.8.3"

info: ::ffff:127.0.0.1 - - [26/Aug/2024:04:59:30 +0000] "GET /api/v1/notes/14 HTTP/1.1" 200 255 "-" "node-superagent/3.8.3"

info: ::ffff:127.0.0.1 - - [26/Aug/2024:04:59:30 +0000] "PUT /api/v1/notes/archive/8 HTTP/1.1" 200 261 "-" "node-superagent/3.8.3"

info: ::ffff:127.0.0.1 - - [26/Aug/2024:04:59:30 +0000] "PUT /api/v1/notes/trash/14 HTTP/1.1" 200 269 "-" "node-superagent/3.8.3"

info: ::ffff:127.0.0.1 - - [26/Aug/2024:04:59:30 +0000] "DELETE /api/v1/notes/delete/14 HTTP/1.1" 200 256 "-" "node-superagent/3.8.3"

